<?xml version="1.0" encoding="utf-8"?>
<CoverageSession xmlns:xsd="http://www.w3.org/2001/XMLSchema" xmlns:xsi="http://www.w3.org/2001/XMLSchema-instance" Version="0.0.0.0">
  <Summary numSequencePoints="970" visitedSequencePoints="833" numBranchPoints="0" visitedBranchPoints="0" sequenceCoverage="85.88" branchCoverage="0.0" maxCyclomaticComplexity="0" minCyclomaticComplexity="0" maxCrapScore="0" minCrapScore="0" visitedClasses="27" numClasses="27" visitedMethods="80" numMethods="80" />
  <Modules>
    <Module>
      <Summary numSequencePoints="12" visitedSequencePoints="3" numBranchPoints="0" visitedBranchPoints="0" sequenceCoverage="25.00" branchCoverage="0.0" maxCyclomaticComplexity="0" minCyclomaticComplexity="0" maxCrapScore="0" minCrapScore="0" visitedClasses="1" numClasses="1" visitedMethods="1" numMethods="1" />
      <ModuleTime>0001-01-01T00:00:00</ModuleTime>
      <ModuleName>Assembly-CSharp-Editor</ModuleName>
      <Files>
        <File uid="1" fullPath="C:/dev/unity/Headcrab Miami/Assets/TutorialInfo/Scripts/Editor/ReadmeEditor.cs" />
      </Files>
      <Classes>
        <Class>
          <Summary numSequencePoints="12" visitedSequencePoints="3" numBranchPoints="0" visitedBranchPoints="0" sequenceCoverage="25.00" branchCoverage="0.0" maxCyclomaticComplexity="0" minCyclomaticComplexity="0" maxCrapScore="0" minCrapScore="0" visitedClasses="1" numClasses="1" visitedMethods="1" numMethods="1" />
          <FullName>ReadmeEditor</FullName>
          <Methods>
            <Method visited="true" cyclomaticComplexity="0" nPathComplexity="0" sequenceCoverage="25.00" branchCoverage="0" crapScore="0" isConstructor="false" isStatic="true" isGetter="false" isSetter="false">
              <Summary numSequencePoints="12" visitedSequencePoints="3" numBranchPoints="0" visitedBranchPoints="0" sequenceCoverage="25.00" branchCoverage="0" maxCyclomaticComplexity="0" minCyclomaticComplexity="0" maxCrapScore="0" minCrapScore="0" visitedClasses="0" numClasses="0" visitedMethods="1" numMethods="1" />
              <MetadataToken>100663299</MetadataToken>
              <Name>static System.Void ReadmeEditor::SelectReadmeAutomatically()</Name>
              <FileRef uid="1" />
              <SequencePoints>
                <SequencePoint vc="1" uspid="22" ordinal="0" offset="0" sl="55" sc="5" el="55" ec="5" bec="0" bev="0" fileid="1" />
                <SequencePoint vc="1" uspid="23" ordinal="0" offset="1" sl="56" sc="9" el="56" ec="9" bec="0" bev="0" fileid="1" />
                <SequencePoint vc="0" uspid="24" ordinal="0" offset="19" sl="57" sc="9" el="57" ec="9" bec="0" bev="0" fileid="1" />
                <SequencePoint vc="0" uspid="25" ordinal="0" offset="20" sl="58" sc="13" el="58" ec="13" bec="0" bev="0" fileid="1" />
                <SequencePoint vc="0" uspid="26" ordinal="0" offset="26" sl="59" sc="13" el="59" ec="13" bec="0" bev="0" fileid="1" />
                <SequencePoint vc="0" uspid="27" ordinal="0" offset="38" sl="61" sc="13" el="61" ec="13" bec="0" bev="0" fileid="1" />
                <SequencePoint vc="0" uspid="28" ordinal="0" offset="62" sl="62" sc="13" el="62" ec="13" bec="0" bev="0" fileid="1" />
                <SequencePoint vc="0" uspid="29" ordinal="0" offset="63" sl="63" sc="17" el="63" ec="17" bec="0" bev="0" fileid="1" />
                <SequencePoint vc="0" uspid="30" ordinal="0" offset="69" sl="64" sc="17" el="64" ec="17" bec="0" bev="0" fileid="1" />
                <SequencePoint vc="0" uspid="31" ordinal="0" offset="76" sl="65" sc="13" el="65" ec="13" bec="0" bev="0" fileid="1" />
                <SequencePoint vc="0" uspid="32" ordinal="0" offset="77" sl="66" sc="9" el="66" ec="9" bec="0" bev="0" fileid="1" />
                <SequencePoint vc="1" uspid="33" ordinal="0" offset="78" sl="67" sc="5" el="67" ec="5" bec="0" bev="0" fileid="1" />
              </SequencePoints>
              <BranchPoints />
            </Method>
          </Methods>
        </Class>
      </Classes>
    </Module>
    <Module>
      <Summary numSequencePoints="315" visitedSequencePoints="287" numBranchPoints="0" visitedBranchPoints="0" sequenceCoverage="91.11" branchCoverage="0.0" maxCyclomaticComplexity="0" minCyclomaticComplexity="0" maxCrapScore="0" minCrapScore="0" visitedClasses="4" numClasses="4" visitedMethods="39" numMethods="39" />
      <ModuleTime>0001-01-01T00:00:00</ModuleTime>
      <ModuleName>Assembly-CSharp</ModuleName>
      <Files>
        <File uid="2" fullPath="C:/dev/unity/Headcrab Miami/Assets/Scripts/CameraFollow.cs" />
        <File uid="3" fullPath="C:/dev/unity/Headcrab Miami/Assets/Scripts/EnemyController.cs" />
        <File uid="4" fullPath="C:/dev/unity/Headcrab Miami/Assets/Scripts/PlayerController.cs" />
        <File uid="5" fullPath="C:/dev/unity/Headcrab Miami/Assets/Scripts/TrajectoryPreview.cs" />
      </Files>
      <Classes>
        <Class>
          <Summary numSequencePoints="92" visitedSequencePoints="89" numBranchPoints="0" visitedBranchPoints="0" sequenceCoverage="96.74" branchCoverage="0.0" maxCyclomaticComplexity="0" minCyclomaticComplexity="0" maxCrapScore="0" minCrapScore="0" visitedClasses="1" numClasses="1" visitedMethods="10" numMethods="10" />
          <FullName>CameraFollow</FullName>
          <Methods>
            <Method visited="true" cyclomaticComplexity="0" nPathComplexity="0" sequenceCoverage="100.0" branchCoverage="0" crapScore="0" isConstructor="false" isStatic="false" isGetter="false" isSetter="false">
              <Summary numSequencePoints="3" visitedSequencePoints="3" numBranchPoints="0" visitedBranchPoints="0" sequenceCoverage="100.0" branchCoverage="0" maxCyclomaticComplexity="0" minCyclomaticComplexity="0" maxCrapScore="0" minCrapScore="0" visitedClasses="0" numClasses="0" visitedMethods="1" numMethods="1" />
              <MetadataToken>100663297</MetadataToken>
              <Name>System.Void CameraFollow::Start()</Name>
              <FileRef uid="2" />
              <SequencePoints>
                <SequencePoint vc="5" uspid="154" ordinal="0" offset="0" sl="39" sc="5" el="39" ec="5" bec="0" bev="0" fileid="2" />
                <SequencePoint vc="5" uspid="155" ordinal="0" offset="1" sl="40" sc="9" el="40" ec="9" bec="0" bev="0" fileid="2" />
                <SequencePoint vc="5" uspid="156" ordinal="0" offset="12" sl="41" sc="5" el="41" ec="5" bec="0" bev="0" fileid="2" />
              </SequencePoints>
              <BranchPoints />
            </Method>
            <Method visited="true" cyclomaticComplexity="0" nPathComplexity="0" sequenceCoverage="75.00" branchCoverage="0" crapScore="0" isConstructor="false" isStatic="false" isGetter="false" isSetter="false">
              <Summary numSequencePoints="8" visitedSequencePoints="6" numBranchPoints="0" visitedBranchPoints="0" sequenceCoverage="75.00" branchCoverage="0" maxCyclomaticComplexity="0" minCyclomaticComplexity="0" maxCrapScore="0" minCrapScore="0" visitedClasses="0" numClasses="0" visitedMethods="1" numMethods="1" />
              <MetadataToken>100663298</MetadataToken>
              <Name>System.Void CameraFollow::Update()</Name>
              <FileRef uid="2" />
              <SequencePoints>
                <SequencePoint vc="259" uspid="157" ordinal="0" offset="0" sl="44" sc="5" el="44" ec="5" bec="0" bev="0" fileid="2" />
                <SequencePoint vc="259" uspid="158" ordinal="0" offset="1" sl="45" sc="9" el="45" ec="9" bec="0" bev="0" fileid="2" />
                <SequencePoint vc="101" uspid="159" ordinal="0" offset="11" sl="46" sc="13" el="46" ec="13" bec="0" bev="0" fileid="2" />
                <SequencePoint vc="158" uspid="160" ordinal="0" offset="13" sl="48" sc="9" el="48" ec="9" bec="0" bev="0" fileid="2" />
                <SequencePoint vc="0" uspid="161" ordinal="0" offset="23" sl="49" sc="13" el="49" ec="13" bec="0" bev="0" fileid="2" />
                <SequencePoint vc="158" uspid="162" ordinal="0" offset="30" sl="51" sc="9" el="51" ec="9" bec="0" bev="0" fileid="2" />
                <SequencePoint vc="0" uspid="163" ordinal="0" offset="40" sl="52" sc="13" el="52" ec="13" bec="0" bev="0" fileid="2" />
                <SequencePoint vc="259" uspid="164" ordinal="0" offset="47" sl="53" sc="5" el="53" ec="5" bec="0" bev="0" fileid="2" />
              </SequencePoints>
              <BranchPoints />
            </Method>
            <Method visited="true" cyclomaticComplexity="0" nPathComplexity="0" sequenceCoverage="100.0" branchCoverage="0" crapScore="0" isConstructor="false" isStatic="false" isGetter="false" isSetter="false">
              <Summary numSequencePoints="30" visitedSequencePoints="30" numBranchPoints="0" visitedBranchPoints="0" sequenceCoverage="100.0" branchCoverage="0" maxCyclomaticComplexity="0" minCyclomaticComplexity="0" maxCrapScore="0" minCrapScore="0" visitedClasses="0" numClasses="0" visitedMethods="1" numMethods="1" />
              <MetadataToken>100663299</MetadataToken>
              <Name>System.Void CameraFollow::LateUpdate()</Name>
              <FileRef uid="2" />
              <SequencePoints>
                <SequencePoint vc="356" uspid="165" ordinal="0" offset="0" sl="56" sc="5" el="56" ec="5" bec="0" bev="0" fileid="2" />
                <SequencePoint vc="356" uspid="166" ordinal="0" offset="1" sl="57" sc="9" el="57" ec="9" bec="0" bev="0" fileid="2" />
                <SequencePoint vc="4" uspid="167" ordinal="0" offset="17" sl="58" sc="13" el="58" ec="13" bec="0" bev="0" fileid="2" />
                <SequencePoint vc="352" uspid="168" ordinal="0" offset="22" sl="60" sc="9" el="60" ec="9" bec="0" bev="0" fileid="2" />
                <SequencePoint vc="138" uspid="169" ordinal="0" offset="32" sl="61" sc="9" el="61" ec="9" bec="0" bev="0" fileid="2" />
                <SequencePoint vc="138" uspid="170" ordinal="0" offset="33" sl="62" sc="13" el="62" ec="13" bec="0" bev="0" fileid="2" />
                <SequencePoint vc="138" uspid="171" ordinal="0" offset="40" sl="63" sc="13" el="63" ec="13" bec="0" bev="0" fileid="2" />
                <SequencePoint vc="214" uspid="172" ordinal="0" offset="45" sl="66" sc="9" el="66" ec="9" bec="0" bev="0" fileid="2" />
                <SequencePoint vc="214" uspid="173" ordinal="0" offset="52" sl="69" sc="9" el="69" ec="9" bec="0" bev="0" fileid="2" />
                <SequencePoint vc="214" uspid="174" ordinal="0" offset="102" sl="75" sc="9" el="75" ec="9" bec="0" bev="0" fileid="2" />
                <SequencePoint vc="213" uspid="175" ordinal="0" offset="120" sl="76" sc="9" el="76" ec="9" bec="0" bev="0" fileid="2" />
                <SequencePoint vc="213" uspid="176" ordinal="0" offset="121" sl="77" sc="13" el="77" ec="13" bec="0" bev="0" fileid="2" />
                <SequencePoint vc="213" uspid="177" ordinal="0" offset="140" sl="78" sc="13" el="78" ec="13" bec="0" bev="0" fileid="2" />
                <SequencePoint vc="213" uspid="178" ordinal="0" offset="152" sl="80" sc="13" el="80" ec="13" bec="0" bev="0" fileid="2" />
                <SequencePoint vc="213" uspid="179" ordinal="0" offset="159" sl="81" sc="13" el="81" ec="13" bec="0" bev="0" fileid="2" />
                <SequencePoint vc="208" uspid="180" ordinal="0" offset="179" sl="82" sc="17" el="82" ec="17" bec="0" bev="0" fileid="2" />
                <SequencePoint vc="213" uspid="181" ordinal="0" offset="199" sl="84" sc="13" el="84" ec="13" bec="0" bev="0" fileid="2" />
                <SequencePoint vc="213" uspid="182" ordinal="0" offset="209" sl="86" sc="13" el="86" ec="13" bec="0" bev="0" fileid="2" />
                <SequencePoint vc="213" uspid="183" ordinal="0" offset="251" sl="92" sc="9" el="92" ec="9" bec="0" bev="0" fileid="2" />
                <SequencePoint vc="1" uspid="184" ordinal="0" offset="257" sl="94" sc="9" el="94" ec="9" bec="0" bev="0" fileid="2" />
                <SequencePoint vc="1" uspid="185" ordinal="0" offset="258" sl="95" sc="13" el="95" ec="13" bec="0" bev="0" fileid="2" />
                <SequencePoint vc="1" uspid="186" ordinal="0" offset="277" sl="96" sc="13" el="96" ec="13" bec="0" bev="0" fileid="2" />
                <SequencePoint vc="1" uspid="187" ordinal="0" offset="289" sl="98" sc="13" el="98" ec="13" bec="0" bev="0" fileid="2" />
                <SequencePoint vc="1" uspid="188" ordinal="0" offset="310" sl="99" sc="17" el="99" ec="17" bec="0" bev="0" fileid="2" />
                <SequencePoint vc="1" uspid="189" ordinal="0" offset="330" sl="101" sc="13" el="101" ec="13" bec="0" bev="0" fileid="2" />
                <SequencePoint vc="1" uspid="190" ordinal="0" offset="350" sl="103" sc="13" el="103" ec="13" bec="0" bev="0" fileid="2" />
                <SequencePoint vc="1" uspid="191" ordinal="0" offset="376" sl="109" sc="13" el="109" ec="13" bec="0" bev="0" fileid="2" />
                <SequencePoint vc="1" uspid="192" ordinal="0" offset="403" sl="115" sc="13" el="115" ec="13" bec="0" bev="0" fileid="2" />
                <SequencePoint vc="1" uspid="193" ordinal="0" offset="445" sl="121" sc="9" el="121" ec="9" bec="0" bev="0" fileid="2" />
                <SequencePoint vc="356" uspid="194" ordinal="0" offset="446" sl="122" sc="5" el="122" ec="5" bec="0" bev="0" fileid="2" />
              </SequencePoints>
              <BranchPoints />
            </Method>
            <Method visited="true" cyclomaticComplexity="0" nPathComplexity="0" sequenceCoverage="100.0" branchCoverage="0" crapScore="0" isConstructor="false" isStatic="false" isGetter="false" isSetter="false">
              <Summary numSequencePoints="9" visitedSequencePoints="9" numBranchPoints="0" visitedBranchPoints="0" sequenceCoverage="100.0" branchCoverage="0" maxCyclomaticComplexity="0" minCyclomaticComplexity="0" maxCrapScore="0" minCrapScore="0" visitedClasses="0" numClasses="0" visitedMethods="1" numMethods="1" />
              <MetadataToken>100663300</MetadataToken>
              <Name>System.Void CameraFollow::UpdateJumpingCamera()</Name>
              <FileRef uid="2" />
              <SequencePoints>
                <SequencePoint vc="138" uspid="195" ordinal="0" offset="0" sl="125" sc="5" el="125" ec="5" bec="0" bev="0" fileid="2" />
                <SequencePoint vc="138" uspid="196" ordinal="0" offset="1" sl="126" sc="9" el="126" ec="9" bec="0" bev="0" fileid="2" />
                <SequencePoint vc="138" uspid="197" ordinal="0" offset="19" sl="127" sc="9" el="127" ec="9" bec="0" bev="0" fileid="2" />
                <SequencePoint vc="138" uspid="198" ordinal="0" offset="38" sl="130" sc="9" el="130" ec="9" bec="0" bev="0" fileid="2" />
                <SequencePoint vc="138" uspid="199" ordinal="0" offset="62" sl="133" sc="9" el="133" ec="9" bec="0" bev="0" fileid="2" />
                <SequencePoint vc="138" uspid="200" ordinal="0" offset="102" sl="140" sc="9" el="140" ec="9" bec="0" bev="0" fileid="2" />
                <SequencePoint vc="138" uspid="201" ordinal="0" offset="143" sl="147" sc="9" el="147" ec="9" bec="0" bev="0" fileid="2" />
                <SequencePoint vc="1" uspid="202" ordinal="0" offset="158" sl="148" sc="13" el="148" ec="13" bec="0" bev="0" fileid="2" />
                <SequencePoint vc="138" uspid="203" ordinal="0" offset="165" sl="149" sc="5" el="149" ec="5" bec="0" bev="0" fileid="2" />
              </SequencePoints>
              <BranchPoints />
            </Method>
            <Method visited="true" cyclomaticComplexity="0" nPathComplexity="0" sequenceCoverage="91.67" branchCoverage="0" crapScore="0" isConstructor="false" isStatic="false" isGetter="false" isSetter="false">
              <Summary numSequencePoints="12" visitedSequencePoints="11" numBranchPoints="0" visitedBranchPoints="0" sequenceCoverage="91.67" branchCoverage="0" maxCyclomaticComplexity="0" minCyclomaticComplexity="0" maxCrapScore="0" minCrapScore="0" visitedClasses="0" numClasses="0" visitedMethods="1" numMethods="1" />
              <MetadataToken>100663301</MetadataToken>
              <Name>System.Void CameraFollow::SetJumping(System.Boolean, System.Single)</Name>
              <FileRef uid="2" />
              <SequencePoints>
                <SequencePoint vc="10" uspid="204" ordinal="0" offset="0" sl="153" sc="5" el="153" ec="5" bec="0" bev="0" fileid="2" />
                <SequencePoint vc="10" uspid="205" ordinal="0" offset="1" sl="154" sc="9" el="154" ec="9" bec="0" bev="0" fileid="2" />
                <SequencePoint vc="10" uspid="206" ordinal="0" offset="8" sl="155" sc="9" el="155" ec="9" bec="0" bev="0" fileid="2" />
                <SequencePoint vc="10" uspid="207" ordinal="0" offset="15" sl="156" sc="9" el="156" ec="9" bec="0" bev="0" fileid="2" />
                <SequencePoint vc="10" uspid="208" ordinal="0" offset="26" sl="158" sc="9" el="158" ec="9" bec="0" bev="0" fileid="2" />
                <SequencePoint vc="4" uspid="209" ordinal="0" offset="31" sl="159" sc="9" el="159" ec="9" bec="0" bev="0" fileid="2" />
                <SequencePoint vc="4" uspid="210" ordinal="0" offset="32" sl="160" sc="13" el="160" ec="13" bec="0" bev="0" fileid="2" />
                <SequencePoint vc="4" uspid="211" ordinal="0" offset="49" sl="161" sc="13" el="161" ec="13" bec="0" bev="0" fileid="2" />
                <SequencePoint vc="4" uspid="212" ordinal="0" offset="71" sl="163" sc="13" el="163" ec="13" bec="0" bev="0" fileid="2" />
                <SequencePoint vc="0" uspid="213" ordinal="0" offset="81" sl="164" sc="17" el="164" ec="17" bec="0" bev="0" fileid="2" />
                <SequencePoint vc="4" uspid="214" ordinal="0" offset="88" sl="165" sc="9" el="165" ec="9" bec="0" bev="0" fileid="2" />
                <SequencePoint vc="10" uspid="215" ordinal="0" offset="89" sl="166" sc="5" el="166" ec="5" bec="0" bev="0" fileid="2" />
              </SequencePoints>
              <BranchPoints />
            </Method>
            <Method visited="true" cyclomaticComplexity="0" nPathComplexity="0" sequenceCoverage="100.0" branchCoverage="0" crapScore="0" isConstructor="false" isStatic="false" isGetter="false" isSetter="false">
              <Summary numSequencePoints="5" visitedSequencePoints="5" numBranchPoints="0" visitedBranchPoints="0" sequenceCoverage="100.0" branchCoverage="0" maxCyclomaticComplexity="0" minCyclomaticComplexity="0" maxCrapScore="0" minCrapScore="0" visitedClasses="0" numClasses="0" visitedMethods="1" numMethods="1" />
              <MetadataToken>100663302</MetadataToken>
              <Name>System.Void CameraFollow::EnterAimMode()</Name>
              <FileRef uid="2" />
              <SequencePoints>
                <SequencePoint vc="1" uspid="216" ordinal="0" offset="0" sl="170" sc="5" el="170" ec="5" bec="0" bev="0" fileid="2" />
                <SequencePoint vc="1" uspid="217" ordinal="0" offset="1" sl="171" sc="9" el="171" ec="9" bec="0" bev="0" fileid="2" />
                <SequencePoint vc="1" uspid="218" ordinal="0" offset="8" sl="172" sc="9" el="172" ec="9" bec="0" bev="0" fileid="2" />
                <SequencePoint vc="1" uspid="219" ordinal="0" offset="20" sl="173" sc="9" el="173" ec="9" bec="0" bev="0" fileid="2" />
                <SequencePoint vc="1" uspid="220" ordinal="0" offset="37" sl="174" sc="5" el="174" ec="5" bec="0" bev="0" fileid="2" />
              </SequencePoints>
              <BranchPoints />
            </Method>
            <Method visited="true" cyclomaticComplexity="0" nPathComplexity="0" sequenceCoverage="100.0" branchCoverage="0" crapScore="0" isConstructor="false" isStatic="false" isGetter="false" isSetter="false">
              <Summary numSequencePoints="5" visitedSequencePoints="5" numBranchPoints="0" visitedBranchPoints="0" sequenceCoverage="100.0" branchCoverage="0" maxCyclomaticComplexity="0" minCyclomaticComplexity="0" maxCrapScore="0" minCrapScore="0" visitedClasses="0" numClasses="0" visitedMethods="1" numMethods="1" />
              <MetadataToken>100663303</MetadataToken>
              <Name>System.Void CameraFollow::ExitAimMode()</Name>
              <FileRef uid="2" />
              <SequencePoints>
                <SequencePoint vc="1" uspid="221" ordinal="0" offset="0" sl="177" sc="5" el="177" ec="5" bec="0" bev="0" fileid="2" />
                <SequencePoint vc="1" uspid="222" ordinal="0" offset="1" sl="178" sc="9" el="178" ec="9" bec="0" bev="0" fileid="2" />
                <SequencePoint vc="1" uspid="223" ordinal="0" offset="8" sl="179" sc="9" el="179" ec="9" bec="0" bev="0" fileid="2" />
                <SequencePoint vc="1" uspid="224" ordinal="0" offset="19" sl="180" sc="9" el="180" ec="9" bec="0" bev="0" fileid="2" />
                <SequencePoint vc="1" uspid="225" ordinal="0" offset="30" sl="181" sc="5" el="181" ec="5" bec="0" bev="0" fileid="2" />
              </SequencePoints>
              <BranchPoints />
            </Method>
            <Method visited="true" cyclomaticComplexity="0" nPathComplexity="0" sequenceCoverage="100.0" branchCoverage="0" crapScore="0" isConstructor="false" isStatic="false" isGetter="false" isSetter="false">
              <Summary numSequencePoints="7" visitedSequencePoints="7" numBranchPoints="0" visitedBranchPoints="0" sequenceCoverage="100.0" branchCoverage="0" maxCyclomaticComplexity="0" minCyclomaticComplexity="0" maxCrapScore="0" minCrapScore="0" visitedClasses="0" numClasses="0" visitedMethods="1" numMethods="1" />
              <MetadataToken>100663304</MetadataToken>
              <Name>UnityEngine.Vector3 CameraFollow::GetMouseWorldPosition()</Name>
              <FileRef uid="2" />
              <SequencePoints>
                <SequencePoint vc="214" uspid="226" ordinal="0" offset="0" sl="184" sc="5" el="184" ec="5" bec="0" bev="0" fileid="2" />
                <SequencePoint vc="214" uspid="227" ordinal="0" offset="1" sl="185" sc="9" el="185" ec="9" bec="0" bev="0" fileid="2" />
                <SequencePoint vc="214" uspid="228" ordinal="0" offset="18" sl="186" sc="9" el="186" ec="9" bec="0" bev="0" fileid="2" />
                <SequencePoint vc="214" uspid="229" ordinal="0" offset="35" sl="188" sc="9" el="188" ec="9" bec="0" bev="0" fileid="2" />
                <SequencePoint vc="209" uspid="230" ordinal="0" offset="49" sl="189" sc="13" el="189" ec="13" bec="0" bev="0" fileid="2" />
                <SequencePoint vc="5" uspid="231" ordinal="0" offset="61" sl="191" sc="9" el="191" ec="9" bec="0" bev="0" fileid="2" />
                <SequencePoint vc="214" uspid="232" ordinal="0" offset="76" sl="192" sc="5" el="192" ec="5" bec="0" bev="0" fileid="2" />
              </SequencePoints>
              <BranchPoints />
            </Method>
            <Method visited="true" cyclomaticComplexity="0" nPathComplexity="0" sequenceCoverage="100.0" branchCoverage="0" crapScore="0" isConstructor="false" isStatic="false" isGetter="false" isSetter="false">
              <Summary numSequencePoints="3" visitedSequencePoints="3" numBranchPoints="0" visitedBranchPoints="0" sequenceCoverage="100.0" branchCoverage="0" maxCyclomaticComplexity="0" minCyclomaticComplexity="0" maxCrapScore="0" minCrapScore="0" visitedClasses="0" numClasses="0" visitedMethods="1" numMethods="1" />
              <MetadataToken>100663305</MetadataToken>
              <Name>System.Void CameraFollow::SetTarget(UnityEngine.Transform)</Name>
              <FileRef uid="2" />
              <SequencePoints>
                <SequencePoint vc="3" uspid="233" ordinal="0" offset="0" sl="195" sc="5" el="195" ec="5" bec="0" bev="0" fileid="2" />
                <SequencePoint vc="3" uspid="234" ordinal="0" offset="1" sl="196" sc="9" el="196" ec="9" bec="0" bev="0" fileid="2" />
                <SequencePoint vc="3" uspid="235" ordinal="0" offset="8" sl="197" sc="5" el="197" ec="5" bec="0" bev="0" fileid="2" />
              </SequencePoints>
              <BranchPoints />
            </Method>
            <Method visited="true" cyclomaticComplexity="0" nPathComplexity="0" sequenceCoverage="100.0" branchCoverage="0" crapScore="0" isConstructor="true" isStatic="false" isGetter="false" isSetter="false">
              <Summary numSequencePoints="10" visitedSequencePoints="10" numBranchPoints="0" visitedBranchPoints="0" sequenceCoverage="100.0" branchCoverage="0" maxCyclomaticComplexity="0" minCyclomaticComplexity="0" maxCrapScore="0" minCrapScore="0" visitedClasses="0" numClasses="0" visitedMethods="1" numMethods="1" />
              <MetadataToken>100663306</MetadataToken>
              <Name>CameraFollow::CameraFollow()</Name>
              <FileRef uid="2" />
              <SequencePoints>
                <SequencePoint vc="12" uspid="236" ordinal="0" offset="0" sl="9" sc="22" el="9" ec="22" bec="0" bev="0" fileid="2" />
                <SequencePoint vc="12" uspid="237" ordinal="0" offset="26" sl="12" sc="22" el="12" ec="22" bec="0" bev="0" fileid="2" />
                <SequencePoint vc="12" uspid="238" ordinal="0" offset="37" sl="13" sc="22" el="13" ec="22" bec="0" bev="0" fileid="2" />
                <SequencePoint vc="12" uspid="239" ordinal="0" offset="48" sl="16" sc="22" el="16" ec="22" bec="0" bev="0" fileid="2" />
                <SequencePoint vc="12" uspid="240" ordinal="0" offset="59" sl="17" sc="22" el="17" ec="22" bec="0" bev="0" fileid="2" />
                <SequencePoint vc="12" uspid="241" ordinal="0" offset="70" sl="18" sc="22" el="18" ec="22" bec="0" bev="0" fileid="2" />
                <SequencePoint vc="12" uspid="242" ordinal="0" offset="81" sl="19" sc="22" el="19" ec="22" bec="0" bev="0" fileid="2" />
                <SequencePoint vc="12" uspid="243" ordinal="0" offset="92" sl="22" sc="22" el="22" ec="22" bec="0" bev="0" fileid="2" />
                <SequencePoint vc="12" uspid="244" ordinal="0" offset="103" sl="27" sc="5" el="27" ec="5" bec="0" bev="0" fileid="2" />
                <SequencePoint vc="12" uspid="245" ordinal="0" offset="110" sl="28" sc="5" el="28" ec="5" bec="0" bev="0" fileid="2" />
              </SequencePoints>
              <BranchPoints />
            </Method>
          </Methods>
        </Class>
        <Class>
          <Summary numSequencePoints="11" visitedSequencePoints="11" numBranchPoints="0" visitedBranchPoints="0" sequenceCoverage="100.0" branchCoverage="0.0" maxCyclomaticComplexity="0" minCyclomaticComplexity="0" maxCrapScore="0" minCrapScore="0" visitedClasses="1" numClasses="1" visitedMethods="5" numMethods="5" />
          <FullName>EnemyController</FullName>
          <Methods>
            <Method visited="true" cyclomaticComplexity="0" nPathComplexity="0" sequenceCoverage="100.0" branchCoverage="0" crapScore="0" isConstructor="false" isStatic="false" isGetter="true" isSetter="false">
              <Summary numSequencePoints="1" visitedSequencePoints="1" numBranchPoints="0" visitedBranchPoints="0" sequenceCoverage="100.0" branchCoverage="0" maxCyclomaticComplexity="0" minCyclomaticComplexity="0" maxCrapScore="0" minCrapScore="0" visitedClasses="0" numClasses="0" visitedMethods="1" numMethods="1" />
              <MetadataToken>100663307</MetadataToken>
              <Name>System.Boolean EnemyController::get_CanBePossessed()</Name>
              <FileRef uid="3" />
              <SequencePoints>
                <SequencePoint vc="1" uspid="246" ordinal="0" offset="0" sl="5" sc="35" el="5" ec="35" bec="0" bev="0" fileid="3" />
              </SequencePoints>
              <BranchPoints />
            </Method>
            <Method visited="true" cyclomaticComplexity="0" nPathComplexity="0" sequenceCoverage="100.0" branchCoverage="0" crapScore="0" isConstructor="false" isStatic="false" isGetter="false" isSetter="false">
              <Summary numSequencePoints="4" visitedSequencePoints="4" numBranchPoints="0" visitedBranchPoints="0" sequenceCoverage="100.0" branchCoverage="0" maxCyclomaticComplexity="0" minCyclomaticComplexity="0" maxCrapScore="0" minCrapScore="0" visitedClasses="0" numClasses="0" visitedMethods="1" numMethods="1" />
              <MetadataToken>100663308</MetadataToken>
              <Name>System.Void EnemyController::OnPossessed()</Name>
              <FileRef uid="3" />
              <SequencePoints>
                <SequencePoint vc="10" uspid="247" ordinal="0" offset="0" sl="10" sc="5" el="10" ec="5" bec="0" bev="0" fileid="3" />
                <SequencePoint vc="10" uspid="248" ordinal="0" offset="1" sl="11" sc="9" el="11" ec="9" bec="0" bev="0" fileid="3" />
                <SequencePoint vc="10" uspid="249" ordinal="0" offset="8" sl="12" sc="9" el="12" ec="9" bec="0" bev="0" fileid="3" />
                <SequencePoint vc="10" uspid="250" ordinal="0" offset="30" sl="13" sc="5" el="13" ec="5" bec="0" bev="0" fileid="3" />
              </SequencePoints>
              <BranchPoints />
            </Method>
            <Method visited="true" cyclomaticComplexity="0" nPathComplexity="0" sequenceCoverage="100.0" branchCoverage="0" crapScore="0" isConstructor="false" isStatic="false" isGetter="false" isSetter="false">
              <Summary numSequencePoints="4" visitedSequencePoints="4" numBranchPoints="0" visitedBranchPoints="0" sequenceCoverage="100.0" branchCoverage="0" maxCyclomaticComplexity="0" minCyclomaticComplexity="0" maxCrapScore="0" minCrapScore="0" visitedClasses="0" numClasses="0" visitedMethods="1" numMethods="1" />
              <MetadataToken>100663309</MetadataToken>
              <Name>System.Void EnemyController::OnReleased()</Name>
              <FileRef uid="3" />
              <SequencePoints>
                <SequencePoint vc="6" uspid="251" ordinal="0" offset="0" sl="16" sc="5" el="16" ec="5" bec="0" bev="0" fileid="3" />
                <SequencePoint vc="6" uspid="252" ordinal="0" offset="1" sl="17" sc="9" el="17" ec="9" bec="0" bev="0" fileid="3" />
                <SequencePoint vc="6" uspid="253" ordinal="0" offset="8" sl="18" sc="9" el="18" ec="9" bec="0" bev="0" fileid="3" />
                <SequencePoint vc="6" uspid="254" ordinal="0" offset="30" sl="19" sc="5" el="19" ec="5" bec="0" bev="0" fileid="3" />
              </SequencePoints>
              <BranchPoints />
            </Method>
            <Method visited="true" cyclomaticComplexity="0" nPathComplexity="0" sequenceCoverage="100.0" branchCoverage="0" crapScore="0" isConstructor="false" isStatic="false" isGetter="true" isSetter="false">
              <Summary numSequencePoints="1" visitedSequencePoints="1" numBranchPoints="0" visitedBranchPoints="0" sequenceCoverage="100.0" branchCoverage="0" maxCyclomaticComplexity="0" minCyclomaticComplexity="0" maxCrapScore="0" minCrapScore="0" visitedClasses="0" numClasses="0" visitedMethods="1" numMethods="1" />
              <MetadataToken>100663310</MetadataToken>
              <Name>System.Boolean EnemyController::get_IsPossessed()</Name>
              <FileRef uid="3" />
              <SequencePoints>
                <SequencePoint vc="8" uspid="255" ordinal="0" offset="0" sl="21" sc="32" el="21" ec="32" bec="0" bev="0" fileid="3" />
              </SequencePoints>
              <BranchPoints />
            </Method>
            <Method visited="true" cyclomaticComplexity="0" nPathComplexity="0" sequenceCoverage="100.0" branchCoverage="0" crapScore="0" isConstructor="true" isStatic="false" isGetter="false" isSetter="false">
              <Summary numSequencePoints="1" visitedSequencePoints="1" numBranchPoints="0" visitedBranchPoints="0" sequenceCoverage="100.0" branchCoverage="0" maxCyclomaticComplexity="0" minCyclomaticComplexity="0" maxCrapScore="0" minCrapScore="0" visitedClasses="0" numClasses="0" visitedMethods="1" numMethods="1" />
              <MetadataToken>100663311</MetadataToken>
              <Name>EnemyController::EnemyController()</Name>
              <FileRef uid="3" />
              <SequencePoints>
                <SequencePoint vc="11" uspid="256" ordinal="0" offset="0" sl="7" sc="5" el="7" ec="5" bec="0" bev="0" fileid="3" />
              </SequencePoints>
              <BranchPoints />
            </Method>
          </Methods>
        </Class>
        <Class>
          <Summary numSequencePoints="210" visitedSequencePoints="185" numBranchPoints="0" visitedBranchPoints="0" sequenceCoverage="88.10" branchCoverage="0.0" maxCyclomaticComplexity="0" minCyclomaticComplexity="0" maxCrapScore="0" minCrapScore="0" visitedClasses="1" numClasses="1" visitedMethods="23" numMethods="23" />
          <FullName>PlayerController</FullName>
          <Methods>
            <Method visited="true" cyclomaticComplexity="0" nPathComplexity="0" sequenceCoverage="100.0" branchCoverage="0" crapScore="0" isConstructor="false" isStatic="false" isGetter="true" isSetter="false">
              <Summary numSequencePoints="1" visitedSequencePoints="1" numBranchPoints="0" visitedBranchPoints="0" sequenceCoverage="100.0" branchCoverage="0" maxCyclomaticComplexity="0" minCyclomaticComplexity="0" maxCrapScore="0" minCrapScore="0" visitedClasses="0" numClasses="0" visitedMethods="1" numMethods="1" />
              <MetadataToken>100663312</MetadataToken>
              <Name>PlayerState PlayerController::get_CurrentState()</Name>
              <FileRef uid="4" />
              <SequencePoints>
                <SequencePoint vc="1430" uspid="257" ordinal="0" offset="0" sl="25" sc="39" el="25" ec="39" bec="0" bev="0" fileid="4" />
              </SequencePoints>
              <BranchPoints />
            </Method>
            <Method visited="true" cyclomaticComplexity="0" nPathComplexity="0" sequenceCoverage="100.0" branchCoverage="0" crapScore="0" isConstructor="false" isStatic="false" isGetter="false" isSetter="true">
              <Summary numSequencePoints="1" visitedSequencePoints="1" numBranchPoints="0" visitedBranchPoints="0" sequenceCoverage="100.0" branchCoverage="0" maxCyclomaticComplexity="0" minCyclomaticComplexity="0" maxCrapScore="0" minCrapScore="0" visitedClasses="0" numClasses="0" visitedMethods="1" numMethods="1" />
              <MetadataToken>100663313</MetadataToken>
              <Name>System.Void PlayerController::set_CurrentState(PlayerState)</Name>
              <FileRef uid="4" />
              <SequencePoints>
                <SequencePoint vc="26" uspid="258" ordinal="0" offset="0" sl="25" sc="44" el="25" ec="44" bec="0" bev="0" fileid="4" />
              </SequencePoints>
              <BranchPoints />
            </Method>
            <Method visited="true" cyclomaticComplexity="0" nPathComplexity="0" sequenceCoverage="100.0" branchCoverage="0" crapScore="0" isConstructor="false" isStatic="false" isGetter="true" isSetter="false">
              <Summary numSequencePoints="1" visitedSequencePoints="1" numBranchPoints="0" visitedBranchPoints="0" sequenceCoverage="100.0" branchCoverage="0" maxCyclomaticComplexity="0" minCyclomaticComplexity="0" maxCrapScore="0" minCrapScore="0" visitedClasses="0" numClasses="0" visitedMethods="1" numMethods="1" />
              <MetadataToken>100663314</MetadataToken>
              <Name>System.Single PlayerController::get_MoveSpeed()</Name>
              <FileRef uid="4" />
              <SequencePoints>
                <SequencePoint vc="1" uspid="259" ordinal="0" offset="0" sl="32" sc="37" el="32" ec="37" bec="0" bev="0" fileid="4" />
              </SequencePoints>
              <BranchPoints />
            </Method>
            <Method visited="true" cyclomaticComplexity="0" nPathComplexity="0" sequenceCoverage="100.0" branchCoverage="0" crapScore="0" isConstructor="false" isStatic="false" isGetter="false" isSetter="true">
              <Summary numSequencePoints="1" visitedSequencePoints="1" numBranchPoints="0" visitedBranchPoints="0" sequenceCoverage="100.0" branchCoverage="0" maxCyclomaticComplexity="0" minCyclomaticComplexity="0" maxCrapScore="0" minCrapScore="0" visitedClasses="0" numClasses="0" visitedMethods="1" numMethods="1" />
              <MetadataToken>100663317</MetadataToken>
              <Name>System.Void PlayerController::set_JumpHeight(System.Single)</Name>
              <FileRef uid="4" />
              <SequencePoints>
                <SequencePoint vc="3" uspid="262" ordinal="0" offset="0" sl="33" sc="57" el="33" ec="57" bec="0" bev="0" fileid="4" />
              </SequencePoints>
              <BranchPoints />
            </Method>
            <Method visited="true" cyclomaticComplexity="0" nPathComplexity="0" sequenceCoverage="100.0" branchCoverage="0" crapScore="0" isConstructor="false" isStatic="false" isGetter="true" isSetter="false">
              <Summary numSequencePoints="1" visitedSequencePoints="1" numBranchPoints="0" visitedBranchPoints="0" sequenceCoverage="100.0" branchCoverage="0" maxCyclomaticComplexity="0" minCyclomaticComplexity="0" maxCrapScore="0" minCrapScore="0" visitedClasses="0" numClasses="0" visitedMethods="1" numMethods="1" />
              <MetadataToken>100663318</MetadataToken>
              <Name>System.Single PlayerController::get_JumpDuration()</Name>
              <FileRef uid="4" />
              <SequencePoints>
                <SequencePoint vc="3" uspid="263" ordinal="0" offset="0" sl="34" sc="40" el="34" ec="40" bec="0" bev="0" fileid="4" />
              </SequencePoints>
              <BranchPoints />
            </Method>
            <Method visited="true" cyclomaticComplexity="0" nPathComplexity="0" sequenceCoverage="100.0" branchCoverage="0" crapScore="0" isConstructor="false" isStatic="false" isGetter="false" isSetter="true">
              <Summary numSequencePoints="1" visitedSequencePoints="1" numBranchPoints="0" visitedBranchPoints="0" sequenceCoverage="100.0" branchCoverage="0" maxCyclomaticComplexity="0" minCyclomaticComplexity="0" maxCrapScore="0" minCrapScore="0" visitedClasses="0" numClasses="0" visitedMethods="1" numMethods="1" />
              <MetadataToken>100663319</MetadataToken>
              <Name>System.Void PlayerController::set_JumpDuration(System.Single)</Name>
              <FileRef uid="4" />
              <SequencePoints>
                <SequencePoint vc="5" uspid="264" ordinal="0" offset="0" sl="34" sc="61" el="34" ec="61" bec="0" bev="0" fileid="4" />
              </SequencePoints>
              <BranchPoints />
            </Method>
            <Method visited="true" cyclomaticComplexity="0" nPathComplexity="0" sequenceCoverage="90.91" branchCoverage="0" crapScore="0" isConstructor="false" isStatic="false" isGetter="false" isSetter="false">
              <Summary numSequencePoints="11" visitedSequencePoints="10" numBranchPoints="0" visitedBranchPoints="0" sequenceCoverage="90.91" branchCoverage="0" maxCyclomaticComplexity="0" minCyclomaticComplexity="0" maxCrapScore="0" minCrapScore="0" visitedClasses="0" numClasses="0" visitedMethods="1" numMethods="1" />
              <MetadataToken>100663321</MetadataToken>
              <Name>System.Void PlayerController::StartJumpWithPoints(UnityEngine.Vector3[], System.Single)</Name>
              <FileRef uid="4" />
              <SequencePoints>
                <SequencePoint vc="6" uspid="268" ordinal="0" offset="0" sl="49" sc="5" el="49" ec="5" bec="0" bev="0" fileid="4" />
                <SequencePoint vc="6" uspid="269" ordinal="0" offset="1" sl="50" sc="9" el="50" ec="9" bec="0" bev="0" fileid="4" />
                <SequencePoint vc="6" uspid="270" ordinal="0" offset="8" sl="52" sc="9" el="52" ec="9" bec="0" bev="0" fileid="4" />
                <SequencePoint vc="6" uspid="271" ordinal="0" offset="20" sl="53" sc="13" el="53" ec="13" bec="0" bev="0" fileid="4" />
                <SequencePoint vc="6" uspid="272" ordinal="0" offset="27" sl="55" sc="9" el="55" ec="9" bec="0" bev="0" fileid="4" />
                <SequencePoint vc="0" uspid="273" ordinal="0" offset="53" sl="56" sc="13" el="56" ec="13" bec="0" bev="0" fileid="4" />
                <SequencePoint vc="6" uspid="274" ordinal="0" offset="55" sl="58" sc="9" el="58" ec="9" bec="0" bev="0" fileid="4" />
                <SequencePoint vc="6" uspid="275" ordinal="0" offset="63" sl="59" sc="9" el="59" ec="9" bec="0" bev="0" fileid="4" />
                <SequencePoint vc="6" uspid="276" ordinal="0" offset="74" sl="61" sc="9" el="61" ec="9" bec="0" bev="0" fileid="4" />
                <SequencePoint vc="6" uspid="277" ordinal="0" offset="93" sl="62" sc="9" el="62" ec="9" bec="0" bev="0" fileid="4" />
                <SequencePoint vc="6" uspid="278" ordinal="0" offset="118" sl="63" sc="5" el="63" ec="5" bec="0" bev="0" fileid="4" />
              </SequencePoints>
              <BranchPoints />
            </Method>
            <Method visited="true" cyclomaticComplexity="0" nPathComplexity="0" sequenceCoverage="100.0" branchCoverage="0" crapScore="0" isConstructor="false" isStatic="false" isGetter="false" isSetter="false">
              <Summary numSequencePoints="8" visitedSequencePoints="8" numBranchPoints="0" visitedBranchPoints="0" sequenceCoverage="100.0" branchCoverage="0" maxCyclomaticComplexity="0" minCyclomaticComplexity="0" maxCrapScore="0" minCrapScore="0" visitedClasses="0" numClasses="0" visitedMethods="1" numMethods="1" />
              <MetadataToken>100663322</MetadataToken>
              <Name>System.Void PlayerController::Start()</Name>
              <FileRef uid="4" />
              <SequencePoints>
                <SequencePoint vc="12" uspid="279" ordinal="0" offset="0" sl="77" sc="5" el="77" ec="5" bec="0" bev="0" fileid="4" />
                <SequencePoint vc="12" uspid="280" ordinal="0" offset="1" sl="78" sc="9" el="78" ec="9" bec="0" bev="0" fileid="4" />
                <SequencePoint vc="12" uspid="281" ordinal="0" offset="17" sl="79" sc="13" el="79" ec="13" bec="0" bev="0" fileid="4" />
                <SequencePoint vc="12" uspid="282" ordinal="0" offset="28" sl="81" sc="9" el="81" ec="9" bec="0" bev="0" fileid="4" />
                <SequencePoint vc="12" uspid="283" ordinal="0" offset="44" sl="82" sc="13" el="82" ec="13" bec="0" bev="0" fileid="4" />
                <SequencePoint vc="12" uspid="284" ordinal="0" offset="55" sl="84" sc="9" el="84" ec="9" bec="0" bev="0" fileid="4" />
                <SequencePoint vc="12" uspid="285" ordinal="0" offset="71" sl="85" sc="13" el="85" ec="13" bec="0" bev="0" fileid="4" />
                <SequencePoint vc="12" uspid="286" ordinal="0" offset="82" sl="86" sc="5" el="86" ec="5" bec="0" bev="0" fileid="4" />
              </SequencePoints>
              <BranchPoints />
            </Method>
            <Method visited="true" cyclomaticComplexity="0" nPathComplexity="0" sequenceCoverage="81.82" branchCoverage="0" crapScore="0" isConstructor="false" isStatic="false" isGetter="false" isSetter="false">
              <Summary numSequencePoints="11" visitedSequencePoints="9" numBranchPoints="0" visitedBranchPoints="0" sequenceCoverage="81.82" branchCoverage="0" maxCyclomaticComplexity="0" minCyclomaticComplexity="0" maxCrapScore="0" minCrapScore="0" visitedClasses="0" numClasses="0" visitedMethods="1" numMethods="1" />
              <MetadataToken>100663323</MetadataToken>
              <Name>System.Void PlayerController::Update()</Name>
              <FileRef uid="4" />
              <SequencePoints>
                <SequencePoint vc="1332" uspid="287" ordinal="0" offset="0" sl="89" sc="5" el="89" ec="5" bec="0" bev="0" fileid="4" />
                <SequencePoint vc="1332" uspid="288" ordinal="0" offset="1" sl="90" sc="9" el="90" ec="9" bec="0" bev="0" fileid="4" />
                <SequencePoint vc="789" uspid="289" ordinal="0" offset="34" sl="93" sc="17" el="93" ec="17" bec="0" bev="0" fileid="4" />
                <SequencePoint vc="789" uspid="290" ordinal="0" offset="41" sl="94" sc="17" el="94" ec="17" bec="0" bev="0" fileid="4" />
                <SequencePoint vc="0" uspid="291" ordinal="0" offset="43" sl="97" sc="17" el="97" ec="17" bec="0" bev="0" fileid="4" />
                <SequencePoint vc="0" uspid="292" ordinal="0" offset="50" sl="98" sc="17" el="98" ec="17" bec="0" bev="0" fileid="4" />
                <SequencePoint vc="542" uspid="293" ordinal="0" offset="52" sl="101" sc="17" el="101" ec="17" bec="0" bev="0" fileid="4" />
                <SequencePoint vc="542" uspid="294" ordinal="0" offset="59" sl="102" sc="17" el="102" ec="17" bec="0" bev="0" fileid="4" />
                <SequencePoint vc="1" uspid="295" ordinal="0" offset="61" sl="105" sc="17" el="105" ec="17" bec="0" bev="0" fileid="4" />
                <SequencePoint vc="1" uspid="296" ordinal="0" offset="68" sl="106" sc="17" el="106" ec="17" bec="0" bev="0" fileid="4" />
                <SequencePoint vc="1332" uspid="297" ordinal="0" offset="70" sl="108" sc="5" el="108" ec="5" bec="0" bev="0" fileid="4" />
              </SequencePoints>
              <BranchPoints />
            </Method>
            <Method visited="true" cyclomaticComplexity="0" nPathComplexity="0" sequenceCoverage="83.33" branchCoverage="0" crapScore="0" isConstructor="false" isStatic="false" isGetter="false" isSetter="false">
              <Summary numSequencePoints="6" visitedSequencePoints="5" numBranchPoints="0" visitedBranchPoints="0" sequenceCoverage="83.33" branchCoverage="0" maxCyclomaticComplexity="0" minCyclomaticComplexity="0" maxCrapScore="0" minCrapScore="0" visitedClasses="0" numClasses="0" visitedMethods="1" numMethods="1" />
              <MetadataToken>100663324</MetadataToken>
              <Name>System.Void PlayerController::UpdateNormal()</Name>
              <FileRef uid="4" />
              <SequencePoints>
                <SequencePoint vc="789" uspid="298" ordinal="0" offset="0" sl="113" sc="5" el="113" ec="5" bec="0" bev="0" fileid="4" />
                <SequencePoint vc="789" uspid="299" ordinal="0" offset="1" sl="114" sc="9" el="114" ec="9" bec="0" bev="0" fileid="4" />
                <SequencePoint vc="789" uspid="300" ordinal="0" offset="8" sl="115" sc="9" el="115" ec="9" bec="0" bev="0" fileid="4" />
                <SequencePoint vc="789" uspid="301" ordinal="0" offset="15" sl="117" sc="9" el="117" ec="9" bec="0" bev="0" fileid="4" />
                <SequencePoint vc="0" uspid="302" ordinal="0" offset="25" sl="118" sc="13" el="118" ec="13" bec="0" bev="0" fileid="4" />
                <SequencePoint vc="789" uspid="303" ordinal="0" offset="32" sl="121" sc="5" el="121" ec="5" bec="0" bev="0" fileid="4" />
              </SequencePoints>
              <BranchPoints />
            </Method>
            <Method visited="true" cyclomaticComplexity="0" nPathComplexity="0" sequenceCoverage="100.0" branchCoverage="0" crapScore="0" isConstructor="false" isStatic="false" isGetter="false" isSetter="false">
              <Summary numSequencePoints="26" visitedSequencePoints="26" numBranchPoints="0" visitedBranchPoints="0" sequenceCoverage="100.0" branchCoverage="0" maxCyclomaticComplexity="0" minCyclomaticComplexity="0" maxCrapScore="0" minCrapScore="0" visitedClasses="0" numClasses="0" visitedMethods="1" numMethods="1" />
              <MetadataToken>100663326</MetadataToken>
              <Name>System.Void PlayerController::UpdateJump()</Name>
              <FileRef uid="4" />
              <SequencePoints>
                <SequencePoint vc="542" uspid="312" ordinal="0" offset="0" sl="136" sc="5" el="136" ec="5" bec="0" bev="0" fileid="4" />
                <SequencePoint vc="542" uspid="313" ordinal="0" offset="1" sl="137" sc="9" el="137" ec="9" bec="0" bev="0" fileid="4" />
                <SequencePoint vc="134" uspid="314" ordinal="0" offset="14" sl="138" sc="9" el="138" ec="9" bec="0" bev="0" fileid="4" />
                <SequencePoint vc="134" uspid="315" ordinal="0" offset="15" sl="139" sc="13" el="139" ec="13" bec="0" bev="0" fileid="4" />
                <SequencePoint vc="134" uspid="316" ordinal="0" offset="33" sl="140" sc="13" el="140" ec="13" bec="0" bev="0" fileid="4" />
                <SequencePoint vc="134" uspid="317" ordinal="0" offset="52" sl="143" sc="13" el="143" ec="13" bec="0" bev="0" fileid="4" />
                <SequencePoint vc="134" uspid="318" ordinal="0" offset="71" sl="144" sc="13" el="144" ec="13" bec="0" bev="0" fileid="4" />
                <SequencePoint vc="134" uspid="319" ordinal="0" offset="87" sl="145" sc="13" el="145" ec="13" bec="0" bev="0" fileid="4" />
                <SequencePoint vc="134" uspid="320" ordinal="0" offset="97" sl="147" sc="13" el="147" ec="13" bec="0" bev="0" fileid="4" />
                <SequencePoint vc="134" uspid="321" ordinal="0" offset="127" sl="149" sc="13" el="149" ec="13" bec="0" bev="0" fileid="4" />
                <SequencePoint vc="1" uspid="322" ordinal="0" offset="144" sl="150" sc="17" el="150" ec="17" bec="0" bev="0" fileid="4" />
                <SequencePoint vc="134" uspid="323" ordinal="0" offset="151" sl="151" sc="9" el="151" ec="9" bec="0" bev="0" fileid="4" />
                <SequencePoint vc="408" uspid="324" ordinal="0" offset="157" sl="153" sc="9" el="153" ec="9" bec="0" bev="0" fileid="4" />
                <SequencePoint vc="408" uspid="325" ordinal="0" offset="158" sl="155" sc="13" el="155" ec="13" bec="0" bev="0" fileid="4" />
                <SequencePoint vc="408" uspid="326" ordinal="0" offset="176" sl="156" sc="13" el="156" ec="13" bec="0" bev="0" fileid="4" />
                <SequencePoint vc="408" uspid="327" ordinal="0" offset="196" sl="158" sc="13" el="158" ec="13" bec="0" bev="0" fileid="4" />
                <SequencePoint vc="408" uspid="328" ordinal="0" offset="204" sl="159" sc="13" el="159" ec="13" bec="0" bev="0" fileid="4" />
                <SequencePoint vc="408" uspid="329" ordinal="0" offset="211" sl="161" sc="13" el="161" ec="13" bec="0" bev="0" fileid="4" />
                <SequencePoint vc="408" uspid="330" ordinal="0" offset="221" sl="162" sc="13" el="162" ec="13" bec="0" bev="0" fileid="4" />
                <SequencePoint vc="408" uspid="331" ordinal="0" offset="240" sl="163" sc="13" el="163" ec="13" bec="0" bev="0" fileid="4" />
                <SequencePoint vc="408" uspid="332" ordinal="0" offset="251" sl="165" sc="13" el="165" ec="13" bec="0" bev="0" fileid="4" />
                <SequencePoint vc="408" uspid="333" ordinal="0" offset="282" sl="167" sc="13" el="167" ec="13" bec="0" bev="0" fileid="4" />
                <SequencePoint vc="408" uspid="334" ordinal="0" offset="289" sl="169" sc="13" el="169" ec="13" bec="0" bev="0" fileid="4" />
                <SequencePoint vc="5" uspid="335" ordinal="0" offset="316" sl="170" sc="17" el="170" ec="17" bec="0" bev="0" fileid="4" />
                <SequencePoint vc="408" uspid="336" ordinal="0" offset="323" sl="171" sc="9" el="171" ec="9" bec="0" bev="0" fileid="4" />
                <SequencePoint vc="542" uspid="337" ordinal="0" offset="324" sl="172" sc="5" el="172" ec="5" bec="0" bev="0" fileid="4" />
              </SequencePoints>
              <BranchPoints />
            </Method>
            <Method visited="true" cyclomaticComplexity="0" nPathComplexity="0" sequenceCoverage="64.71" branchCoverage="0" crapScore="0" isConstructor="false" isStatic="false" isGetter="false" isSetter="false">
              <Summary numSequencePoints="17" visitedSequencePoints="11" numBranchPoints="0" visitedBranchPoints="0" sequenceCoverage="64.71" branchCoverage="0" maxCyclomaticComplexity="0" minCyclomaticComplexity="0" maxCrapScore="0" minCrapScore="0" visitedClasses="0" numClasses="0" visitedMethods="1" numMethods="1" />
              <MetadataToken>100663327</MetadataToken>
              <Name>System.Void PlayerController::UpdatePossessing()</Name>
              <FileRef uid="4" />
              <SequencePoints>
                <SequencePoint vc="1" uspid="338" ordinal="0" offset="0" sl="176" sc="5" el="176" ec="5" bec="0" bev="0" fileid="4" />
                <SequencePoint vc="1" uspid="339" ordinal="0" offset="1" sl="177" sc="9" el="177" ec="9" bec="0" bev="0" fileid="4" />
                <SequencePoint vc="0" uspid="340" ordinal="0" offset="17" sl="178" sc="9" el="178" ec="9" bec="0" bev="0" fileid="4" />
                <SequencePoint vc="0" uspid="341" ordinal="0" offset="18" sl="179" sc="13" el="179" ec="13" bec="0" bev="0" fileid="4" />
                <SequencePoint vc="0" uspid="342" ordinal="0" offset="26" sl="180" sc="13" el="180" ec="13" bec="0" bev="0" fileid="4" />
                <SequencePoint vc="1" uspid="343" ordinal="0" offset="28" sl="184" sc="9" el="184" ec="9" bec="0" bev="0" fileid="4" />
                <SequencePoint vc="0" uspid="344" ordinal="0" offset="60" sl="185" sc="9" el="185" ec="9" bec="0" bev="0" fileid="4" />
                <SequencePoint vc="0" uspid="345" ordinal="0" offset="61" sl="186" sc="13" el="186" ec="13" bec="0" bev="0" fileid="4" />
                <SequencePoint vc="0" uspid="346" ordinal="0" offset="68" sl="187" sc="9" el="187" ec="9" bec="0" bev="0" fileid="4" />
                <SequencePoint vc="1" uspid="347" ordinal="0" offset="69" sl="189" sc="9" el="189" ec="9" bec="0" bev="0" fileid="4" />
                <SequencePoint vc="1" uspid="348" ordinal="0" offset="82" sl="190" sc="9" el="190" ec="9" bec="0" bev="0" fileid="4" />
                <SequencePoint vc="1" uspid="349" ordinal="0" offset="83" sl="192" sc="13" el="192" ec="13" bec="0" bev="0" fileid="4" />
                <SequencePoint vc="1" uspid="350" ordinal="0" offset="120" sl="193" sc="13" el="193" ec="13" bec="0" bev="0" fileid="4" />
                <SequencePoint vc="1" uspid="351" ordinal="0" offset="133" sl="195" sc="13" el="195" ec="13" bec="0" bev="0" fileid="4" />
                <SequencePoint vc="1" uspid="352" ordinal="0" offset="140" sl="196" sc="13" el="196" ec="13" bec="0" bev="0" fileid="4" />
                <SequencePoint vc="1" uspid="353" ordinal="0" offset="147" sl="197" sc="9" el="197" ec="9" bec="0" bev="0" fileid="4" />
                <SequencePoint vc="1" uspid="354" ordinal="0" offset="148" sl="198" sc="5" el="198" ec="5" bec="0" bev="0" fileid="4" />
              </SequencePoints>
              <BranchPoints />
            </Method>
            <Method visited="true" cyclomaticComplexity="0" nPathComplexity="0" sequenceCoverage="91.67" branchCoverage="0" crapScore="0" isConstructor="false" isStatic="false" isGetter="false" isSetter="false">
              <Summary numSequencePoints="12" visitedSequencePoints="11" numBranchPoints="0" visitedBranchPoints="0" sequenceCoverage="91.67" branchCoverage="0" maxCyclomaticComplexity="0" minCyclomaticComplexity="0" maxCrapScore="0" minCrapScore="0" visitedClasses="0" numClasses="0" visitedMethods="1" numMethods="1" />
              <MetadataToken>100663331</MetadataToken>
              <Name>System.Void PlayerController::EndJump()</Name>
              <FileRef uid="4" />
              <SequencePoints>
                <SequencePoint vc="10" uspid="366" ordinal="0" offset="0" sl="220" sc="5" el="220" ec="5" bec="0" bev="0" fileid="4" />
                <SequencePoint vc="10" uspid="367" ordinal="0" offset="1" sl="221" sc="9" el="221" ec="9" bec="0" bev="0" fileid="4" />
                <SequencePoint vc="10" uspid="368" ordinal="0" offset="17" sl="222" sc="9" el="222" ec="9" bec="0" bev="0" fileid="4" />
                <SequencePoint vc="10" uspid="369" ordinal="0" offset="18" sl="223" sc="13" el="223" ec="13" bec="0" bev="0" fileid="4" />
                <SequencePoint vc="10" uspid="370" ordinal="0" offset="26" sl="226" sc="13" el="226" ec="13" bec="0" bev="0" fileid="4" />
                <SequencePoint vc="5" uspid="371" ordinal="0" offset="51" sl="227" sc="17" el="227" ec="17" bec="0" bev="0" fileid="4" />
                <SequencePoint vc="10" uspid="372" ordinal="0" offset="79" sl="229" sc="13" el="229" ec="13" bec="0" bev="0" fileid="4" />
                <SequencePoint vc="0" uspid="373" ordinal="0" offset="95" sl="230" sc="17" el="230" ec="17" bec="0" bev="0" fileid="4" />
                <SequencePoint vc="10" uspid="374" ordinal="0" offset="108" sl="232" sc="13" el="232" ec="13" bec="0" bev="0" fileid="4" />
                <SequencePoint vc="2" uspid="375" ordinal="0" offset="124" sl="233" sc="17" el="233" ec="17" bec="0" bev="0" fileid="4" />
                <SequencePoint vc="10" uspid="376" ordinal="0" offset="142" sl="234" sc="9" el="234" ec="9" bec="0" bev="0" fileid="4" />
                <SequencePoint vc="10" uspid="377" ordinal="0" offset="143" sl="235" sc="5" el="235" ec="5" bec="0" bev="0" fileid="4" />
              </SequencePoints>
              <BranchPoints />
            </Method>
            <Method visited="true" cyclomaticComplexity="0" nPathComplexity="0" sequenceCoverage="42.86" branchCoverage="0" crapScore="0" isConstructor="false" isStatic="false" isGetter="false" isSetter="false">
              <Summary numSequencePoints="14" visitedSequencePoints="6" numBranchPoints="0" visitedBranchPoints="0" sequenceCoverage="42.86" branchCoverage="0" maxCyclomaticComplexity="0" minCyclomaticComplexity="0" maxCrapScore="0" minCrapScore="0" visitedClasses="0" numClasses="0" visitedMethods="1" numMethods="1" />
              <MetadataToken>100663332</MetadataToken>
              <Name>System.Void PlayerController::CheckPossessionCollision()</Name>
              <FileRef uid="4" />
              <SequencePoints>
                <SequencePoint vc="408" uspid="378" ordinal="0" offset="0" sl="240" sc="5" el="240" ec="5" bec="0" bev="0" fileid="4" />
                <SequencePoint vc="408" uspid="379" ordinal="0" offset="1" sl="241" sc="9" el="241" ec="9" bec="0" bev="0" fileid="4" />
                <SequencePoint vc="408" uspid="380" ordinal="0" offset="23" sl="242" sc="9" el="242" ec="9" bec="0" bev="0" fileid="4" />
                <SequencePoint vc="408" uspid="381" ordinal="0" offset="24" sl="242" sc="34" el="242" ec="34" bec="0" bev="0" fileid="4" />
                <SequencePoint vc="0" uspid="382" ordinal="0" offset="30" sl="242" sc="18" el="242" ec="18" bec="0" bev="0" fileid="4" />
                <SequencePoint vc="0" uspid="383" ordinal="0" offset="34" sl="243" sc="9" el="243" ec="9" bec="0" bev="0" fileid="4" />
                <SequencePoint vc="0" uspid="384" ordinal="0" offset="35" sl="244" sc="13" el="244" ec="13" bec="0" bev="0" fileid="4" />
                <SequencePoint vc="0" uspid="385" ordinal="0" offset="43" sl="245" sc="13" el="245" ec="13" bec="0" bev="0" fileid="4" />
                <SequencePoint vc="0" uspid="386" ordinal="0" offset="81" sl="246" sc="13" el="246" ec="13" bec="0" bev="0" fileid="4" />
                <SequencePoint vc="0" uspid="387" ordinal="0" offset="82" sl="247" sc="17" el="247" ec="17" bec="0" bev="0" fileid="4" />
                <SequencePoint vc="0" uspid="388" ordinal="0" offset="91" sl="248" sc="17" el="248" ec="17" bec="0" bev="0" fileid="4" />
                <SequencePoint vc="0" uspid="389" ordinal="0" offset="93" sl="250" sc="9" el="250" ec="9" bec="0" bev="0" fileid="4" />
                <SequencePoint vc="408" uspid="390" ordinal="0" offset="98" sl="242" sc="31" el="242" ec="31" bec="0" bev="0" fileid="4" />
                <SequencePoint vc="408" uspid="391" ordinal="0" offset="104" sl="251" sc="5" el="251" ec="5" bec="0" bev="0" fileid="4" />
              </SequencePoints>
              <BranchPoints />
            </Method>
            <Method visited="true" cyclomaticComplexity="0" nPathComplexity="0" sequenceCoverage="100.0" branchCoverage="0" crapScore="0" isConstructor="false" isStatic="false" isGetter="false" isSetter="false">
              <Summary numSequencePoints="12" visitedSequencePoints="12" numBranchPoints="0" visitedBranchPoints="0" sequenceCoverage="100.0" branchCoverage="0" maxCyclomaticComplexity="0" minCyclomaticComplexity="0" maxCrapScore="0" minCrapScore="0" visitedClasses="0" numClasses="0" visitedMethods="1" numMethods="1" />
              <MetadataToken>100663333</MetadataToken>
              <Name>System.Void PlayerController::PossessEnemy(EnemyController)</Name>
              <FileRef uid="4" />
              <SequencePoints>
                <SequencePoint vc="5" uspid="392" ordinal="0" offset="0" sl="254" sc="5" el="254" ec="5" bec="0" bev="0" fileid="4" />
                <SequencePoint vc="5" uspid="393" ordinal="0" offset="1" sl="256" sc="9" el="256" ec="9" bec="0" bev="0" fileid="4" />
                <SequencePoint vc="5" uspid="394" ordinal="0" offset="8" sl="259" sc="9" el="259" ec="9" bec="0" bev="0" fileid="4" />
                <SequencePoint vc="5" uspid="395" ordinal="0" offset="16" sl="262" sc="9" el="262" ec="9" bec="0" bev="0" fileid="4" />
                <SequencePoint vc="5" uspid="396" ordinal="0" offset="23" sl="263" sc="9" el="263" ec="9" bec="0" bev="0" fileid="4" />
                <SequencePoint vc="5" uspid="397" ordinal="0" offset="35" sl="266" sc="9" el="266" ec="9" bec="0" bev="0" fileid="4" />
                <SequencePoint vc="5" uspid="398" ordinal="0" offset="78" sl="269" sc="9" el="269" ec="9" bec="0" bev="0" fileid="4" />
                <SequencePoint vc="2" uspid="399" ordinal="0" offset="94" sl="270" sc="9" el="270" ec="9" bec="0" bev="0" fileid="4" />
                <SequencePoint vc="2" uspid="400" ordinal="0" offset="95" sl="271" sc="13" el="271" ec="13" bec="0" bev="0" fileid="4" />
                <SequencePoint vc="2" uspid="401" ordinal="0" offset="113" sl="272" sc="13" el="272" ec="13" bec="0" bev="0" fileid="4" />
                <SequencePoint vc="2" uspid="402" ordinal="0" offset="131" sl="273" sc="9" el="273" ec="9" bec="0" bev="0" fileid="4" />
                <SequencePoint vc="5" uspid="403" ordinal="0" offset="132" sl="274" sc="5" el="274" ec="5" bec="0" bev="0" fileid="4" />
              </SequencePoints>
              <BranchPoints />
            </Method>
            <Method visited="true" cyclomaticComplexity="0" nPathComplexity="0" sequenceCoverage="100.0" branchCoverage="0" crapScore="0" isConstructor="false" isStatic="false" isGetter="false" isSetter="false">
              <Summary numSequencePoints="8" visitedSequencePoints="8" numBranchPoints="0" visitedBranchPoints="0" sequenceCoverage="100.0" branchCoverage="0" maxCyclomaticComplexity="0" minCyclomaticComplexity="0" maxCrapScore="0" minCrapScore="0" visitedClasses="0" numClasses="0" visitedMethods="1" numMethods="1" />
              <MetadataToken>100663334</MetadataToken>
              <Name>System.Void PlayerController::ReleaseEnemy()</Name>
              <FileRef uid="4" />
              <SequencePoints>
                <SequencePoint vc="1" uspid="404" ordinal="0" offset="0" sl="277" sc="5" el="277" ec="5" bec="0" bev="0" fileid="4" />
                <SequencePoint vc="1" uspid="405" ordinal="0" offset="1" sl="278" sc="9" el="278" ec="9" bec="0" bev="0" fileid="4" />
                <SequencePoint vc="1" uspid="406" ordinal="0" offset="17" sl="279" sc="9" el="279" ec="9" bec="0" bev="0" fileid="4" />
                <SequencePoint vc="1" uspid="407" ordinal="0" offset="18" sl="280" sc="13" el="280" ec="13" bec="0" bev="0" fileid="4" />
                <SequencePoint vc="1" uspid="408" ordinal="0" offset="30" sl="281" sc="13" el="281" ec="13" bec="0" bev="0" fileid="4" />
                <SequencePoint vc="1" uspid="409" ordinal="0" offset="37" sl="282" sc="9" el="282" ec="9" bec="0" bev="0" fileid="4" />
                <SequencePoint vc="1" uspid="410" ordinal="0" offset="38" sl="283" sc="9" el="283" ec="9" bec="0" bev="0" fileid="4" />
                <SequencePoint vc="1" uspid="411" ordinal="0" offset="46" sl="284" sc="5" el="284" ec="5" bec="0" bev="0" fileid="4" />
              </SequencePoints>
              <BranchPoints />
            </Method>
            <Method visited="true" cyclomaticComplexity="0" nPathComplexity="0" sequenceCoverage="100.0" branchCoverage="0" crapScore="0" isConstructor="false" isStatic="false" isGetter="false" isSetter="false">
              <Summary numSequencePoints="6" visitedSequencePoints="6" numBranchPoints="0" visitedBranchPoints="0" sequenceCoverage="100.0" branchCoverage="0" maxCyclomaticComplexity="0" minCyclomaticComplexity="0" maxCrapScore="0" minCrapScore="0" visitedClasses="0" numClasses="0" visitedMethods="1" numMethods="1" />
              <MetadataToken>100663335</MetadataToken>
              <Name>System.Void PlayerController::HandleMovement()</Name>
              <FileRef uid="4" />
              <SequencePoints>
                <SequencePoint vc="790" uspid="412" ordinal="0" offset="0" sl="289" sc="5" el="289" ec="5" bec="0" bev="0" fileid="4" />
                <SequencePoint vc="790" uspid="413" ordinal="0" offset="1" sl="290" sc="9" el="290" ec="9" bec="0" bev="0" fileid="4" />
                <SequencePoint vc="790" uspid="414" ordinal="0" offset="12" sl="291" sc="9" el="291" ec="9" bec="0" bev="0" fileid="4" />
                <SequencePoint vc="790" uspid="415" ordinal="0" offset="23" sl="293" sc="9" el="293" ec="9" bec="0" bev="0" fileid="4" />
                <SequencePoint vc="790" uspid="416" ordinal="0" offset="44" sl="294" sc="9" el="294" ec="9" bec="0" bev="0" fileid="4" />
                <SequencePoint vc="790" uspid="417" ordinal="0" offset="79" sl="295" sc="5" el="295" ec="5" bec="0" bev="0" fileid="4" />
              </SequencePoints>
              <BranchPoints />
            </Method>
            <Method visited="true" cyclomaticComplexity="0" nPathComplexity="0" sequenceCoverage="100.0" branchCoverage="0" crapScore="0" isConstructor="false" isStatic="false" isGetter="false" isSetter="false">
              <Summary numSequencePoints="12" visitedSequencePoints="12" numBranchPoints="0" visitedBranchPoints="0" sequenceCoverage="100.0" branchCoverage="0" maxCyclomaticComplexity="0" minCyclomaticComplexity="0" maxCrapScore="0" minCrapScore="0" visitedClasses="0" numClasses="0" visitedMethods="1" numMethods="1" />
              <MetadataToken>100663336</MetadataToken>
              <Name>System.Void PlayerController::RotateTowardsMouse()</Name>
              <FileRef uid="4" />
              <SequencePoints>
                <SequencePoint vc="790" uspid="418" ordinal="0" offset="0" sl="298" sc="5" el="298" ec="5" bec="0" bev="0" fileid="4" />
                <SequencePoint vc="790" uspid="419" ordinal="0" offset="1" sl="299" sc="9" el="299" ec="9" bec="0" bev="0" fileid="4" />
                <SequencePoint vc="790" uspid="420" ordinal="0" offset="18" sl="300" sc="9" el="300" ec="9" bec="0" bev="0" fileid="4" />
                <SequencePoint vc="790" uspid="421" ordinal="0" offset="35" sl="302" sc="9" el="302" ec="9" bec="0" bev="0" fileid="4" />
                <SequencePoint vc="166" uspid="422" ordinal="0" offset="49" sl="303" sc="9" el="303" ec="9" bec="0" bev="0" fileid="4" />
                <SequencePoint vc="166" uspid="423" ordinal="0" offset="50" sl="304" sc="13" el="304" ec="13" bec="0" bev="0" fileid="4" />
                <SequencePoint vc="166" uspid="424" ordinal="0" offset="60" sl="305" sc="13" el="305" ec="13" bec="0" bev="0" fileid="4" />
                <SequencePoint vc="166" uspid="425" ordinal="0" offset="80" sl="306" sc="13" el="306" ec="13" bec="0" bev="0" fileid="4" />
                <SequencePoint vc="166" uspid="426" ordinal="0" offset="92" sl="308" sc="13" el="308" ec="13" bec="0" bev="0" fileid="4" />
                <SequencePoint vc="166" uspid="427" ordinal="0" offset="112" sl="309" sc="17" el="309" ec="17" bec="0" bev="0" fileid="4" />
                <SequencePoint vc="166" uspid="428" ordinal="0" offset="131" sl="310" sc="9" el="310" ec="9" bec="0" bev="0" fileid="4" />
                <SequencePoint vc="790" uspid="429" ordinal="0" offset="132" sl="311" sc="5" el="311" ec="5" bec="0" bev="0" fileid="4" />
              </SequencePoints>
              <BranchPoints />
            </Method>
            <Method visited="true" cyclomaticComplexity="0" nPathComplexity="0" sequenceCoverage="90.00" branchCoverage="0" crapScore="0" isConstructor="false" isStatic="false" isGetter="false" isSetter="false">
              <Summary numSequencePoints="10" visitedSequencePoints="9" numBranchPoints="0" visitedBranchPoints="0" sequenceCoverage="90.00" branchCoverage="0" maxCyclomaticComplexity="0" minCyclomaticComplexity="0" maxCrapScore="0" minCrapScore="0" visitedClasses="0" numClasses="0" visitedMethods="1" numMethods="1" />
              <MetadataToken>100663337</MetadataToken>
              <Name>System.Single PlayerController::CalculateTotalTrajectoryDistance()</Name>
              <FileRef uid="4" />
              <SequencePoints>
                <SequencePoint vc="408" uspid="430" ordinal="0" offset="0" sl="314" sc="5" el="314" ec="5" bec="0" bev="0" fileid="4" />
                <SequencePoint vc="408" uspid="431" ordinal="0" offset="1" sl="315" sc="9" el="315" ec="9" bec="0" bev="0" fileid="4" />
                <SequencePoint vc="0" uspid="432" ordinal="0" offset="27" sl="316" sc="13" el="316" ec="13" bec="0" bev="0" fileid="4" />
                <SequencePoint vc="408" uspid="433" ordinal="0" offset="35" sl="318" sc="9" el="318" ec="9" bec="0" bev="0" fileid="4" />
                <SequencePoint vc="408" uspid="434" ordinal="0" offset="41" sl="319" sc="14" el="319" ec="14" bec="0" bev="0" fileid="4" />
                <SequencePoint vc="481" uspid="435" ordinal="0" offset="45" sl="320" sc="13" el="320" ec="13" bec="0" bev="0" fileid="4" />
                <SequencePoint vc="481" uspid="436" ordinal="0" offset="79" sl="319" sc="62" el="319" ec="62" bec="0" bev="0" fileid="4" />
                <SequencePoint vc="889" uspid="437" ordinal="0" offset="83" sl="319" sc="25" el="319" ec="25" bec="0" bev="0" fileid="4" />
                <SequencePoint vc="408" uspid="438" ordinal="0" offset="102" sl="321" sc="9" el="321" ec="9" bec="0" bev="0" fileid="4" />
                <SequencePoint vc="408" uspid="439" ordinal="0" offset="106" sl="322" sc="5" el="322" ec="5" bec="0" bev="0" fileid="4" />
              </SequencePoints>
              <BranchPoints />
            </Method>
            <Method visited="true" cyclomaticComplexity="0" nPathComplexity="0" sequenceCoverage="86.67" branchCoverage="0" crapScore="0" isConstructor="false" isStatic="false" isGetter="false" isSetter="false">
              <Summary numSequencePoints="15" visitedSequencePoints="13" numBranchPoints="0" visitedBranchPoints="0" sequenceCoverage="86.67" branchCoverage="0" maxCyclomaticComplexity="0" minCyclomaticComplexity="0" maxCrapScore="0" minCrapScore="0" visitedClasses="0" numClasses="0" visitedMethods="1" numMethods="1" />
              <MetadataToken>100663338</MetadataToken>
              <Name>UnityEngine.Vector3 PlayerController::GetPositionAlongTrajectory(System.Single)</Name>
              <FileRef uid="4" />
              <SequencePoints>
                <SequencePoint vc="408" uspid="440" ordinal="0" offset="0" sl="325" sc="5" el="325" ec="5" bec="0" bev="0" fileid="4" />
                <SequencePoint vc="408" uspid="441" ordinal="0" offset="1" sl="326" sc="9" el="326" ec="9" bec="0" bev="0" fileid="4" />
                <SequencePoint vc="0" uspid="442" ordinal="0" offset="26" sl="327" sc="13" el="327" ec="13" bec="0" bev="0" fileid="4" />
                <SequencePoint vc="408" uspid="443" ordinal="0" offset="43" sl="329" sc="9" el="329" ec="9" bec="0" bev="0" fileid="4" />
                <SequencePoint vc="408" uspid="444" ordinal="0" offset="49" sl="331" sc="14" el="331" ec="14" bec="0" bev="0" fileid="4" />
                <SequencePoint vc="449" uspid="445" ordinal="0" offset="53" sl="332" sc="9" el="332" ec="9" bec="0" bev="0" fileid="4" />
                <SequencePoint vc="449" uspid="446" ordinal="0" offset="54" sl="333" sc="13" el="333" ec="13" bec="0" bev="0" fileid="4" />
                <SequencePoint vc="449" uspid="447" ordinal="0" offset="87" sl="334" sc="13" el="334" ec="13" bec="0" bev="0" fileid="4" />
                <SequencePoint vc="408" uspid="448" ordinal="0" offset="103" sl="335" sc="17" el="335" ec="17" bec="0" bev="0" fileid="4" />
                <SequencePoint vc="41" uspid="449" ordinal="0" offset="143" sl="337" sc="13" el="337" ec="13" bec="0" bev="0" fileid="4" />
                <SequencePoint vc="41" uspid="450" ordinal="0" offset="148" sl="338" sc="9" el="338" ec="9" bec="0" bev="0" fileid="4" />
                <SequencePoint vc="41" uspid="451" ordinal="0" offset="149" sl="331" sc="62" el="331" ec="62" bec="0" bev="0" fileid="4" />
                <SequencePoint vc="449" uspid="452" ordinal="0" offset="153" sl="331" sc="25" el="331" ec="25" bec="0" bev="0" fileid="4" />
                <SequencePoint vc="0" uspid="453" ordinal="0" offset="172" sl="340" sc="9" el="340" ec="9" bec="0" bev="0" fileid="4" />
                <SequencePoint vc="408" uspid="454" ordinal="0" offset="191" sl="341" sc="5" el="341" ec="5" bec="0" bev="0" fileid="4" />
              </SequencePoints>
              <BranchPoints />
            </Method>
            <Method visited="true" cyclomaticComplexity="0" nPathComplexity="0" sequenceCoverage="90.00" branchCoverage="0" crapScore="0" isConstructor="false" isStatic="false" isGetter="false" isSetter="false">
              <Summary numSequencePoints="20" visitedSequencePoints="18" numBranchPoints="0" visitedBranchPoints="0" sequenceCoverage="90.00" branchCoverage="0" maxCyclomaticComplexity="0" minCyclomaticComplexity="0" maxCrapScore="0" minCrapScore="0" visitedClasses="0" numClasses="0" visitedMethods="1" numMethods="1" />
              <MetadataToken>100663339</MetadataToken>
              <Name>System.Void PlayerController::StartDismount()</Name>
              <FileRef uid="4" />
              <SequencePoints>
                <SequencePoint vc="2" uspid="455" ordinal="0" offset="0" sl="344" sc="5" el="344" ec="5" bec="0" bev="0" fileid="4" />
                <SequencePoint vc="2" uspid="456" ordinal="0" offset="1" sl="345" sc="9" el="345" ec="9" bec="0" bev="0" fileid="4" />
                <SequencePoint vc="0" uspid="457" ordinal="0" offset="17" sl="345" sc="37" el="345" ec="37" bec="0" bev="0" fileid="4" />
                <SequencePoint vc="2" uspid="458" ordinal="0" offset="22" sl="348" sc="9" el="348" ec="9" bec="0" bev="0" fileid="4" />
                <SequencePoint vc="2" uspid="459" ordinal="0" offset="39" sl="349" sc="9" el="349" ec="9" bec="0" bev="0" fileid="4" />
                <SequencePoint vc="2" uspid="460" ordinal="0" offset="66" sl="352" sc="9" el="352" ec="9" bec="0" bev="0" fileid="4" />
                <SequencePoint vc="2" uspid="461" ordinal="0" offset="84" sl="353" sc="9" el="353" ec="9" bec="0" bev="0" fileid="4" />
                <SequencePoint vc="0" uspid="462" ordinal="0" offset="98" sl="354" sc="13" el="354" ec="13" bec="0" bev="0" fileid="4" />
                <SequencePoint vc="2" uspid="463" ordinal="0" offset="113" sl="356" sc="13" el="356" ec="13" bec="0" bev="0" fileid="4" />
                <SequencePoint vc="2" uspid="464" ordinal="0" offset="151" sl="359" sc="9" el="359" ec="9" bec="0" bev="0" fileid="4" />
                <SequencePoint vc="2" uspid="465" ordinal="0" offset="158" sl="360" sc="9" el="360" ec="9" bec="0" bev="0" fileid="4" />
                <SequencePoint vc="2" uspid="466" ordinal="0" offset="169" sl="363" sc="9" el="363" ec="9" bec="0" bev="0" fileid="4" />
                <SequencePoint vc="2" uspid="467" ordinal="0" offset="181" sl="366" sc="9" el="366" ec="9" bec="0" bev="0" fileid="4" />
                <SequencePoint vc="2" uspid="468" ordinal="0" offset="188" sl="368" sc="9" el="368" ec="9" bec="0" bev="0" fileid="4" />
                <SequencePoint vc="2" uspid="469" ordinal="0" offset="196" sl="371" sc="9" el="371" ec="9" bec="0" bev="0" fileid="4" />
                <SequencePoint vc="1" uspid="470" ordinal="0" offset="214" sl="372" sc="9" el="372" ec="9" bec="0" bev="0" fileid="4" />
                <SequencePoint vc="1" uspid="471" ordinal="0" offset="215" sl="373" sc="13" el="373" ec="13" bec="0" bev="0" fileid="4" />
                <SequencePoint vc="1" uspid="472" ordinal="0" offset="233" sl="374" sc="13" el="374" ec="13" bec="0" bev="0" fileid="4" />
                <SequencePoint vc="1" uspid="473" ordinal="0" offset="252" sl="375" sc="9" el="375" ec="9" bec="0" bev="0" fileid="4" />
                <SequencePoint vc="2" uspid="474" ordinal="0" offset="253" sl="376" sc="5" el="376" ec="5" bec="0" bev="0" fileid="4" />
              </SequencePoints>
              <BranchPoints />
            </Method>
            <Method visited="true" cyclomaticComplexity="0" nPathComplexity="0" sequenceCoverage="88.89" branchCoverage="0" crapScore="0" isConstructor="false" isStatic="false" isGetter="false" isSetter="false">
              <Summary numSequencePoints="9" visitedSequencePoints="8" numBranchPoints="0" visitedBranchPoints="0" sequenceCoverage="88.89" branchCoverage="0" maxCyclomaticComplexity="0" minCyclomaticComplexity="0" maxCrapScore="0" minCrapScore="0" visitedClasses="0" numClasses="0" visitedMethods="1" numMethods="1" />
              <MetadataToken>100663340</MetadataToken>
              <Name>System.Void PlayerController::EndDismount()</Name>
              <FileRef uid="4" />
              <SequencePoints>
                <SequencePoint vc="2" uspid="475" ordinal="0" offset="0" sl="380" sc="5" el="380" ec="5" bec="0" bev="0" fileid="4" />
                <SequencePoint vc="2" uspid="476" ordinal="0" offset="1" sl="381" sc="9" el="381" ec="9" bec="0" bev="0" fileid="4" />
                <SequencePoint vc="2" uspid="477" ordinal="0" offset="8" sl="382" sc="9" el="382" ec="9" bec="0" bev="0" fileid="4" />
                <SequencePoint vc="2" uspid="478" ordinal="0" offset="16" sl="385" sc="9" el="385" ec="9" bec="0" bev="0" fileid="4" />
                <SequencePoint vc="2" uspid="479" ordinal="0" offset="34" sl="387" sc="9" el="387" ec="9" bec="0" bev="0" fileid="4" />
                <SequencePoint vc="0" uspid="480" ordinal="0" offset="50" sl="388" sc="13" el="388" ec="13" bec="0" bev="0" fileid="4" />
                <SequencePoint vc="2" uspid="481" ordinal="0" offset="63" sl="390" sc="9" el="390" ec="9" bec="0" bev="0" fileid="4" />
                <SequencePoint vc="1" uspid="482" ordinal="0" offset="79" sl="391" sc="13" el="391" ec="13" bec="0" bev="0" fileid="4" />
                <SequencePoint vc="2" uspid="483" ordinal="0" offset="97" sl="392" sc="5" el="392" ec="5" bec="0" bev="0" fileid="4" />
              </SequencePoints>
              <BranchPoints />
            </Method>
            <Method visited="true" cyclomaticComplexity="0" nPathComplexity="0" sequenceCoverage="100.0" branchCoverage="0" crapScore="0" isConstructor="true" isStatic="false" isGetter="false" isSetter="false">
              <Summary numSequencePoints="7" visitedSequencePoints="7" numBranchPoints="0" visitedBranchPoints="0" sequenceCoverage="100.0" branchCoverage="0" maxCyclomaticComplexity="0" minCyclomaticComplexity="0" maxCrapScore="0" minCrapScore="0" visitedClasses="0" numClasses="0" visitedMethods="1" numMethods="1" />
              <MetadataToken>100663341</MetadataToken>
              <Name>PlayerController::PlayerController()</Name>
              <FileRef uid="4" />
              <SequencePoints>
                <SequencePoint vc="18" uspid="484" ordinal="0" offset="0" sl="14" sc="22" el="14" ec="22" bec="0" bev="0" fileid="4" />
                <SequencePoint vc="18" uspid="485" ordinal="0" offset="11" sl="22" sc="22" el="22" ec="22" bec="0" bev="0" fileid="4" />
                <SequencePoint vc="18" uspid="486" ordinal="0" offset="22" sl="23" sc="22" el="23" ec="22" bec="0" bev="0" fileid="4" />
                <SequencePoint vc="18" uspid="487" ordinal="0" offset="33" sl="25" sc="61" el="25" ec="61" bec="0" bev="0" fileid="4" />
                <SequencePoint vc="18" uspid="488" ordinal="0" offset="40" sl="69" sc="5" el="69" ec="5" bec="0" bev="0" fileid="4" />
                <SequencePoint vc="18" uspid="489" ordinal="0" offset="47" sl="72" sc="5" el="72" ec="5" bec="0" bev="0" fileid="4" />
                <SequencePoint vc="18" uspid="490" ordinal="0" offset="58" sl="73" sc="5" el="73" ec="5" bec="0" bev="0" fileid="4" />
              </SequencePoints>
              <BranchPoints />
[...]
          <FullName>PlayerControllerMovementPlayTests/&lt;PlayerRotates_TowardsMousePosition&gt;d__10</FullName>
          <Methods>
            <Method visited="true" cyclomaticComplexity="0" nPathComplexity="0" sequenceCoverage="100.0" branchCoverage="0" crapScore="0" isConstructor="false" isStatic="false" isGetter="false" isSetter="false">
              <Summary numSequencePoints="8" visitedSequencePoints="8" numBranchPoints="0" visitedBranchPoints="0" sequenceCoverage="100.0" branchCoverage="0" maxCyclomaticComplexity="0" minCyclomaticComplexity="0" maxCrapScore="0" minCrapScore="0" visitedClasses="0" numClasses="0" visitedMethods="1" numMethods="1" />
              <MetadataToken>100663413</MetadataToken>
              <Name>System.Boolean PlayerControllerMovementPlayTests/&lt;PlayerRotates_TowardsMousePosition&gt;d__10::MoveNext()</Name>
              <FileRef uid="9" />
              <SequencePoints>
                <SequencePoint vc="1" uspid="1110" ordinal="0" offset="34" sl="128" sc="5" el="128" ec="5" bec="0" bev="0" fileid="9" />
                <SequencePoint vc="1" uspid="1111" ordinal="0" offset="35" sl="130" sc="9" el="130" ec="9" bec="0" bev="0" fileid="9" />
                <SequencePoint vc="1" uspid="1112" ordinal="0" offset="77" sl="131" sc="9" el="131" ec="9" bec="0" bev="0" fileid="9" />
                <SequencePoint vc="1" uspid="1113" ordinal="0" offset="120" sl="133" sc="9" el="133" ec="9" bec="0" bev="0" fileid="9" />
                <SequencePoint vc="1" uspid="1114" ordinal="0" offset="147" sl="136" sc="9" el="136" ec="9" bec="0" bev="0" fileid="9" />
                <SequencePoint vc="1" uspid="1115" ordinal="0" offset="170" sl="138" sc="9" el="138" ec="9" bec="0" bev="0" fileid="9" />
                <SequencePoint vc="1" uspid="1116" ordinal="0" offset="197" sl="140" sc="9" el="140" ec="9" bec="0" bev="0" fileid="9" />
                <SequencePoint vc="1" uspid="1117" ordinal="0" offset="231" sl="141" sc="5" el="141" ec="5" bec="0" bev="0" fileid="9" />
              </SequencePoints>
              <BranchPoints />
            </Method>
          </Methods>
        </Class>
        <Class>
          <Summary numSequencePoints="31" visitedSequencePoints="25" numBranchPoints="0" visitedBranchPoints="0" sequenceCoverage="80.65" branchCoverage="0.0" maxCyclomaticComplexity="0" minCyclomaticComplexity="0" maxCrapScore="0" minCrapScore="0" visitedClasses="1" numClasses="1" visitedMethods="1" numMethods="1" />
          <FullName>PlayerControllerPossessionPlayTests/&lt;Dismount_ExecutesParabolicJump&gt;d__12</FullName>
          <Methods>
            <Method visited="true" cyclomaticComplexity="0" nPathComplexity="0" sequenceCoverage="80.65" branchCoverage="0" crapScore="0" isConstructor="false" isStatic="false" isGetter="false" isSetter="false">
              <Summary numSequencePoints="31" visitedSequencePoints="25" numBranchPoints="0" visitedBranchPoints="0" sequenceCoverage="80.65" branchCoverage="0" maxCyclomaticComplexity="0" minCyclomaticComplexity="0" maxCrapScore="0" minCrapScore="0" visitedClasses="0" numClasses="0" visitedMethods="1" numMethods="1" />
              <MetadataToken>100663419</MetadataToken>
              <Name>System.Boolean PlayerControllerPossessionPlayTests/&lt;Dismount_ExecutesParabolicJump&gt;d__12::MoveNext()</Name>
              <FileRef uid="10" />
              <SequencePoints>
                <SequencePoint vc="1" uspid="1118" ordinal="0" offset="34" sl="169" sc="5" el="169" ec="5" bec="0" bev="0" fileid="10" />
                <SequencePoint vc="1" uspid="1119" ordinal="0" offset="35" sl="171" sc="9" el="171" ec="9" bec="0" bev="0" fileid="10" />
                <SequencePoint vc="1" uspid="1120" ordinal="0" offset="64" sl="174" sc="9" el="174" ec="9" bec="0" bev="0" fileid="10" />
                <SequencePoint vc="0" uspid="1121" ordinal="0" offset="80" sl="175" sc="9" el="175" ec="9" bec="0" bev="0" fileid="10" />
                <SequencePoint vc="0" uspid="1122" ordinal="0" offset="81" sl="176" sc="13" el="176" ec="13" bec="0" bev="0" fileid="10" />
                <SequencePoint vc="0" uspid="1123" ordinal="0" offset="92" sl="177" sc="13" el="177" ec="13" bec="0" bev="0" fileid="10" />
                <SequencePoint vc="1" uspid="1124" ordinal="0" offset="94" sl="180" sc="9" el="180" ec="9" bec="0" bev="0" fileid="10" />
                <SequencePoint vc="1" uspid="1125" ordinal="0" offset="137" sl="182" sc="9" el="182" ec="9" bec="0" bev="0" fileid="10" />
                <SequencePoint vc="1" uspid="1126" ordinal="0" offset="164" sl="185" sc="9" el="185" ec="9" bec="0" bev="0" fileid="10" />
                <SequencePoint vc="1" uspid="1127" ordinal="0" offset="193" sl="188" sc="9" el="188" ec="9" bec="0" bev="0" fileid="10" />
                <SequencePoint vc="0" uspid="1128" ordinal="0" offset="209" sl="189" sc="9" el="189" ec="9" bec="0" bev="0" fileid="10" />
                <SequencePoint vc="0" uspid="1129" ordinal="0" offset="210" sl="190" sc="13" el="190" ec="13" bec="0" bev="0" fileid="10" />
                <SequencePoint vc="0" uspid="1130" ordinal="0" offset="221" sl="191" sc="13" el="191" ec="13" bec="0" bev="0" fileid="10" />
                <SequencePoint vc="1" uspid="1131" ordinal="0" offset="223" sl="194" sc="9" el="194" ec="9" bec="0" bev="0" fileid="10" />
                <SequencePoint vc="1" uspid="1132" ordinal="0" offset="247" sl="197" sc="9" el="197" ec="9" bec="0" bev="0" fileid="10" />
                <SequencePoint vc="1" uspid="1133" ordinal="0" offset="258" sl="198" sc="9" el="198" ec="9" bec="0" bev="0" fileid="10" />
                <SequencePoint vc="1" uspid="1134" ordinal="0" offset="275" sl="199" sc="9" el="199" ec="9" bec="0" bev="0" fileid="10" />
                <SequencePoint vc="1" uspid="1135" ordinal="0" offset="304" sl="202" sc="9" el="202" ec="9" bec="0" bev="0" fileid="10" />
                <SequencePoint vc="1" uspid="1136" ordinal="0" offset="331" sl="203" sc="9" el="203" ec="9" bec="0" bev="0" fileid="10" />
                <SequencePoint vc="149" uspid="1137" ordinal="0" offset="390" sl="206" sc="9" el="206" ec="9" bec="0" bev="0" fileid="10" />
                <SequencePoint vc="149" uspid="1138" ordinal="0" offset="391" sl="207" sc="13" el="207" ec="13" bec="0" bev="0" fileid="10" />
                <SequencePoint vc="149" uspid="1139" ordinal="0" offset="415" sl="208" sc="13" el="208" ec="13" bec="0" bev="0" fileid="10" />
                <SequencePoint vc="149" uspid="1140" ordinal="0" offset="433" sl="210" sc="13" el="210" ec="13" bec="0" bev="0" fileid="10" />
                <SequencePoint vc="149" uspid="1141" ordinal="0" offset="465" sl="211" sc="13" el="211" ec="13" bec="0" bev="0" fileid="10" />
                <SequencePoint vc="28" uspid="1142" ordinal="0" offset="483" sl="211" sc="34" el="211" ec="34" bec="0" bev="0" fileid="10" />
                <SequencePoint vc="149" uspid="1143" ordinal="0" offset="495" sl="213" sc="13" el="213" ec="13" bec="0" bev="0" fileid="10" />
                <SequencePoint vc="149" uspid="1144" ordinal="0" offset="518" sl="214" sc="9" el="214" ec="9" bec="0" bev="0" fileid="10" />
                <SequencePoint vc="150" uspid="1145" ordinal="0" offset="519" sl="205" sc="9" el="205" ec="9" bec="0" bev="0" fileid="10" />
                <SequencePoint vc="1" uspid="1146" ordinal="0" offset="548" sl="217" sc="9" el="217" ec="9" bec="0" bev="0" fileid="10" />
                <SequencePoint vc="1" uspid="1147" ordinal="0" offset="581" sl="218" sc="9" el="218" ec="9" bec="0" bev="0" fileid="10" />
                <SequencePoint vc="1" uspid="1148" ordinal="0" offset="634" sl="220" sc="5" el="220" ec="5" bec="0" bev="0" fileid="10" />
              </SequencePoints>
              <BranchPoints />
            </Method>
          </Methods>
        </Class>
        <Class>
          <Summary numSequencePoints="17" visitedSequencePoints="14" numBranchPoints="0" visitedBranchPoints="0" sequenceCoverage="82.35" branchCoverage="0.0" maxCyclomaticComplexity="0" minCyclomaticComplexity="0" maxCrapScore="0" minCrapScore="0" visitedClasses="1" numClasses="1" visitedMethods="1" numMethods="1" />
          <FullName>PlayerControllerPossessionPlayTests/&lt;PlayerPosition_AdjustedOnPossession&gt;d__10</FullName>
          <Methods>
            <Method visited="true" cyclomaticComplexity="0" nPathComplexity="0" sequenceCoverage="82.35" branchCoverage="0" crapScore="0" isConstructor="false" isStatic="false" isGetter="false" isSetter="false">
              <Summary numSequencePoints="17" visitedSequencePoints="14" numBranchPoints="0" visitedBranchPoints="0" sequenceCoverage="82.35" branchCoverage="0" maxCyclomaticComplexity="0" minCyclomaticComplexity="0" maxCrapScore="0" minCrapScore="0" visitedClasses="0" numClasses="0" visitedMethods="1" numMethods="1" />
              <MetadataToken>100663425</MetadataToken>
              <Name>System.Boolean PlayerControllerPossessionPlayTests/&lt;PlayerPosition_AdjustedOnPossession&gt;d__10::MoveNext()</Name>
              <FileRef uid="10" />
              <SequencePoints>
                <SequencePoint vc="1" uspid="1149" ordinal="0" offset="34" sl="101" sc="5" el="101" ec="5" bec="0" bev="0" fileid="10" />
                <SequencePoint vc="1" uspid="1150" ordinal="0" offset="35" sl="102" sc="9" el="102" ec="9" bec="0" bev="0" fileid="10" />
                <SequencePoint vc="1" uspid="1151" ordinal="0" offset="62" sl="103" sc="9" el="103" ec="9" bec="0" bev="0" fileid="10" />
                <SequencePoint vc="1" uspid="1152" ordinal="0" offset="94" sl="106" sc="9" el="106" ec="9" bec="0" bev="0" fileid="10" />
                <SequencePoint vc="1" uspid="1153" ordinal="0" offset="123" sl="109" sc="9" el="109" ec="9" bec="0" bev="0" fileid="10" />
                <SequencePoint vc="1" uspid="1154" ordinal="0" offset="142" sl="110" sc="9" el="110" ec="9" bec="0" bev="0" fileid="10" />
                <SequencePoint vc="1" uspid="1155" ordinal="0" offset="143" sl="111" sc="13" el="111" ec="13" bec="0" bev="0" fileid="10" />
                <SequencePoint vc="1" uspid="1156" ordinal="0" offset="186" sl="113" sc="13" el="113" ec="13" bec="0" bev="0" fileid="10" />
                <SequencePoint vc="1" uspid="1157" ordinal="0" offset="209" sl="115" sc="13" el="115" ec="13" bec="0" bev="0" fileid="10" />
                <SequencePoint vc="1" uspid="1158" ordinal="0" offset="236" sl="118" sc="13" el="118" ec="13" bec="0" bev="0" fileid="10" />
                <SequencePoint vc="1" uspid="1159" ordinal="0" offset="285" sl="119" sc="13" el="119" ec="13" bec="0" bev="0" fileid="10" />
                <SequencePoint vc="1" uspid="1160" ordinal="0" offset="334" sl="120" sc="13" el="120" ec="13" bec="0" bev="0" fileid="10" />
                <SequencePoint vc="1" uspid="1161" ordinal="0" offset="383" sl="121" sc="9" el="121" ec="9" bec="0" bev="0" fileid="10" />
                <SequencePoint vc="0" uspid="1162" ordinal="0" offset="398" sl="123" sc="9" el="123" ec="9" bec="0" bev="0" fileid="10" />
                <SequencePoint vc="0" uspid="1163" ordinal="0" offset="399" sl="124" sc="13" el="124" ec="13" bec="0" bev="0" fileid="10" />
                <SequencePoint vc="0" uspid="1164" ordinal="0" offset="410" sl="125" sc="9" el="125" ec="9" bec="0" bev="0" fileid="10" />
                <SequencePoint vc="1" uspid="1165" ordinal="0" offset="411" sl="126" sc="5" el="126" ec="5" bec="0" bev="0" fileid="10" />
              </SequencePoints>
              <BranchPoints />
            </Method>
          </Methods>
        </Class>
        <Class>
          <Summary numSequencePoints="31" visitedSequencePoints="31" numBranchPoints="0" visitedBranchPoints="0" sequenceCoverage="100.0" branchCoverage="0.0" maxCyclomaticComplexity="0" minCyclomaticComplexity="0" maxCrapScore="0" minCrapScore="0" visitedClasses="1" numClasses="1" visitedMethods="1" numMethods="1" />
          <FullName>PlayerMovementTests/&lt;PlayerJumpFollowsTrajectory&gt;d__4</FullName>
          <Methods>
            <Method visited="true" cyclomaticComplexity="0" nPathComplexity="0" sequenceCoverage="100.0" branchCoverage="0" crapScore="0" isConstructor="false" isStatic="false" isGetter="false" isSetter="false">
              <Summary numSequencePoints="31" visitedSequencePoints="31" numBranchPoints="0" visitedBranchPoints="0" sequenceCoverage="100.0" branchCoverage="0" maxCyclomaticComplexity="0" minCyclomaticComplexity="0" maxCrapScore="0" minCrapScore="0" visitedClasses="0" numClasses="0" visitedMethods="1" numMethods="1" />
              <MetadataToken>100663431</MetadataToken>
              <Name>System.Boolean PlayerMovementTests/&lt;PlayerJumpFollowsTrajectory&gt;d__4::MoveNext()</Name>
              <FileRef uid="11" />
              <SequencePoints>
                <SequencePoint vc="1" uspid="1166" ordinal="0" offset="34" sl="48" sc="5" el="48" ec="5" bec="0" bev="0" fileid="11" />
                <SequencePoint vc="1" uspid="1167" ordinal="0" offset="35" sl="51" sc="9" el="51" ec="9" bec="0" bev="0" fileid="11" />
                <SequencePoint vc="1" uspid="1168" ordinal="0" offset="57" sl="52" sc="9" el="52" ec="9" bec="0" bev="0" fileid="11" />
                <SequencePoint vc="1" uspid="1169" ordinal="0" offset="79" sl="53" sc="9" el="53" ec="9" bec="0" bev="0" fileid="11" />
                <SequencePoint vc="1" uspid="1170" ordinal="0" offset="101" sl="54" sc="9" el="54" ec="9" bec="0" bev="0" fileid="11" />
                <SequencePoint vc="1" uspid="1171" ordinal="0" offset="117" sl="54" sc="37" el="54" ec="37" bec="0" bev="0" fileid="11" />
                <SequencePoint vc="1" uspid="1172" ordinal="0" offset="150" sl="55" sc="9" el="55" ec="9" bec="0" bev="0" fileid="11" />
                <SequencePoint vc="1" uspid="1173" ordinal="0" offset="166" sl="55" sc="39" el="55" ec="39" bec="0" bev="0" fileid="11" />
                <SequencePoint vc="1" uspid="1174" ordinal="0" offset="199" sl="58" sc="9" el="58" ec="9" bec="0" bev="0" fileid="11" />
                <SequencePoint vc="1" uspid="1175" ordinal="0" offset="226" sl="59" sc="9" el="59" ec="9" bec="0" bev="0" fileid="11" />
                <SequencePoint vc="1" uspid="1176" ordinal="0" offset="258" sl="62" sc="9" el="62" ec="9" bec="0" bev="0" fileid="11" />
                <SequencePoint vc="1" uspid="1177" ordinal="0" offset="280" sl="63" sc="9" el="63" ec="9" bec="0" bev="0" fileid="11" />
                <SequencePoint vc="1" uspid="1178" ordinal="0" offset="334" sl="64" sc="9" el="64" ec="9" bec="0" bev="0" fileid="11" />
                <SequencePoint vc="1" uspid="1179" ordinal="0" offset="412" sl="66" sc="9" el="66" ec="9" bec="0" bev="0" fileid="11" />
                <SequencePoint vc="1" uspid="1180" ordinal="0" offset="423" sl="67" sc="9" el="67" ec="9" bec="0" bev="0" fileid="11" />
                <SequencePoint vc="1" uspid="1181" ordinal="0" offset="440" sl="68" sc="9" el="68" ec="9" bec="0" bev="0" fileid="11" />
                <SequencePoint vc="151" uspid="1182" ordinal="0" offset="469" sl="70" sc="9" el="70" ec="9" bec="0" bev="0" fileid="11" />
                <SequencePoint vc="151" uspid="1183" ordinal="0" offset="470" sl="72" sc="13" el="72" ec="13" bec="0" bev="0" fileid="11" />
                <SequencePoint vc="151" uspid="1184" ordinal="0" offset="494" sl="73" sc="13" el="73" ec="13" bec="0" bev="0" fileid="11" />
                <SequencePoint vc="151" uspid="1185" ordinal="0" offset="512" sl="75" sc="13" el="75" ec="13" bec="0" bev="0" fileid="11" />
                <SequencePoint vc="151" uspid="1186" ordinal="0" offset="544" sl="76" sc="13" el="76" ec="13" bec="0" bev="0" fileid="11" />
                <SequencePoint vc="34" uspid="1187" ordinal="0" offset="562" sl="76" sc="34" el="76" ec="34" bec="0" bev="0" fileid="11" />
                <SequencePoint vc="151" uspid="1188" ordinal="0" offset="574" sl="77" sc="13" el="77" ec="13" bec="0" bev="0" fileid="11" />
                <SequencePoint vc="151" uspid="1189" ordinal="0" offset="597" sl="78" sc="9" el="78" ec="9" bec="0" bev="0" fileid="11" />
                <SequencePoint vc="152" uspid="1190" ordinal="0" offset="598" sl="69" sc="9" el="69" ec="9" bec="0" bev="0" fileid="11" />
                <SequencePoint vc="1" uspid="1191" ordinal="0" offset="627" sl="80" sc="9" el="80" ec="9" bec="0" bev="0" fileid="11" />
                <SequencePoint vc="1" uspid="1192" ordinal="0" offset="654" sl="83" sc="9" el="83" ec="9" bec="0" bev="0" fileid="11" />
                <SequencePoint vc="1" uspid="1193" ordinal="0" offset="703" sl="84" sc="9" el="84" ec="9" bec="0" bev="0" fileid="11" />
                <SequencePoint vc="1" uspid="1194" ordinal="0" offset="752" sl="85" sc="9" el="85" ec="9" bec="0" bev="0" fileid="11" />
                <SequencePoint vc="1" uspid="1195" ordinal="0" offset="791" sl="87" sc="9" el="87" ec="9" bec="0" bev="0" fileid="11" />
                <SequencePoint vc="1" uspid="1196" ordinal="0" offset="840" sl="88" sc="5" el="88" ec="5" bec="0" bev="0" fileid="11" />
              </SequencePoints>
              <BranchPoints />
            </Method>
          </Methods>
        </Class>
        <Class>
          <Summary numSequencePoints="9" visitedSequencePoints="9" numBranchPoints="0" visitedBranchPoints="0" sequenceCoverage="100.0" branchCoverage="0.0" maxCyclomaticComplexity="0" minCyclomaticComplexity="0" maxCrapScore="0" minCrapScore="0" visitedClasses="1" numClasses="1" visitedMethods="1" numMethods="1" />
          <FullName>PlayerMovementTests/&lt;PlayerMovesForward_WhenPressingW&gt;d__3</FullName>
          <Methods>
            <Method visited="true" cyclomaticComplexity="0" nPathComplexity="0" sequenceCoverage="100.0" branchCoverage="0" crapScore="0" isConstructor="false" isStatic="false" isGetter="false" isSetter="false">
              <Summary numSequencePoints="9" visitedSequencePoints="9" numBranchPoints="0" visitedBranchPoints="0" sequenceCoverage="100.0" branchCoverage="0" maxCyclomaticComplexity="0" minCyclomaticComplexity="0" maxCrapScore="0" minCrapScore="0" visitedClasses="0" numClasses="0" visitedMethods="1" numMethods="1" />
              <MetadataToken>100663437</MetadataToken>
              <Name>System.Boolean PlayerMovementTests/&lt;PlayerMovesForward_WhenPressingW&gt;d__3::MoveNext()</Name>
              <FileRef uid="11" />
              <SequencePoints>
                <SequencePoint vc="1" uspid="1197" ordinal="0" offset="34" sl="30" sc="5" el="30" ec="5" bec="0" bev="0" fileid="11" />
                <SequencePoint vc="1" uspid="1198" ordinal="0" offset="35" sl="31" sc="9" el="31" ec="9" bec="0" bev="0" fileid="11" />
                <SequencePoint vc="1" uspid="1199" ordinal="0" offset="62" sl="35" sc="9" el="35" ec="9" bec="0" bev="0" fileid="11" />
                <SequencePoint vc="1" uspid="1200" ordinal="0" offset="88" sl="37" sc="9" el="37" ec="9" bec="0" bev="0" fileid="11" />
                <SequencePoint vc="1" uspid="1201" ordinal="0" offset="120" sl="38" sc="9" el="38" ec="9" bec="0" bev="0" fileid="11" />
                <SequencePoint vc="1" uspid="1202" ordinal="0" offset="174" sl="39" sc="9" el="39" ec="9" bec="0" bev="0" fileid="11" />
                <SequencePoint vc="1" uspid="1203" ordinal="0" offset="224" sl="41" sc="9" el="41" ec="9" bec="0" bev="0" fileid="11" />
                <SequencePoint vc="1" uspid="1204" ordinal="0" offset="247" sl="43" sc="9" el="43" ec="9" bec="0" bev="0" fileid="11" />
                <SequencePoint vc="1" uspid="1205" ordinal="0" offset="300" sl="44" sc="5" el="44" ec="5" bec="0" bev="0" fileid="11" />
              </SequencePoints>
              <BranchPoints />
            </Method>
          </Methods>
        </Class>
      </Classes>
    </Module>
  </Modules>
</CoverageSession>