<?xml version="1.0" encoding="utf-8"?>
<!DOCTYPE coverage SYSTEM "http://cobertura.sourceforge.net/xml/coverage-04.dtd">
<coverage line-rate="0.696474634565778" branch-rate="1" lines-covered="810" lines-valid="1163" branches-covered="0" branches-valid="0" complexity="0" version="0" timestamp="1768215485">
  <sources />
  <packages>
    <package name="Assembly-CSharp" line-rate="0.705583756345178" branch-rate="1" complexity="0">
      <classes>
        <class name="CameraFollow" filename="C:/dev/unity/Headcrab Miami/Assets/Scripts/CameraFollow.cs" line-rate="0.967391304347826" branch-rate="1" complexity="0">
          <methods>
            <method name="Start" signature="()" line-rate="1" branch-rate="1" complexity="0">
              <lines>
                <line number="39" hits="5" branch="false" />
                <line number="40" hits="5" branch="false" />
                <line number="41" hits="5" branch="false" />
              </lines>
            </method>
            <method name="Update" signature="()" line-rate="0.75" branch-rate="1" complexity="0">
              <lines>
                <line number="44" hits="259" branch="false" />
                <line number="45" hits="259" branch="false" />
                <line number="46" hits="101" branch="false" />
                <line number="48" hits="158" branch="false" />
                <line number="49" hits="0" branch="false" />
                <line number="51" hits="158" branch="false" />
                <line number="52" hits="0" branch="false" />
                <line number="53" hits="259" branch="false" />
              </lines>
            </method>
            <method name="LateUpdate" signature="()" line-rate="1" branch-rate="1" complexity="0">
              <lines>
                <line number="56" hits="356" branch="false" />
                <line number="57" hits="356" branch="false" />
                <line number="58" hits="4" branch="false" />
                <line number="60" hits="352" branch="false" />
                <line number="61" hits="138" branch="false" />
                <line number="62" hits="138" branch="false" />
                <line number="63" hits="138" branch="false" />
                <line number="66" hits="214" branch="false" />
                <line number="69" hits="214" branch="false" />
                <line number="75" hits="214" branch="false" />
                <line number="76" hits="213" branch="false" />
                <line number="77" hits="213" branch="false" />
                <line number="78" hits="213" branch="false" />
                <line number="80" hits="213" branch="false" />
                <line number="81" hits="213" branch="false" />
                <line number="82" hits="208" branch="false" />
                <line number="84" hits="213" branch="false" />
                <line number="86" hits="213" branch="false" />
                <line number="92" hits="213" branch="false" />
                <line number="94" hits="1" branch="false" />
                <line number="95" hits="1" branch="false" />
                <line number="96" hits="1" branch="false" />
                <line number="98" hits="1" branch="false" />
                <line number="99" hits="1" branch="false" />
                <line number="101" hits="1" branch="false" />
                <line number="103" hits="1" branch="false" />
                <line number="109" hits="1" branch="false" />
                <line number="115" hits="1" branch="false" />
                <line number="121" hits="1" branch="false" />
                <line number="122" hits="356" branch="false" />
              </lines>
            </method>
            <method name="UpdateJumpingCamera" signature="()" line-rate="1" branch-rate="1" complexity="0">
              <lines>
                <line number="125" hits="138" branch="false" />
                <line number="126" hits="138" branch="false" />
                <line number="127" hits="138" branch="false" />
                <line number="130" hits="138" branch="false" />
                <line number="133" hits="138" branch="false" />
                <line number="140" hits="138" branch="false" />
                <line number="147" hits="138" branch="false" />
                <line number="148" hits="1" branch="false" />
                <line number="149" hits="138" branch="false" />
              </lines>
            </method>
            <method name="SetJumping" signature="(System.Boolean, System.Single)" line-rate="0.916666666666667" branch-rate="1" complexity="NaN">
              <lines>
                <line number="153" hits="10" branch="false" />
                <line number="154" hits="10" branch="false" />
                <line number="155" hits="10" branch="false" />
                <line number="156" hits="10" branch="false" />
                <line number="158" hits="10" branch="false" />
                <line number="159" hits="4" branch="false" />
                <line number="160" hits="4" branch="false" />
                <line number="161" hits="4" branch="false" />
                <line number="163" hits="4" branch="false" />
                <line number="164" hits="0" branch="false" />
                <line number="165" hits="4" branch="false" />
                <line number="166" hits="10" branch="false" />
              </lines>
            </method>
            <method name="EnterAimMode" signature="()" line-rate="1" branch-rate="1" complexity="0">
              <lines>
                <line number="170" hits="1" branch="false" />
                <line number="171" hits="1" branch="false" />
                <line number="172" hits="1" branch="false" />
                <line number="173" hits="1" branch="false" />
                <line number="174" hits="1" branch="false" />
              </lines>
            </method>
            <method name="ExitAimMode" signature="()" line-rate="1" branch-rate="1" complexity="0">
              <lines>
                <line number="177" hits="1" branch="false" />
                <line number="178" hits="1" branch="false" />
                <line number="179" hits="1" branch="false" />
                <line number="180" hits="1" branch="false" />
                <line number="181" hits="1" branch="false" />
              </lines>
            </method>
            <method name="GetMouseWorldPosition" signature="()" line-rate="1" branch-rate="1" complexity="0">
              <lines>
                <line number="184" hits="214" branch="false" />
                <line number="185" hits="214" branch="false" />
                <line number="186" hits="214" branch="false" />
                <line number="188" hits="214" branch="false" />
                <line number="189" hits="209" branch="false" />
                <line number="191" hits="5" branch="false" />
                <line number="192" hits="214" branch="false" />
              </lines>
            </method>
            <method name="SetTarget" signature="(UnityEngine.Transform)" line-rate="1" branch-rate="1" complexity="NaN">
              <lines>
                <line number="195" hits="3" branch="false" />
                <line number="196" hits="3" branch="false" />
                <line number="197" hits="3" branch="false" />
              </lines>
            </method>
            <method name="CameraFollow" signature="()" line-rate="1" branch-rate="1" complexity="0">
              <lines>
                <line number="9" hits="12" branch="false" />
                <line number="12" hits="12" branch="false" />
                <line number="13" hits="12" branch="false" />
                <line number="16" hits="12" branch="false" />
                <line number="17" hits="12" branch="false" />
                <line number="18" hits="12" branch="false" />
                <line number="19" hits="12" branch="false" />
                <line number="22" hits="12" branch="false" />
                <line number="27" hits="12" branch="false" />
                <line number="28" hits="12" branch="false" />
              </lines>
            </method>
          </methods>
          <lines>
            <line number="9" hits="12" branch="false" />
            <line number="12" hits="12" branch="false" />
            <line number="13" hits="12" branch="false" />
            <line number="16" hits="12" branch="false" />
            <line number="17" hits="12" branch="false" />
            <line number="18" hits="12" branch="false" />
            <line number="19" hits="12" branch="false" />
            <line number="22" hits="12" branch="false" />
            <line number="27" hits="12" branch="false" />
            <line number="28" hits="12" branch="false" />
            <line number="39" hits="5" branch="false" />
            <line number="40" hits="5" branch="false" />
            <line number="41" hits="5" branch="false" />
            <line number="44" hits="259" branch="false" />
            <line number="45" hits="259" branch="false" />
            <line number="46" hits="101" branch="false" />
            <line number="48" hits="158" branch="false" />
            <line number="49" hits="0" branch="false" />
            <line number="51" hits="158" branch="false" />
            <line number="52" hits="0" branch="false" />
            <line number="53" hits="259" branch="false" />
            <line number="56" hits="356" branch="false" />
            <line number="57" hits="356" branch="false" />
            <line number="58" hits="4" branch="false" />
            <line number="60" hits="352" branch="false" />
            <line number="61" hits="138" branch="false" />
            <line number="62" hits="138" branch="false" />
            <line number="63" hits="138" branch="false" />
            <line number="66" hits="214" branch="false" />
            <line number="69" hits="214" branch="false" />
            <line number="75" hits="214" branch="false" />
            <line number="76" hits="213" branch="false" />
            <line number="77" hits="213" branch="false" />
            <line number="78" hits="213" branch="false" />
            <line number="80" hits="213" branch="false" />
            <line number="81" hits="213" branch="false" />
            <line number="82" hits="208" branch="false" />
            <line number="84" hits="213" branch="false" />
            <line number="86" hits="213" branch="false" />
            <line number="92" hits="213" branch="false" />
            <line number="94" hits="1" branch="false" />
            <line number="95" hits="1" branch="false" />
            <line number="96" hits="1" branch="false" />
            <line number="98" hits="1" branch="false" />
            <line number="99" hits="1" branch="false" />
            <line number="101" hits="1" branch="false" />
            <line number="103" hits="1" branch="false" />
            <line number="109" hits="1" branch="false" />
            <line number="115" hits="1" branch="false" />
            <line number="121" hits="1" branch="false" />
            <line number="122" hits="356" branch="false" />
            <line number="125" hits="138" branch="false" />
            <line number="126" hits="138" branch="false" />
            <line number="127" hits="138" branch="false" />
            <line number="130" hits="138" branch="false" />
            <line number="133" hits="138" branch="false" />
            <line number="140" hits="138" branch="false" />
            <line number="147" hits="138" branch="false" />
            <line number="148" hits="1" branch="false" />
            <line number="149" hits="138" branch="false" />
            <line number="153" hits="10" branch="false" />
            <line number="154" hits="10" branch="false" />
            <line number="155" hits="10" branch="false" />
            <line number="156" hits="10" branch="false" />
            <line number="158" hits="10" branch="false" />
            <line number="159" hits="4" branch="false" />
            <line number="160" hits="4" branch="false" />
            <line number="161" hits="4" branch="false" />
            <line number="163" hits="4" branch="false" />
            <line number="164" hits="0" branch="false" />
            <line number="165" hits="4" branch="false" />
            <line number="166" hits="10" branch="false" />
            <line number="170" hits="1" branch="false" />
            <line number="171" hits="1" branch="false" />
            <line number="172" hits="1" branch="false" />
            <line number="173" hits="1" branch="false" />
            <line number="174" hits="1" branch="false" />
            <line number="177" hits="1" branch="false" />
            <line number="178" hits="1" branch="false" />
            <line number="179" hits="1" branch="false" />
            <line number="180" hits="1" branch="false" />
            <line number="181" hits="1" branch="false" />
            <line number="184" hits="214" branch="false" />
            <line number="185" hits="214" branch="false" />
            <line number="186" hits="214" branch="false" />
            <line number="188" hits="214" branch="false" />
            <line number="189" hits="209" branch="false" />
            <line number="191" hits="5" branch="false" />
            <line number="192" hits="214" branch="false" />
            <line number="195" hits="3" branch="false" />
            <line number="196" hits="3" branch="false" />
            <line number="197" hits="3" branch="false" />
          </lines>
        </class>
        <class name="EnemyController" filename="C:/dev/unity/Headcrab Miami/Assets/Scripts/EnemyController.cs" line-rate="1" branch-rate="1" complexity="0">
          <methods>
            <method name="CanBePossessed" signature="()" line-rate="1" branch-rate="1" complexity="NaN">
              <lines>
                <line number="5" hits="1" branch="false" />
              </lines>
            </method>
            <method name="OnPossessed" signature="()" line-rate="1" branch-rate="1" complexity="0">
              <lines>
                <line number="10" hits="10" branch="false" />
                <line number="11" hits="10" branch="false" />
                <line number="12" hits="10" branch="false" />
                <line number="13" hits="10" branch="false" />
              </lines>
            </method>
            <method name="OnReleased" signature="()" line-rate="1" branch-rate="1" complexity="0">
              <lines>
                <line number="16" hits="6" branch="false" />
                <line number="17" hits="6" branch="false" />
                <line number="18" hits="6" branch="false" />
                <line number="19" hits="6" branch="false" />
              </lines>
            </method>
            <method name="IsPossessed" signature="()" line-rate="1" branch-rate="1" complexity="NaN">
              <lines>
                <line number="21" hits="8" branch="false" />
              </lines>
            </method>
            <method name="EnemyController" signature="()" line-rate="1" branch-rate="1" complexity="0">
              <lines>
                <line number="7" hits="11" branch="false" />
              </lines>
            </method>
          </methods>
          <lines>
            <line number="5" hits="1" branch="false" />
            <line number="7" hits="11" branch="false" />
            <line number="10" hits="10" branch="false" />
            <line number="11" hits="10" branch="false" />
            <line number="12" hits="10" branch="false" />
            <line number="13" hits="10" branch="false" />
            <line number="16" hits="6" branch="false" />
            <line number="17" hits="6" branch="false" />
            <line number="18" hits="6" branch="false" />
            <line number="19" hits="6" branch="false" />
            <line number="21" hits="8" branch="false" />
          </lines>
        </class>
        <class name="PlayerController" filename="C:/dev/unity/Headcrab Miami/Assets/Scripts/PlayerController.cs" line-rate="0.796380090497738" branch-rate="1" complexity="0">
          <methods>
            <method name="CurrentState" signature="()" line-rate="1" branch-rate="1" complexity="NaN">
              <lines>
                <line number="25" hits="1474" branch="false" />
              </lines>
            </method>
            <method name="CurrentState" signature="(PlayerState)" line-rate="1" branch-rate="1" complexity="NaN">
              <lines>
                <line number="25" hits="1474" branch="false" />
              </lines>
            </method>
            <method name="MoveSpeed" signature="()" line-rate="1" branch-rate="1" complexity="NaN">
              <lines>
                <line number="32" hits="1" branch="false" />
              </lines>
            </method>
            <method name="MoveSpeed" signature="(System.Single)" line-rate="1" branch-rate="1" complexity="NaN">
              <lines>
                <line number="32" hits="1" branch="false" />
              </lines>
            </method>
            <method name="JumpHeight" signature="()" line-rate="1" branch-rate="1" complexity="NaN">
              <lines>
                <line number="33" hits="3" branch="false" />
              </lines>
            </method>
            <method name="JumpHeight" signature="(System.Single)" line-rate="1" branch-rate="1" complexity="NaN">
              <lines>
                <line number="33" hits="3" branch="false" />
              </lines>
            </method>
            <method name="JumpDuration" signature="()" line-rate="1" branch-rate="1" complexity="NaN">
              <lines>
                <line number="34" hits="8" branch="false" />
              </lines>
            </method>
            <method name="JumpDuration" signature="(System.Single)" line-rate="1" branch-rate="1" complexity="NaN">
              <lines>
                <line number="34" hits="8" branch="false" />
              </lines>
            </method>
            <method name="StartJumpPublic" signature="()" line-rate="0" branch-rate="1" complexity="0">
              <lines>
                <line number="41" hits="0" branch="false" />
                <line number="42" hits="0" branch="false" />
                <line number="43" hits="0" branch="false" />
              </lines>
            </method>
            <method name="StartJumpWithPoints" signature="(UnityEngine.Vector3[], System.Single)" line-rate="0.909090909090909" branch-rate="1" complexity="NaN">
              <lines>
                <line number="49" hits="6" branch="false" />
                <line number="50" hits="6" branch="false" />
                <line number="52" hits="6" branch="false" />
                <line number="53" hits="6" branch="false" />
                <line number="55" hits="6" branch="false" />
                <line number="56" hits="0" branch="false" />
                <line number="58" hits="6" branch="false" />
                <line number="59" hits="6" branch="false" />
                <line number="61" hits="6" branch="false" />
                <line number="62" hits="6" branch="false" />
                <line number="63" hits="6" branch="false" />
              </lines>
            </method>
            <method name="Start" signature="()" line-rate="1" branch-rate="1" complexity="0">
              <lines>
                <line number="77" hits="12" branch="false" />
                <line number="78" hits="12" branch="false" />
                <line number="79" hits="12" branch="false" />
                <line number="81" hits="12" branch="false" />
                <line number="82" hits="12" branch="false" />
                <line number="84" hits="12" branch="false" />
                <line number="85" hits="12" branch="false" />
                <line number="86" hits="12" branch="false" />
              </lines>
            </method>
            <method name="Update" signature="()" line-rate="0.818181818181818" branch-rate="1" complexity="0">
              <lines>
                <line number="89" hits="1332" branch="false" />
                <line number="90" hits="1332" branch="false" />
                <line number="93" hits="789" branch="false" />
                <line number="94" hits="789" branch="false" />
                <line number="97" hits="0" branch="false" />
                <line number="98" hits="0" branch="false" />
                <line number="101" hits="542" branch="false" />
                <line number="102" hits="542" branch="false" />
                <line number="105" hits="1" branch="false" />
                <line number="106" hits="1" branch="false" />
                <line number="108" hits="1332" branch="false" />
              </lines>
            </method>
            <method name="UpdateNormal" signature="()" line-rate="0.833333333333333" branch-rate="1" complexity="0">
              <lines>
                <line number="113" hits="789" branch="false" />
                <line number="114" hits="789" branch="false" />
                <line number="115" hits="789" branch="false" />
                <line number="117" hits="789" branch="false" />
                <line number="118" hits="0" branch="false" />
                <line number="121" hits="789" branch="false" />
              </lines>
            </method>
            <method name="UpdateAiming" signature="()" line-rate="0" branch-rate="1" complexity="0">
              <lines>
                <line number="124" hits="0" branch="false" />
                <line number="125" hits="0" branch="false" />
                <line number="126" hits="0" branch="false" />
                <line number="128" hits="0" branch="false" />
                <line number="129" hits="0" branch="false" />
                <line number="131" hits="0" branch="false" />
                <line number="132" hits="0" branch="false" />
                <line number="133" hits="0" branch="false" />
              </lines>
            </method>
            <method name="UpdateJump" signature="()" line-rate="1" branch-rate="1" complexity="0">
              <lines>
                <line number="136" hits="542" branch="false" />
                <line number="137" hits="542" branch="false" />
                <line number="138" hits="134" branch="false" />
                <line number="139" hits="134" branch="false" />
                <line number="140" hits="134" branch="false" />
                <line number="143" hits="134" branch="false" />
                <line number="144" hits="134" branch="false" />
                <line number="145" hits="134" branch="false" />
                <line number="147" hits="134" branch="false" />
                <line number="149" hits="134" branch="false" />
                <line number="150" hits="1" branch="false" />
                <line number="151" hits="134" branch="false" />
                <line number="153" hits="408" branch="false" />
                <line number="155" hits="408" branch="false" />
                <line number="156" hits="408" branch="false" />
                <line number="158" hits="408" branch="false" />
                <line number="159" hits="408" branch="false" />
                <line number="161" hits="408" branch="false" />
                <line number="162" hits="408" branch="false" />
                <line number="163" hits="408" branch="false" />
                <line number="165" hits="408" branch="false" />
                <line number="167" hits="408" branch="false" />
                <line number="169" hits="408" branch="false" />
                <line number="170" hits="5" branch="false" />
                <line number="171" hits="408" branch="false" />
                <line number="172" hits="542" branch="false" />
              </lines>
            </method>
            <method name="UpdatePossessing" signature="()" line-rate="0.647058823529412" branch-rate="1" complexity="0">
              <lines>
                <line number="176" hits="1" branch="false" />
                <line number="177" hits="1" branch="false" />
                <line number="178" hits="0" branch="false" />
                <line number="179" hits="0" branch="false" />
                <line number="180" hits="0" branch="false" />
                <line number="184" hits="1" branch="false" />
                <line number="185" hits="0" branch="false" />
                <line number="186" hits="0" branch="false" />
                <line number="187" hits="0" branch="false" />
                <line number="189" hits="1" branch="false" />
                <line number="190" hits="1" branch="false" />
                <line number="192" hits="1" branch="false" />
                <line number="193" hits="1" branch="false" />
                <line number="195" hits="1" branch="false" />
                <line number="196" hits="1" branch="false" />
                <line number="197" hits="1" branch="false" />
                <line number="198" hits="1" branch="false" />
              </lines>
            </method>
            <method name="EnterAiming" signature="()" line-rate="0" branch-rate="1" complexity="0">
              <lines>
                <line number="203" hits="0" branch="false" />
              </lines>
            </method>
            <method name="ExitAiming" signature="()" line-rate="0" branch-rate="1" complexity="0">
              <lines>
                <line number="204" hits="0" branch="false" />
              </lines>
            </method>
            <method name="StartJump" signature="()" line-rate="0" branch-rate="1" complexity="0">
              <lines>
                <line number="207" hits="0" branch="false" />
                <line number="208" hits="0" branch="false" />
                <line number="209" hits="0" branch="false" />
                <line number="210" hits="0" branch="false" />
                <line number="212" hits="0" branch="false" />
                <line number="213" hits="0" branch="false" />
                <line number="215" hits="0" branch="false" />
                <line number="216" hits="0" branch="false" />
                <line number="217" hits="0" branch="false" />
              </lines>
            </method>
            <method name="EndJump" signature="()" line-rate="0.916666666666667" branch-rate="1" complexity="0">
              <lines>
                <line number="220" hits="10" branch="false" />
                <line number="221" hits="10" branch="false" />
                <line number="222" hits="10" branch="false" />
                <line number="223" hits="10" branch="false" />
                <line number="226" hits="10" branch="false" />
                <line number="227" hits="5" branch="false" />
                <line number="229" hits="10" branch="false" />
                <line number="230" hits="0" branch="false" />
                <line number="232" hits="10" branch="false" />
                <line number="233" hits="2" branch="false" />
                <line number="234" hits="10" branch="false" />
                <line number="235" hits="10" branch="false" />
              </lines>
            </method>
            <method name="CheckPossessionCollision" signature="()" line-rate="0.363636363636364" branch-rate="1" complexity="0">
              <lines>
                <line number="240" hits="408" branch="false" />
                <line number="241" hits="408" branch="false" />
                <line number="242" hits="1224" branch="false" />
                <line number="243" hits="0" branch="false" />
                <line number="244" hits="0" branch="false" />
                <line number="245" hits="0" branch="false" />
                <line number="246" hits="0" branch="false" />
                <line number="247" hits="0" branch="false" />
                <line number="248" hits="0" branch="false" />
                <line number="250" hits="0" branch="false" />
                <line number="251" hits="408" branch="false" />
              </lines>
            </method>
            <method name="PossessEnemy" signature="(EnemyController)" line-rate="1" branch-rate="1" complexity="NaN">
              <lines>
                <line number="254" hits="5" branch="false" />
                <line number="256" hits="5" branch="false" />
                <line number="259" hits="5" branch="false" />
                <line number="262" hits="5" branch="false" />
                <line number="263" hits="5" branch="false" />
                <line number="266" hits="5" branch="false" />
                <line number="269" hits="5" branch="false" />
                <line number="270" hits="2" branch="false" />
                <line number="271" hits="2" branch="false" />
                <line number="272" hits="2" branch="false" />
                <line number="273" hits="2" branch="false" />
                <line number="274" hits="5" branch="false" />
              </lines>
            </method>
            <method name="ReleaseEnemy" signature="()" line-rate="1" branch-rate="1" complexity="0">
              <lines>
                <line number="277" hits="1" branch="false" />
                <line number="278" hits="1" branch="false" />
                <line number="279" hits="1" branch="false" />
                <line number="280" hits="1" branch="false" />
                <line number="281" hits="1" branch="false" />
                <line number="282" hits="1" branch="false" />
                <line number="283" hits="1" branch="false" />
                <line number="284" hits="1" branch="false" />
              </lines>
            </method>
            <method name="HandleMovement" signature="()" line-rate="1" branch-rate="1" complexity="0">
              <lines>
                <line number="289" hits="790" branch="false" />
                <line number="290" hits="790" branch="false" />
                <line number="291" hits="790" branch="false" />
                <line number="293" hits="790" branch="false" />
                <line number="294" hits="790" branch="false" />
                <line number="295" hits="790" branch="false" />
              </lines>
            </method>
            <method name="RotateTowardsMouse" signature="()" line-rate="1" branch-rate="1" complexity="0">
              <lines>
                <line number="298" hits="790" branch="false" />
                <line number="299" hits="790" branch="false" />
                <line number="300" hits="790" branch="false" />
                <line number="302" hits="790" branch="false" />
                <line number="303" hits="166" branch="false" />
                <line number="304" hits="166" branch="false" />
                <line number="305" hits="166" branch="false" />
                <line number="306" hits="166" branch="false" />
                <line number="308" hits="166" branch="false" />
                <line number="309" hits="166" branch="false" />
                <line number="310" hits="166" branch="false" />
                <line number="311" hits="790" branch="false" />
              </lines>
            </method>
            <method name="CalculateTotalTrajectoryDistance" signature="()" line-rate="0.875" branch-rate="1" complexity="0">
              <lines>
                <line number="314" hits="408" branch="false" />
                <line number="315" hits="408" branch="false" />
                <line number="316" hits="0" branch="false" />
                <line number="318" hits="408" branch="false" />
                <line number="319" hits="1778" branch="false" />
                <line number="320" hits="481" branch="false" />
                <line number="321" hits="408" branch="false" />
                <line number="322" hits="408" branch="false" />
              </lines>
            </method>
            <method name="GetPositionAlongTrajectory" signature="(System.Single)" line-rate="0.846153846153846" branch-rate="1" complexity="NaN">
              <lines>
                <line number="325" hits="408" branch="false" />
                <line number="326" hits="408" branch="false" />
                <line number="327" hits="0" branch="false" />
                <line number="329" hits="408" branch="false" />
                <line number="331" hits="898" branch="false" />
                <line number="332" hits="449" branch="false" />
                <line number="333" hits="449" branch="false" />
                <line number="334" hits="449" branch="false" />
                <line number="335" hits="408" branch="false" />
                <line number="337" hits="41" branch="false" />
                <line number="338" hits="41" branch="false" />
                <line number="340" hits="0" branch="false" />
                <line number="341" hits="408" branch="false" />
              </lines>
            </method>
            <method name="StartDismount" signature="()" line-rate="0.947368421052632" branch-rate="1" complexity="0">
              <lines>
                <line number="344" hits="2" branch="false" />
                <line number="345" hits="2" branch="false" />
                <line number="348" hits="2" branch="false" />
                <line number="349" hits="2" branch="false" />
                <line number="352" hits="2" branch="false" />
                <line number="353" hits="2" branch="false" />
                <line number="354" hits="0" branch="false" />
                <line number="356" hits="2" branch="false" />
                <line number="359" hits="2" branch="false" />
                <line number="360" hits="2" branch="false" />
                <line number="363" hits="2" branch="false" />
                <line number="366" hits="2" branch="false" />
                <line number="368" hits="2" branch="false" />
                <line number="371" hits="2" branch="false" />
                <line number="372" hits="1" branch="false" />
                <line number="373" hits="1" branch="false" />
                <line number="374" hits="1" branch="false" />
                <line number="375" hits="1" branch="false" />
                <line number="376" hits="2" branch="false" />
              </lines>
            </method>
            <method name="EndDismount" signature="()" line-rate="0.888888888888889" branch-rate="1" complexity="0">
              <lines>
                <line number="380" hits="2" branch="false" />
                <line number="381" hits="2" branch="false" />
                <line number="382" hits="2" branch="false" />
                <line number="385" hits="2" branch="false" />
                <line number="387" hits="2" branch="false" />
                <line number="388" hits="0" branch="false" />
                <line number="390" hits="2" branch="false" />
                <line number="391" hits="1" branch="false" />
                <line number="392" hits="2" branch="false" />
              </lines>
            </method>
            <method name="PlayerController" signature="()" line-rate="0.833333333333333" branch-rate="1" complexity="0">
              <lines>
                <line number="14" hits="18" branch="false" />
                <line number="22" hits="18" branch="false" />
                <line number="23" hits="18" branch="false" />
                <line number="25" hits="1474" branch="false" />
                <line number="32" hits="1" branch="false" />
                <line number="33" hits="3" branch="false" />
                <line number="34" hits="8" branch="false" />
                <line number="41" hits="0" branch="false" />
                <line number="42" hits="0" branch="false" />
                <line number="43" hits="0" branch="false" />
                <line number="49" hits="6" branch="false" />
                <line number="50" hits="6" branch="false" />
                <line number="52" hits="6" branch="false" />
                <line number="53" hits="6" branch="false" />
                <line number="55" hits="6" branch="false" />
                <line number="56" hits="0" branch="false" />
                <line number="58" hits="6" branch="false" />
                <line number="59" hits="6" branch="false" />
                <line number="61" hits="6" branch="false" />
                <line number="62" hits="6" branch="false" />
                <line number="63" hits="6" branch="false" />
                <line number="69" hits="18" branch="false" />
                <line number="72" hits="18" branch="false" />
                <line number="73" hits="18" branch="false" />
              </lines>
            </method>
          </methods>
          <lines>
            <line number="14" hits="18" branch="false" />
            <line number="22" hits="18" branch="false" />
            <line number="23" hits="18" branch="false" />
            <line number="25" hits="1474" branch="false" />
            <line number="32" hits="1" branch="false" />
            <line number="33" hits="3" branch="false" />
            <line number="34" hits="8" branch="false" />
            <line number="41" hits="0" branch="false" />
            <line number="42" hits="0" branch="false" />
            <line number="43" hits="0" branch="false" />
            <line number="49" hits="6" branch="false" />
            <line number="50" hits="6" branch="false" />
            <line number="52" hits="6" branch="false" />
            <line number="53" hits="6" branch="false" />
            <line number="55" hits="6" branch="false" />
            <line number="56" hits="0" branch="false" />
            <line number="58" hits="6" branch="false" />
            <line number="59" hits="6" branch="false" />
            <line number="61" hits="6" branch="false" />
            <line number="62" hits="6" branch="false" />
            <line number="63" hits="6" branch="false" />
            <line number="69" hits="18" branch="false" />
            <line number="72" hits="18" branch="false" />
            <line number="73" hits="18" branch="false" />
            <line number="77" hits="12" branch="false" />
            <line number="78" hits="12" branch="false" />
            <line number="79" hits="12" branch="false" />
            <line number="81" hits="12" branch="false" />
            <line number="82" hits="12" branch="false" />
            <line number="84" hits="12" branch="false" />
            <line number="85" hits="12" branch="false" />
            <line number="86" hits="12" branch="false" />
            <line number="89" hits="1332" branch="false" />
            <line number="90" hits="1332" branch="false" />
            <line number="93" hits="789" branch="false" />
            <line number="94" hits="789" branch="false" />
            <line number="97" hits="0" branch="false" />
            <line number="98" hits="0" branch="false" />
            <line number="101" hits="542" branch="false" />
            <line number="102" hits="542" branch="false" />
            <line number="105" hits="1" branch="false" />
            <line number="106" hits="1" branch="false" />
            <line number="108" hits="1332" branch="false" />
            <line number="113" hits="789" branch="false" />
            <line number="114" hits="789" branch="false" />
            <line number="115" hits="789" branch="false" />
            <line number="117" hits="789" branch="false" />
            <line number="118" hits="0" branch="false" />
            <line number="121" hits="789" branch="false" />
            <line number="124" hits="0" branch="false" />
            <line number="125" hits="0" branch="false" />
            <line number="126" hits="0" branch="false" />
            <line number="128" hits="0" branch="false" />
            <line number="129" hits="0" branch="false" />
            <line number="131" hits="0" branch="false" />
            <line number="132" hits="0" branch="false" />
            <line number="133" hits="0" branch="false" />
            <line number="136" hits="542" branch="false" />
            <line number="137" hits="542" branch="false" />
            <line number="138" hits="134" branch="false" />
            <line number="139" hits="134" branch="false" />
            <line number="140" hits="134" branch="false" />
            <line number="143" hits="134" branch="false" />
            <line number="144" hits="134" branch="false" />
            <line number="145" hits="134" branch="false" />
            <line number="147" hits="134" branch="false" />
            <line number="149" hits="134" branch="false" />
            <line number="150" hits="1" branch="false" />
            <line number="151" hits="134" branch="false" />
            <line number="153" hits="408" branch="false" />
            <line number="155" hits="408" branch="false" />
            <line number="156" hits="408" branch="false" />
            <line number="158" hits="408" branch="false" />
            <line number="159" hits="408" branch="false" />
            <line number="161" hits="408" branch="false" />
            <line number="162" hits="408" branch="false" />
            <line number="163" hits="408" branch="false" />
            <line number="165" hits="408" branch="false" />
            <line number="167" hits="408" branch="false" />
            <line number="169" hits="408" branch="false" />
            <line number="170" hits="5" branch="false" />
            <line number="171" hits="408" branch="false" />
            <line number="172" hits="542" branch="false" />
            <line number="176" hits="1" branch="false" />
            <line number="177" hits="1" branch="false" />
            <line number="178" hits="0" branch="false" />
            <line number="179" hits="0" branch="false" />
            <line number="180" hits="0" branch="false" />
            <line number="184" hits="1" branch="false" />
            <line number="185" hits="0" branch="false" />
            <line number="186" hits="0" branch="false" />
            <line number="187" hits="0" branch="false" />
            <line number="189" hits="1" branch="false" />
            <line number="190" hits="1" branch="false" />
            <line number="192" hits="1" branch="false" />
            <line number="193" hits="1" branch="false" />
            <line number="195" hits="1" branch="false" />
            <line number="196" hits="1" branch="false" />
            <line number="197" hits="1" branch="false" />
            <line number="198" hits="1" branch="false" />
            <line number="203" hits="0" branch="false" />
            <line number="204" hits="0" branch="false" />
            <line number="207" hits="0" branch="false" />
            <line number="208" hits="0" branch="false" />
            <line number="209" hits="0" branch="false" />
            <line number="210" hits="0" branch="false" />
            <line number="212" hits="0" branch="false" />
            <line number="213" hits="0" branch="false" />
            <line number="215" hits="0" branch="false" />
            <line number="216" hits="0" branch="false" />
            <line number="217" hits="0" branch="false" />
            <line number="220" hits="10" branch="false" />
            <line number="221" hits="10" branch="false" />
            <line number="222" hits="10" branch="false" />
            <line number="223" hits="10" branch="false" />
            <line number="226" hits="10" branch="false" />
            <line number="227" hits="5" branch="false" />
            <line number="229" hits="10" branch="false" />
            <line number="230" hits="0" branch="false" />
            <line number="232" hits="10" branch="false" />
            <line number="233" hits="2" branch="false" />
            <line number="234" hits="10" branch="false" />
            <line number="235" hits="10" branch="false" />
            <line number="240" hits="408" branch="false" />
            <line number="241" hits="408" branch="false" />
            <line number="242" hits="1224" branch="false" />
            <line number="243" hits="0" branch="false" />
            <line number="244" hits="0" branch="false" />
            <line number="245" hits="0" branch="false" />
            <line number="246" hits="0" branch="false" />
            <line number="247" hits="0" branch="false" />
            <line number="248" hits="0" branch="false" />
            <line number="250" hits="0" branch="false" />
            <line number="251" hits="408" branch="false" />
            <line number="254" hits="5" branch="false" />
            <line number="256" hits="5" branch="false" />
            <line number="259" hits="5" branch="false" />
            <line number="262" hits="5" branch="false" />
            <line number="263" hits="5" branch="false" />
            <line number="266" hits="5" branch="false" />
            <line number="269" hits="5" branch="false" />
            <line number="270" hits="2" branch="false" />
            <line number="271" hits="2" branch="false" />
            <line number="272" hits="2" branch="false" />
            <line number="273" hits="2" branch="false" />
            <line number="274" hits="5" branch="false" />
            <line number="277" hits="1" branch="false" />
            <line number="278" hits="1" branch="false" />
            <line number="279" hits="1" branch="false" />
            <line number="280" hits="1" branch="false" />
            <line number="281" hits="1" branch="false" />
            <line number="282" hits="1" branch="false" />
            <line number="283" hits="1" branch="false" />
            <line number="284" hits="1" branch="false" />
            <line number="289" hits="790" branch="false" />
            <line number="290" hits="790" branch="false" />
            <line number="291" hits="790" branch="false" />
            <line number="293" hits="790" branch="false" />
            <line number="294" hits="790" branch="false" />
            <line number="295" hits="790" branch="false" />
            <line number="298" hits="790" branch="false" />
            <line number="299" hits="790" branch="false" />
            <line number="300" hits="790" branch="false" />
            <line number="302" hits="790" branch="false" />
            <line number="303" hits="166" branch="false" />
            <line number="304" hits="166" branch="false" />
            <line number="305" hits="166" branch="false" />
            <line number="306" hits="166" branch="false" />
            <line number="308" hits="166" branch="false" />
            <line number="309" hits="166" branch="false" />
            <line number="310" hits="166" branch="false" />
            <line number="311" hits="790" branch="false" />
            <line number="314" hits="408" branch="false" />
            <line number="315" hits="408" branch="false" />
            <line number="316" hits="0" branch="false" />
            <line number="318" hits="408" branch="false" />
            <line number="319" hits="1778" branch="false" />
            <line number="320" hits="481" branch="false" />
            <line number="321" hits="408" branch="false" />
            <line number="322" hits="408" branch="false" />
            <line number="325" hits="408" branch="false" />
            <line number="326" hits="408" branch="false" />
            <line number="327" hits="0" branch="false" />
            <line number="329" hits="408" branch="false" />
            <line number="331" hits="898" branch="false" />
            <line number="332" hits="449" branch="false" />
            <line number="333" hits="449" branch="false" />
            <line number="334" hits="449" branch="false" />
            <line number="335" hits="408" branch="false" />
            <line number="337" hits="41" branch="false" />
            <line number="338" hits="41" branch="false" />
            <line number="340" hits="0" branch="false" />
            <line number="341" hits="408" branch="false" />
            <line number="344" hits="2" branch="false" />
            <line number="345" hits="2" branch="false" />
            <line number="348" hits="2" branch="false" />
            <line number="349" hits="2" branch="false" />
            <line number="352" hits="2" branch="false" />
            <line number="353" hits="2" branch="false" />
            <line number="354" hits="0" branch="false" />
            <line number="356" hits="2" branch="false" />
            <line number="359" hits="2" branch="false" />
            <line number="360" hits="2" branch="false" />
            <line number="363" hits="2" branch="false" />
            <line number="366" hits="2" branch="false" />
            <line number="368" hits="2" branch="false" />
            <line number="371" hits="2" branch="false" />
            <line number="372" hits="1" branch="false" />
            <line number="373" hits="1" branch="false" />
            <line number="374" hits="1" branch="false" />
            <line number="375" hits="1" branch="false" />
            <line number="376" hits="2" branch="false" />
            <line number="380" hits="2" branch="false" />
            <line number="381" hits="2" branch="false" />
            <line number="382" hits="2" branch="false" />
            <line number="385" hits="2" branch="false" />
            <line number="387" hits="2" branch="false" />
            <line number="388" hits="0" branch="false" />
            <line number="390" hits="2" branch="false" />
            <line number="391" hits="1" branch="false" />
            <line number="392" hits="2" branch="false" />
          </lines>
        </class>
        <class name="TrajectoryPreview" filename="C:/dev/unity/Headcrab Miami/Assets/Scripts/TrajectoryPreview.cs" line-rate="0.0285714285714286" branch-rate="1" complexity="0">
          <methods>
            <method name="Update" signature="()" line-rate="0" branch-rate="1" complexity="0">
              <lines>
                <line number="21" hits="0" branch="false" />
                <line number="23" hits="0" branch="false" />
                <line number="24" hits="0" branch="false" />
                <line number="25" hits="0" branch="false" />
                <line number="26" hits="0" branch="false" />
                <line number="27" hits="0" branch="false" />
                <line number="30" hits="0" branch="false" />
                <line number="31" hits="0" branch="false" />
                <line number="32" hits="0" branch="false" />
                <line number="34" hits="0" branch="false" />
                <line number="35" hits="0" branch="false" />
                <line number="36" hits="0" branch="false" />
                <line number="37" hits="0" branch="false" />
                <line number="38" hits="0" branch="false" />
                <line number="40" hits="0" branch="false" />
                <line number="41" hits="0" branch="false" />
                <line number="43" hits="0" branch="false" />
                <line number="44" hits="0" branch="false" />
                <line number="46" hits="0" branch="false" />
                <line number="47" hits="0" branch="false" />
                <line number="49" hits="0" branch="false" />
                <line number="50" hits="0" branch="false" />
                <line number="51" hits="0" branch="false" />
                <line number="53" hits="0" branch="false" />
                <line number="54" hits="0" branch="false" />
                <line number="55" hits="0" branch="false" />
                <line number="56" hits="0" branch="false" />
              </lines>
            </method>
            <method name="CalculateBouncePoints" signature="(UnityEngine.Vector3, UnityEngine.Vector3, System.Single)" line-rate="0" branch-rate="1" complexity="NaN">
              <lines>
                <line number="60" hits="0" branch="false" />
                <line number="61" hits="0" branch="false" />
                <line number="62" hits="0" branch="false" />
                <line number="64" hits="0" branch="false" />
                <line number="65" hits="0" branch="false" />
                <line number="66" hits="0" branch="false" />
                <line number="68" hits="0" branch="false" />
                <line number="70" hits="0" branch="false" />
                <line number="71" hits="0" branch="false" />
                <line number="72" hits="0" branch="false" />
                <line number="73" hits="0" branch="false" />
                <line number="74" hits="0" branch="false" />
                <line number="75" hits="0" branch="false" />
                <line number="78" hits="0" branch="false" />
                <line number="80" hits="0" branch="false" />
                <line number="82" hits="0" branch="false" />
                <line number="83" hits="0" branch="false" />
                <line number="84" hits="0" branch="false" />
                <line number="86" hits="0" branch="false" />
                <line number="88" hits="0" branch="false" />
                <line number="89" hits="0" branch="false" />
                <line number="91" hits="0" branch="false" />
                <line number="94" hits="0" branch="false" />
                <line number="95" hits="0" branch="false" />
                <line number="96" hits="0" branch="false" />
                <line number="97" hits="0" branch="false" />
                <line number="99" hits="0" branch="false" />
                <line number="100" hits="0" branch="false" />
              </lines>
            </method>
            <method name="GetTrajectoryEndPoint" signature="()" line-rate="0" branch-rate="1" complexity="0">
              <lines>
                <line number="106" hits="0" branch="false" />
                <line number="107" hits="0" branch="false" />
                <line number="108" hits="0" branch="false" />
                <line number="110" hits="0" branch="false" />
                <line number="111" hits="0" branch="false" />
              </lines>
            </method>
            <method name="GetTrajectoryPoints" signature="()" line-rate="0" branch-rate="1" complexity="0">
              <lines>
                <line number="117" hits="0" branch="false" />
                <line number="118" hits="0" branch="false" />
                <line number="119" hits="0" branch="false" />
                <line number="121" hits="0" branch="false" />
                <line number="122" hits="0" branch="false" />
              </lines>
            </method>
            <method name="SetActive" signature="(System.Boolean)" line-rate="0" branch-rate="1" complexity="NaN">
              <lines>
                <line number="128" hits="0" branch="false" />
                <line number="129" hits="0" branch="false" />
                <line number="130" hits="0" branch="false" />
              </lines>
            </method>
            <method name="TrajectoryPreview" signature="()" line-rate="1" branch-rate="1" complexity="0">
              <lines>
                <line number="11" hits="1" branch="false" />
                <line number="14" hits="1" branch="false" />
              </lines>
            </method>
          </methods>
          <lines>
            <line number="11" hits="1" branch="false" />
            <line number="14" hits="1" branch="false" />
            <line number="21" hits="0" branch="false" />
            <line number="23" hits="0" branch="false" />
            <line number="24" hits="0" branch="false" />
            <line number="25" hits="0" branch="false" />
            <line number="26" hits="0" branch="false" />
            <line number="27" hits="0" branch="false" />
            <line number="30" hits="0" branch="false" />
            <line number="31" hits="0" branch="false" />
            <line number="32" hits="0" branch="false" />
            <line number="34" hits="0" branch="false" />
            <line number="35" hits="0" branch="false" />
            <line number="36" hits="0" branch="false" />
            <line number="37" hits="0" branch="false" />
            <line number="38" hits="0" branch="false" />
            <line number="40" hits="0" branch="false" />
            <line number="41" hits="0" branch="false" />
            <line number="43" hits="0" branch="false" />
            <line number="44" hits="0" branch="false" />
            <line number="46" hits="0" branch="false" />
            <line number="47" hits="0" branch="false" />
            <line number="49" hits="0" branch="false" />
            <line number="50" hits="0" branch="false" />
            <line number="51" hits="0" branch="false" />
            <line number="53" hits="0" branch="false" />
            <line number="54" hits="0" branch="false" />
            <line number="55" hits="0" branch="false" />
            <line number="56" hits="0" branch="false" />
            <line number="60" hits="0" branch="false" />
            <line number="61" hits="0" branch="false" />
            <line number="62" hits="0" branch="false" />
            <line number="64" hits="0" branch="false" />
            <line number="65" hits="0" branch="false" />
            <line number="66" hits="0" branch="false" />
            <line number="68" hits="0" branch="false" />
            <line number="70" hits="0" branch="false" />
            <line number="71" hits="0" branch="false" />
            <line number="72" hits="0" branch="false" />
            <line number="73" hits="0" branch="false" />
            <line number="74" hits="0" branch="false" />
            <line number="75" hits="0" branch="false" />
            <line number="78" hits="0" branch="false" />
            <line number="80" hits="0" branch="false" />
            <line number="82" hits="0" branch="false" />
            <line number="83" hits="0" branch="false" />
            <line number="84" hits="0" branch="false" />
            <line number="86" hits="0" branch="false" />
            <line number="88" hits="0" branch="false" />
            <line number="89" hits="0" branch="false" />
            <line number="91" hits="0" branch="false" />
            <line number="94" hits="0" branch="false" />
            <line number="95" hits="0" branch="false" />
            <line number="96" hits="0" branch="false" />
            <line number="97" hits="0" branch="false" />
            <line number="99" hits="0" branch="false" />
            <line number="100" hits="0" branch="false" />
            <line number="106" hits="0" branch="false" />
            <line number="107" hits="0" branch="false" />
            <line number="108" hits="0" branch="false" />
            <line number="110" hits="0" branch="false" />
            <line number="111" hits="0" branch="false" />
            <line number="117" hits="0" branch="false" />
            <line number="118" hits="0" branch="false" />
            <line number="119" hits="0" branch="false" />
            <line number="121" hits="0" branch="false" />
            <line number="122" hits="0" branch="false" />
            <line number="128" hits="0" branch="false" />
            <line number="129" hits="0" branch="false" />
            <line number="130" hits="0" branch="false" />
          </lines>
        </class>
      </classes>
    </package>
    <package name="Assembly-CSharp-Editor" line-rate="0.0214285714285714" branch-rate="1" complexity="0">
      <classes>
        <class name="ReadmeEditor" filename="C:/dev/unity/Headcrab Miami/Assets/TutorialInfo/Scripts/Editor/ReadmeEditor.cs" line-rate="0.0214285714285714" branch-rate="1" complexity="0">
          <methods>
            <method name="RemoveTutorial" signature="()" line-rate="0" branch-rate="1" complexity="0">
              <lines>
                <line number="25" hits="0" branch="false" />
                <line number="26" hits="0" branch="false" />
                <line number="31" hits="0" branch="false" />
                <line number="32" hits="0" branch="false" />
                <line number="33" hits="0" branch="false" />
                <line number="34" hits="0" branch="false" />
                <line number="35" hits="0" branch="false" />
                <line number="36" hits="0" branch="false" />
                <line number="38" hits="0" branch="false" />
                <line number="39" hits="0" branch="false" />
                <line number="40" hits="0" branch="false" />
                <line number="42" hits="0" branch="false" />
                <line number="43" hits="0" branch="false" />
                <line number="44" hits="0" branch="false" />
                <line number="45" hits="0" branch="false" />
                <line number="46" hits="0" branch="false" />
                <line number="47" hits="0" branch="false" />
                <line number="48" hits="0" branch="false" />
                <line number="50" hits="0" branch="false" />
                <line number="51" hits="0" branch="false" />
                <line number="52" hits="0" branch="false" />
              </lines>
            </method>
            <method name="SelectReadmeAutomatically" signature="()" line-rate="0.25" branch-rate="1" complexity="0">
              <lines>
                <line number="55" hits="1" branch="false" />
                <line number="56" hits="1" branch="false" />
                <line number="57" hits="0" branch="false" />
                <line number="58" hits="0" branch="false" />
                <line number="59" hits="0" branch="false" />
                <line number="61" hits="0" branch="false" />
                <line number="62" hits="0" branch="false" />
                <line number="63" hits="0" branch="false" />
                <line number="64" hits="0" branch="false" />
                <line number="65" hits="0" branch="false" />
                <line number="66" hits="0" branch="false" />
                <line number="67" hits="1" branch="false" />
              </lines>
            </method>
            <method name="LoadLayout" signature="()" line-rate="0" branch-rate="1" complexity="0">
              <lines>
                <line number="70" hits="0" branch="false" />
                <line number="71" hits="0" branch="false" />
                <line number="72" hits="0" branch="false" />
                <line number="73" hits="0" branch="false" />
                <line number="74" hits="0" branch="false" />
                <line number="75" hits="0" branch="false" />
              </lines>
            </method>
            <method name="SelectReadme" signature="()" line-rate="0" branch-rate="1" complexity="0">
              <lines>
                <line number="78" hits="0" branch="false" />
                <line number="79" hits="0" branch="false" />
                <line number="80" hits="0" branch="false" />
                <line number="81" hits="0" branch="false" />
                <line number="82" hits="0" branch="false" />
                <line number="84" hits="0" branch="false" />
                <line number="86" hits="0" branch="false" />
                <line number="89" hits="0" branch="false" />
                <line number="90" hits="0" branch="false" />
                <line number="91" hits="0" branch="false" />
                <line number="93" hits="0" branch="false" />
              </lines>
            </method>
            <method name="OnHeaderGUI" signature="()" line-rate="0" branch-rate="1" complexity="0">
              <lines>
                <line number="96" hits="0" branch="false" />
                <line number="97" hits="0" branch="false" />
                <line number="98" hits="0" branch="false" />
                <line number="100" hits="0" branch="false" />
                <line number="102" hits="0" branch="false" />
                <line number="103" hits="0" branch="false" />
                <line number="104" hits="0" branch="false" />
                <line number="105" hits="0" branch="false" />
                <line number="106" hits="0" branch="false" />
                <line number="107" hits="0" branch="false" />
                <line number="108" hits="0" branch="false" />
                <line number="109" hits="0" branch="false" />
                <line number="110" hits="0" branch="false" />
                <line number="111" hits="0" branch="false" />
                <line number="113" hits="0" branch="false" />
                <line number="114" hits="0" branch="false" />
                <line number="115" hits="0" branch="false" />
                <line number="116" hits="0" branch="false" />
                <line number="117" hits="0" branch="false" />
                <line number="118" hits="0" branch="false" />
                <line number="119" hits="0" branch="false" />
                <line number="120" hits="0" branch="false" />
                <line number="121" hits="0" branch="false" />
              </lines>
            </method>
            <method name="OnInspectorGUI" signature="()" line-rate="0" branch-rate="1" complexity="0">
              <lines>
                <line number="124" hits="0" branch="false" />
                <line number="125" hits="0" branch="false" />
                <line number="126" hits="0" branch="false" />
                <line number="128" hits="0" branch="false" />
                <line number="129" hits="0" branch="false" />
                <line number="130" hits="0" branch="false" />
                <line number="131" hits="0" branch="false" />
                <line number="132" hits="0" branch="false" />
                <line number="133" hits="0" branch="false" />
                <line number="135" hits="0" branch="false" />
                <line number="136" hits="0" branch="false" />
                <line number="137" hits="0" branch="false" />
                <line number="138" hits="0" branch="false" />
                <line number="140" hits="0" branch="false" />
                <line number="141" hits="0" branch="false" />
                <line number="142" hits="0" branch="false" />
                <line number="143" hits="0" branch="false" />
                <line number="144" hits="0" branch="false" />
                <line number="145" hits="0" branch="false" />
                <line number="146" hits="0" branch="false" />
                <line number="148" hits="0" branch="false" />
                <line number="149" hits="0" branch="false" />
                <line number="151" hits="0" branch="false" />
                <line number="152" hits="0" branch="false" />
                <line number="153" hits="0" branch="false" />
                <line number="154" hits="0" branch="false" />
                <line number="155" hits="0" branch="false" />
              </lines>
            </method>
            <method name="LinkStyle" signature="()" line-rate="0" branch-rate="1" complexity="NaN">
              <lines>
                <line number="161" hits="0" branch="false" />
              </lines>
            </method>
            <method name="TitleStyle" signature="()" line-rate="0" branch-rate="1" complexity="NaN">
              <lines>
                <line number="169" hits="0" branch="false" />
              </lines>
            </method>
            <method name="HeadingStyle" signature="()" line-rate="0" branch-rate="1" complexity="NaN">
              <lines>
                <line number="177" hits="0" branch="false" />
              </lines>
            </method>
            <method name="BodyStyle" signature="()" line-rate="0" branch-rate="1" complexity="NaN">
              <lines>
                <line number="185" hits="0" branch="false" />
              </lines>
            </method>
            <method name="ButtonStyle" signature="()" line-rate="0" branch-rate="1" complexity="NaN">
              <lines>
                <line number="193" hits="0" branch="false" />
              </lines>
            </method>
            <method name="Init" signature="()" line-rate="0" branch-rate="1" complexity="0">
              <lines>
                <line number="200" hits="0" branch="false" />
                <line number="201" hits="0" branch="false" />
                <line number="202" hits="0" branch="false" />
                <line number="203" hits="0" branch="false" />
                <line number="204" hits="0" branch="false" />
                <line number="205" hits="0" branch="false" />
                <line number="206" hits="0" branch="false" />
                <line number="208" hits="0" branch="false" />
                <line number="209" hits="0" branch="false" />
                <line number="211" hits="0" branch="false" />
                <line number="212" hits="0" branch="false" />
                <line number="213" hits="0" branch="false" />
                <line number="215" hits="0" branch="false" />
                <line number="216" hits="0" branch="false" />
                <line number="219" hits="0" branch="false" />
                <line number="220" hits="0" branch="false" />
                <line number="222" hits="0" branch="false" />
                <line number="223" hits="0" branch="false" />
                <line number="225" hits="0" branch="false" />
                <line number="226" hits="0" branch="false" />
              </lines>
            </method>
            <method name="LinkLabel" signature="(UnityEngine.GUIContent, UnityEngine.GUILayoutOption[])" line-rate="0" branch-rate="1" complexity="NaN">
              <lines>
                <line number="229" hits="0" branch="false" />
                <line number="230" hits="0" branch="false" />
                <line number="232" hits="0" branch="false" />
                <line number="233" hits="0" branch="false" />
                <line number="234" hits="0" branch="false" />
                <line number="235" hits="0" branch="false" />
                <line number="236" hits="0" branch="false" />
                <line number="238" hits="0" branch="false" />
                <line number="240" hits="0" branch="false" />
                <line number="241" hits="0" branch="false" />
              </lines>
            </method>
            <method name="ReadmeEditor" signature="()" line-rate="0" branch-rate="1" complexity="0">
              <lines>
                <line number="13" hits="0" branch="false" />
                <line number="15" hits="0" branch="false" />
                <line number="20" hits="0" branch="false" />
                <line number="21" hits="0" branch="false" />
                <line number="22" hits="0" branch="false" />
              </lines>
            </method>
          </methods>
          <lines>
            <line number="13" hits="0" branch="false" />
            <line number="15" hits="0" branch="false" />
            <line number="20" hits="0" branch="false" />
            <line number="21" hits="0" branch="false" />
            <line number="22" hits="0" branch="false" />
            <line number="25" hits="0" branch="false" />
            <line number="26" hits="0" branch="false" />
            <line number="31" hits="0" branch="false" />
            <line number="32" hits="0" branch="false" />
            <line number="33" hits="0" branch="false" />
            <line number="34" hits="0" branch="false" />
            <line number="35" hits="0" branch="false" />
            <line number="36" hits="0" branch="false" />
            <line number="38" hits="0" branch="false" />
            <line number="39" hits="0" branch="false" />
            <line number="40" hits="0" branch="false" />
            <line number="42" hits="0" branch="false" />
            <line number="43" hits="0" branch="false" />
            <line number="44" hits="0" branch="false" />
            <line number="45" hits="0" branch="false" />
            <line number="46" hits="0" branch="false" />
            <line number="47" hits="0" branch="false" />
            <line number="48" hits="0" branch="false" />
            <line number="50" hits="0" branch="false" />
            <line number="51" hits="0" branch="false" />
            <line number="52" hits="0" branch="false" />
            <line number="55" hits="1" branch="false" />
            <line number="56" hits="1" branch="false" />
            <line number="57" hits="0" branch="false" />
            <line number="58" hits="0" branch="false" />
            <line number="59" hits="0" branch="false" />
            <line number="61" hits="0" branch="false" />
            <line number="62" hits="0" branch="false" />
            <line number="63" hits="0" branch="false" />
            <line number="64" hits="0" branch="false" />
            <line number="65" hits="0" branch="false" />
            <line number="66" hits="0" branch="false" />
            <line number="67" hits="1" branch="false" />
            <line number="70" hits="0" branch="false" />
            <line number="71" hits="0" branch="false" />
            <line number="72" hits="0" branch="false" />
            <line number="73" hits="0" branch="false" />
            <line number="74" hits="0" branch="false" />
            <line number="75" hits="0" branch="false" />
            <line number="78" hits="0" branch="false" />
            <line number="79" hits="0" branch="false" />
            <line number="80" hits="0" branch="false" />
            <line number="81" hits="0" branch="false" />
            <line number="82" hits="0" branch="false" />
            <line number="84" hits="0" branch="false" />
            <line number="86" hits="0" branch="false" />
            <line number="89" hits="0" branch="false" />
            <line number="90" hits="0" branch="false" />
            <line number="91" hits="0" branch="false" />
            <line number="93" hits="0" branch="false" />
            <line number="96" hits="0" branch="false" />
            <line number="97" hits="0" branch="false" />
            <line number="98" hits="0" branch="false" />
            <line number="100" hits="0" branch="false" />
            <line number="102" hits="0" branch="false" />
            <line number="103" hits="0" branch="false" />
            <line number="104" hits="0" branch="false" />
            <line number="105" hits="0" branch="false" />
            <line number="106" hits="0" branch="false" />
            <line number="107" hits="0" branch="false" />
            <line number="108" hits="0" branch="false" />
            <line number="109" hits="0" branch="false" />
            <line number="110" hits="0" branch="false" />
            <line number="111" hits="0" branch="false" />
            <line number="113" hits="0" branch="false" />
            <line number="114" hits="0" branch="false" />
            <line number="115" hits="0" branch="false" />
            <line number="116" hits="0" branch="false" />
            <line number="117" hits="0" branch="false" />
            <line number="118" hits="0" branch="false" />
            <line number="119" hits="0" branch="false" />
            <line number="120" hits="0" branch="false" />
            <line number="121" hits="0" branch="false" />
            <line number="124" hits="0" branch="false" />
            <line number="125" hits="0" branch="false" />
            <line number="126" hits="0" branch="false" />
            <line number="128" hits="0" branch="false" />
            <line number="129" hits="0" branch="false" />
            <line number="130" hits="0" branch="false" />
            <line number="131" hits="0" branch="false" />
            <line number="132" hits="0" branch="false" />
            <line number="133" hits="0" branch="false" />
            <line number="135" hits="0" branch="false" />
            <line number="136" hits="0" branch="false" />
            <line number="137" hits="0" branch="false" />
            <line number="138" hits="0" branch="false" />
            <line number="140" hits="0" branch="false" />
            <line number="141" hits="0" branch="false" />
            <line number="142" hits="0" branch="false" />
            <line number="143" hits="0" branch="false" />
            <line number="144" hits="0" branch="false" />
            <line number="145" hits="0" branch="false" />
            <line number="146" hits="0" branch="false" />
            <line number="148" hits="0" branch="false" />
            <line number="149" hits="0" branch="false" />
            <line number="151" hits="0" branch="false" />
            <line number="152" hits="0" branch="false" />
            <line number="153" hits="0" branch="false" />
            <line number="154" hits="0" branch="false" />
            <line number="155" hits="0" branch="false" />
            <line number="161" hits="0" branch="false" />
            <line number="169" hits="0" branch="false" />
            <line number="177" hits="0" branch="false" />
            <line number="185" hits="0" branch="false" />
            <line number="193" hits="0" branch="false" />
            <line number="200" hits="0" branch="false" />
            <line number="201" hits="0" branch="false" />
            <line number="202" hits="0" branch="false" />
            <line number="203" hits="0" branch="false" />
            <line number="204" hits="0" branch="false" />
            <line number="205" hits="0" branch="false" />
            <line number="206" hits="0" branch="false" />
            <line number="208" hits="0" branch="false" />
            <line number="209" hits="0" branch="false" />
            <line number="211" hits="0" branch="false" />
            <line number="212" hits="0" branch="false" />
            <line number="213" hits="0" branch="false" />
            <line number="215" hits="0" branch="false" />
            <line number="216" hits="0" branch="false" />
            <line number="219" hits="0" branch="false" />
            <line number="220" hits="0" branch="false" />
            <line number="222" hits="0" branch="false" />
            <line number="223" hits="0" branch="false" />
            <line number="225" hits="0" branch="false" />
            <line number="226" hits="0" branch="false" />
            <line number="229" hits="0" branch="false" />
            <line number="230" hits="0" branch="false" />
            <line number="232" hits="0" branch="false" />
            <line number="233" hits="0" branch="false" />
            <line number="234" hits="0" branch="false" />
            <line number="235" hits="0" branch="false" />
            <line number="236" hits="0" branch="false" />
            <line number="238" hits="0" branch="false" />
            <line number="240" hits="0" branch="false" />
            <line number="241" hits="0" branch="false" />
          </lines>
        </class>
      </classes>
    </package>
    <package name="PlayModeTests" line-rate="0.841017488076312" branch-rate="1" complexity="0">
      <classes>
        <class name="CameraFollowPlayTests" filename="C:/dev/unity/Headcrab Miami/Assets/Tests/PlayModeTests/CameraFollowPlayTests.cs" line-rate="0.74468085106383" branch-rate="1" complexity="0">
          <methods>
            <method name="Setup" signature="()" line-rate="0.761904761904762" branch-rate="1" complexity="0">
              <lines>
                <line number="21" hits="6" branch="false" />
                <line number="23" hits="6" branch="false" />
                <line number="24" hits="6" branch="false" />
                <line number="25" hits="6" branch="false" />
                <line number="27" hits="6" branch="false" />
                <line number="28" hits="6" branch="false" />
                <line number="29" hits="0" branch="false" />
                <line number="31" hits="6" branch="false" />
[...]
                <line number="231" hits="0" branch="false" />
                <line number="232" hits="1" branch="false" />
                <line number="235" hits="1" branch="false" />
                <line number="238" hits="1" branch="false" />
                <line number="239" hits="0" branch="false" />
                <line number="240" hits="0" branch="false" />
                <line number="241" hits="0" branch="false" />
                <line number="244" hits="1" branch="false" />
                <line number="246" hits="1" branch="false" />
                <line number="249" hits="1" branch="false" />
                <line number="250" hits="0" branch="false" />
                <line number="251" hits="0" branch="false" />
                <line number="252" hits="0" branch="false" />
                <line number="255" hits="1" branch="false" />
                <line number="258" hits="1" branch="false" />
                <line number="261" hits="1" branch="false" />
                <line number="262" hits="1" branch="false" />
                <line number="263" hits="1" branch="false" />
                <line number="266" hits="1" branch="false" />
                <line number="267" hits="1" branch="false" />
                <line number="269" hits="1" branch="false" />
                <line number="270" hits="1" branch="false" />
                <line number="272" hits="0" branch="false" />
                <line number="273" hits="0" branch="false" />
                <line number="274" hits="0" branch="false" />
                <line number="275" hits="1" branch="false" />
              </lines>
            </method>
            <method name="Dismount_ExecutesParabolicJump" signature="()" line-rate="0.8" branch-rate="1" complexity="0">
              <lines>
                <line number="169" hits="1" branch="false" />
                <line number="171" hits="1" branch="false" />
                <line number="174" hits="1" branch="false" />
                <line number="175" hits="0" branch="false" />
                <line number="176" hits="0" branch="false" />
                <line number="177" hits="0" branch="false" />
                <line number="180" hits="1" branch="false" />
                <line number="182" hits="1" branch="false" />
                <line number="185" hits="1" branch="false" />
                <line number="188" hits="1" branch="false" />
                <line number="189" hits="0" branch="false" />
                <line number="190" hits="0" branch="false" />
                <line number="191" hits="0" branch="false" />
                <line number="194" hits="1" branch="false" />
                <line number="197" hits="1" branch="false" />
                <line number="198" hits="1" branch="false" />
                <line number="199" hits="1" branch="false" />
                <line number="202" hits="1" branch="false" />
                <line number="203" hits="1" branch="false" />
                <line number="205" hits="150" branch="false" />
                <line number="206" hits="149" branch="false" />
                <line number="207" hits="149" branch="false" />
                <line number="208" hits="149" branch="false" />
                <line number="210" hits="149" branch="false" />
                <line number="211" hits="177" branch="false" />
                <line number="213" hits="149" branch="false" />
                <line number="214" hits="149" branch="false" />
                <line number="217" hits="1" branch="false" />
                <line number="218" hits="1" branch="false" />
                <line number="220" hits="1" branch="false" />
              </lines>
            </method>
            <method name="PlayerPosition_AdjustedOnPossession" signature="()" line-rate="0.823529411764706" branch-rate="1" complexity="0">
              <lines>
                <line number="101" hits="1" branch="false" />
                <line number="102" hits="1" branch="false" />
                <line number="103" hits="1" branch="false" />
                <line number="106" hits="1" branch="false" />
                <line number="109" hits="1" branch="false" />
                <line number="110" hits="1" branch="false" />
                <line number="111" hits="1" branch="false" />
                <line number="113" hits="1" branch="false" />
                <line number="115" hits="1" branch="false" />
                <line number="118" hits="1" branch="false" />
                <line number="119" hits="1" branch="false" />
                <line number="120" hits="1" branch="false" />
                <line number="121" hits="1" branch="false" />
                <line number="123" hits="0" branch="false" />
                <line number="124" hits="0" branch="false" />
                <line number="125" hits="0" branch="false" />
                <line number="126" hits="1" branch="false" />
              </lines>
            </method>
          </methods>
          <lines>
            <line number="24" hits="5" branch="false" />
            <line number="26" hits="5" branch="false" />
            <line number="27" hits="5" branch="false" />
            <line number="28" hits="5" branch="false" />
            <line number="29" hits="0" branch="false" />
            <line number="30" hits="5" branch="false" />
            <line number="33" hits="5" branch="false" />
            <line number="34" hits="5" branch="false" />
            <line number="36" hits="5" branch="false" />
            <line number="37" hits="5" branch="false" />
            <line number="38" hits="0" branch="false" />
            <line number="39" hits="5" branch="false" />
            <line number="42" hits="5" branch="false" />
            <line number="43" hits="5" branch="false" />
            <line number="44" hits="5" branch="false" />
            <line number="47" hits="5" branch="false" />
            <line number="48" hits="5" branch="false" />
            <line number="49" hits="0" branch="false" />
            <line number="50" hits="5" branch="false" />
            <line number="51" hits="5" branch="false" />
            <line number="52" hits="5" branch="false" />
            <line number="56" hits="5" branch="false" />
            <line number="57" hits="5" branch="false" />
            <line number="58" hits="5" branch="false" />
            <line number="59" hits="5" branch="false" />
            <line number="60" hits="5" branch="false" />
            <line number="68" hits="1" branch="false" />
            <line number="69" hits="1" branch="false" />
            <line number="70" hits="1" branch="false" />
            <line number="71" hits="0" branch="false" />
            <line number="72" hits="1" branch="false" />
            <line number="75" hits="1" branch="false" />
            <line number="78" hits="1" branch="false" />
            <line number="79" hits="1" branch="false" />
            <line number="81" hits="1" branch="false" />
            <line number="84" hits="1" branch="false" />
            <line number="85" hits="1" branch="false" />
            <line number="87" hits="1" branch="false" />
            <line number="88" hits="1" branch="false" />
            <line number="90" hits="0" branch="false" />
            <line number="91" hits="0" branch="false" />
            <line number="92" hits="0" branch="false" />
            <line number="93" hits="1" branch="false" />
            <line number="101" hits="1" branch="false" />
            <line number="102" hits="1" branch="false" />
            <line number="103" hits="1" branch="false" />
            <line number="106" hits="1" branch="false" />
            <line number="109" hits="1" branch="false" />
            <line number="110" hits="1" branch="false" />
            <line number="111" hits="1" branch="false" />
            <line number="113" hits="1" branch="false" />
            <line number="115" hits="1" branch="false" />
            <line number="118" hits="1" branch="false" />
            <line number="119" hits="1" branch="false" />
            <line number="120" hits="1" branch="false" />
            <line number="121" hits="1" branch="false" />
            <line number="123" hits="0" branch="false" />
            <line number="124" hits="0" branch="false" />
            <line number="125" hits="0" branch="false" />
            <line number="126" hits="1" branch="false" />
            <line number="134" hits="1" branch="false" />
            <line number="135" hits="1" branch="false" />
            <line number="136" hits="1" branch="false" />
            <line number="137" hits="0" branch="false" />
            <line number="138" hits="1" branch="false" />
            <line number="141" hits="1" branch="false" />
            <line number="143" hits="1" branch="false" />
            <line number="144" hits="1" branch="false" />
            <line number="145" hits="1" branch="false" />
            <line number="148" hits="1" branch="false" />
            <line number="149" hits="1" branch="false" />
            <line number="152" hits="1" branch="false" />
            <line number="153" hits="1" branch="false" />
            <line number="155" hits="1" branch="false" />
            <line number="156" hits="1" branch="false" />
            <line number="158" hits="0" branch="false" />
            <line number="159" hits="0" branch="false" />
            <line number="160" hits="0" branch="false" />
            <line number="161" hits="1" branch="false" />
            <line number="169" hits="1" branch="false" />
            <line number="171" hits="1" branch="false" />
            <line number="174" hits="1" branch="false" />
            <line number="175" hits="0" branch="false" />
            <line number="176" hits="0" branch="false" />
            <line number="177" hits="0" branch="false" />
            <line number="180" hits="1" branch="false" />
            <line number="182" hits="1" branch="false" />
            <line number="185" hits="1" branch="false" />
            <line number="188" hits="1" branch="false" />
            <line number="189" hits="0" branch="false" />
            <line number="190" hits="0" branch="false" />
            <line number="191" hits="0" branch="false" />
            <line number="194" hits="1" branch="false" />
            <line number="197" hits="1" branch="false" />
            <line number="198" hits="1" branch="false" />
            <line number="199" hits="1" branch="false" />
            <line number="202" hits="1" branch="false" />
            <line number="203" hits="1" branch="false" />
            <line number="205" hits="150" branch="false" />
            <line number="206" hits="149" branch="false" />
            <line number="207" hits="149" branch="false" />
            <line number="208" hits="149" branch="false" />
            <line number="210" hits="149" branch="false" />
            <line number="211" hits="177" branch="false" />
            <line number="213" hits="149" branch="false" />
            <line number="214" hits="149" branch="false" />
            <line number="217" hits="1" branch="false" />
            <line number="218" hits="1" branch="false" />
            <line number="220" hits="1" branch="false" />
            <line number="228" hits="1" branch="false" />
            <line number="229" hits="1" branch="false" />
            <line number="230" hits="1" branch="false" />
            <line number="231" hits="0" branch="false" />
            <line number="232" hits="1" branch="false" />
            <line number="235" hits="1" branch="false" />
            <line number="238" hits="1" branch="false" />
            <line number="239" hits="0" branch="false" />
            <line number="240" hits="0" branch="false" />
            <line number="241" hits="0" branch="false" />
            <line number="244" hits="1" branch="false" />
            <line number="246" hits="1" branch="false" />
            <line number="249" hits="1" branch="false" />
            <line number="250" hits="0" branch="false" />
            <line number="251" hits="0" branch="false" />
            <line number="252" hits="0" branch="false" />
            <line number="255" hits="1" branch="false" />
            <line number="258" hits="1" branch="false" />
            <line number="261" hits="1" branch="false" />
            <line number="262" hits="1" branch="false" />
            <line number="263" hits="1" branch="false" />
            <line number="266" hits="1" branch="false" />
            <line number="267" hits="1" branch="false" />
            <line number="269" hits="1" branch="false" />
            <line number="270" hits="1" branch="false" />
            <line number="272" hits="0" branch="false" />
            <line number="273" hits="0" branch="false" />
            <line number="274" hits="0" branch="false" />
            <line number="275" hits="1" branch="false" />
          </lines>
        </class>
        <class name="PlayerMovementTests" filename="C:/dev/unity/Headcrab Miami/Assets/Tests/PlayModeTests/PlayerMovementTests.cs" line-rate="0.98" branch-rate="1" complexity="0">
          <methods>
            <method name="Setup" signature="()" line-rate="0.9" branch-rate="1" complexity="0">
              <lines>
                <line number="13" hits="2" branch="false" />
                <line number="15" hits="2" branch="false" />
                <line number="17" hits="2" branch="false" />
                <line number="18" hits="2" branch="false" />
                <line number="19" hits="0" branch="false" />
                <line number="20" hits="2" branch="false" />
                <line number="23" hits="2" branch="false" />
                <line number="24" hits="2" branch="false" />
                <line number="25" hits="2" branch="false" />
                <line number="26" hits="2" branch="false" />
              </lines>
            </method>
            <method name="Teardown" signature="()" line-rate="1" branch-rate="1" complexity="0">
              <lines>
                <line number="92" hits="2" branch="false" />
                <line number="93" hits="2" branch="false" />
                <line number="94" hits="2" branch="false" />
              </lines>
            </method>
            <method name="PlayerJumpFollowsTrajectory" signature="()" line-rate="1" branch-rate="1" complexity="0">
              <lines>
                <line number="48" hits="1" branch="false" />
                <line number="51" hits="1" branch="false" />
                <line number="52" hits="1" branch="false" />
                <line number="53" hits="1" branch="false" />
                <line number="54" hits="2" branch="false" />
                <line number="55" hits="2" branch="false" />
                <line number="58" hits="1" branch="false" />
                <line number="59" hits="1" branch="false" />
                <line number="62" hits="1" branch="false" />
                <line number="63" hits="1" branch="false" />
                <line number="64" hits="1" branch="false" />
                <line number="66" hits="1" branch="false" />
                <line number="67" hits="1" branch="false" />
                <line number="68" hits="1" branch="false" />
                <line number="69" hits="152" branch="false" />
                <line number="70" hits="151" branch="false" />
                <line number="72" hits="151" branch="false" />
                <line number="73" hits="151" branch="false" />
                <line number="75" hits="151" branch="false" />
                <line number="76" hits="185" branch="false" />
                <line number="77" hits="151" branch="false" />
                <line number="78" hits="151" branch="false" />
                <line number="80" hits="1" branch="false" />
                <line number="83" hits="1" branch="false" />
                <line number="84" hits="1" branch="false" />
                <line number="85" hits="1" branch="false" />
                <line number="87" hits="1" branch="false" />
                <line number="88" hits="1" branch="false" />
              </lines>
            </method>
            <method name="PlayerMovesForward_WhenPressingW" signature="()" line-rate="1" branch-rate="1" complexity="0">
              <lines>
                <line number="30" hits="1" branch="false" />
                <line number="31" hits="1" branch="false" />
                <line number="35" hits="1" branch="false" />
                <line number="37" hits="1" branch="false" />
                <line number="38" hits="1" branch="false" />
                <line number="39" hits="1" branch="false" />
                <line number="41" hits="1" branch="false" />
                <line number="43" hits="1" branch="false" />
                <line number="44" hits="1" branch="false" />
              </lines>
            </method>
          </methods>
          <lines>
            <line number="13" hits="2" branch="false" />
            <line number="15" hits="2" branch="false" />
            <line number="17" hits="2" branch="false" />
            <line number="18" hits="2" branch="false" />
            <line number="19" hits="0" branch="false" />
            <line number="20" hits="2" branch="false" />
            <line number="23" hits="2" branch="false" />
            <line number="24" hits="2" branch="false" />
            <line number="25" hits="2" branch="false" />
            <line number="26" hits="2" branch="false" />
            <line number="30" hits="1" branch="false" />
            <line number="31" hits="1" branch="false" />
            <line number="35" hits="1" branch="false" />
            <line number="37" hits="1" branch="false" />
            <line number="38" hits="1" branch="false" />
            <line number="39" hits="1" branch="false" />
            <line number="41" hits="1" branch="false" />
            <line number="43" hits="1" branch="false" />
            <line number="44" hits="1" branch="false" />
            <line number="48" hits="1" branch="false" />
            <line number="51" hits="1" branch="false" />
            <line number="52" hits="1" branch="false" />
            <line number="53" hits="1" branch="false" />
            <line number="54" hits="2" branch="false" />
            <line number="55" hits="2" branch="false" />
            <line number="58" hits="1" branch="false" />
            <line number="59" hits="1" branch="false" />
            <line number="62" hits="1" branch="false" />
            <line number="63" hits="1" branch="false" />
            <line number="64" hits="1" branch="false" />
            <line number="66" hits="1" branch="false" />
            <line number="67" hits="1" branch="false" />
            <line number="68" hits="1" branch="false" />
            <line number="69" hits="152" branch="false" />
            <line number="70" hits="151" branch="false" />
            <line number="72" hits="151" branch="false" />
            <line number="73" hits="151" branch="false" />
            <line number="75" hits="151" branch="false" />
            <line number="76" hits="185" branch="false" />
            <line number="77" hits="151" branch="false" />
            <line number="78" hits="151" branch="false" />
            <line number="80" hits="1" branch="false" />
            <line number="83" hits="1" branch="false" />
            <line number="84" hits="1" branch="false" />
            <line number="85" hits="1" branch="false" />
            <line number="87" hits="1" branch="false" />
            <line number="88" hits="1" branch="false" />
            <line number="92" hits="2" branch="false" />
            <line number="93" hits="2" branch="false" />
            <line number="94" hits="2" branch="false" />
          </lines>
        </class>
      </classes>
    </package>
  </packages>
</coverage>