TN:
SF:C:/dev/unity/Headcrab Miami/Assets/Scripts/CameraFollow.cs
FN:39,Start()
FN:44,Update()
FN:56,LateUpdate()
FN:125,UpdateJumpingCamera()
FN:153,SetJumping(System.Boolean, System.Single)
FN:170,EnterAimMode()
FN:177,ExitAimMode()
FN:184,GetMouseWorldPosition()
FN:195,SetTarget(UnityEngine.Transform)
FN:9,CameraFollow()
FNDA:5,Start()
FNDA:259,Update()
FNDA:356,LateUpdate()
FNDA:138,UpdateJumpingCamera()
FNDA:10,SetJumping(System.Boolean, System.Single)
FNDA:1,EnterAimMode()
FNDA:1,ExitAimMode()
FNDA:214,GetMouseWorldPosition()
FNDA:3,SetTarget(UnityEngine.Transform)
FNDA:12,CameraFollow()
FNF:10
FNH:10
BRF:0
BRH:0
DA:9,12
DA:12,12
DA:13,12
DA:16,12
DA:17,12
DA:18,12
DA:19,12
DA:22,12
DA:27,12
DA:28,12
DA:39,5
DA:40,5
DA:41,5
DA:44,259
DA:45,259
DA:46,101
DA:48,158
DA:49,0
DA:51,158
DA:52,0
DA:53,259
DA:56,356
DA:57,356
DA:58,4
DA:60,352
DA:61,138
DA:62,138
DA:63,138
DA:66,214
DA:69,214
DA:75,214
DA:76,213
DA:77,213
DA:78,213
DA:80,213
DA:81,213
DA:82,208
DA:84,213
DA:86,213
DA:92,213
DA:94,1
DA:95,1
DA:96,1
DA:98,1
DA:99,1
DA:101,1
DA:103,1
DA:109,1
DA:115,1
DA:121,1
DA:122,356
DA:125,138
DA:126,138
DA:127,138
DA:130,138
DA:133,138
DA:140,138
DA:147,138
DA:148,1
DA:149,138
DA:153,10
DA:154,10
DA:155,10
DA:156,10
DA:158,10
DA:159,4
DA:160,4
DA:161,4
DA:163,4
DA:164,0
DA:165,4
DA:166,10
DA:170,1
DA:171,1
DA:172,1
DA:173,1
DA:174,1
DA:177,1
DA:178,1
DA:179,1
DA:180,1
DA:181,1
DA:184,214
DA:185,214
DA:186,214
DA:188,214
DA:189,209
DA:191,5
DA:192,214
DA:195,3
DA:196,3
DA:197,3
LH:89
LF:92
end_of_record
SF:C:/dev/unity/Headcrab Miami/Assets/Scripts/EnemyController.cs
FN:5,CanBePossessed()
FN:10,OnPossessed()
FN:16,OnReleased()
FN:21,IsPossessed()
FN:7,EnemyController()
FNDA:1,CanBePossessed()
FNDA:10,OnPossessed()
FNDA:6,OnReleased()
FNDA:8,IsPossessed()
FNDA:11,EnemyController()
FNF:5
FNH:5
BRF:0
BRH:0
DA:5,1
DA:7,11
DA:10,10
DA:11,10
DA:12,10
DA:13,10
DA:16,6
DA:17,6
DA:18,6
DA:19,6
DA:21,8
LH:11
LF:11
end_of_record
SF:C:/dev/unity/Headcrab Miami/Assets/Scripts/PlayerController.cs
FN:25,CurrentState()
FN:25,CurrentState(PlayerState)
FN:32,MoveSpeed()
FN:32,MoveSpeed(System.Single)
FN:33,JumpHeight()
FN:33,JumpHeight(System.Single)
FN:34,JumpDuration()
FN:34,JumpDuration(System.Single)
FN:41,StartJumpPublic()
FN:49,StartJumpWithPoints(UnityEngine.Vector3[], System.Single)
FN:77,Start()
FN:89,Update()
FN:113,UpdateNormal()
FN:124,UpdateAiming()
FN:136,UpdateJump()
FN:176,UpdatePossessing()
FN:203,EnterAiming()
FN:204,ExitAiming()
FN:207,StartJump()
FN:220,EndJump()
FN:240,CheckPossessionCollision()
FN:254,PossessEnemy(EnemyController)
FN:277,ReleaseEnemy()
FN:289,HandleMovement()
FN:298,RotateTowardsMouse()
FN:314,CalculateTotalTrajectoryDistance()
FN:325,GetPositionAlongTrajectory(System.Single)
FN:344,StartDismount()
FN:380,EndDismount()
FN:14,PlayerController()
FNDA:1474,CurrentState()
FNDA:1474,CurrentState(PlayerState)
FNDA:1,MoveSpeed()
FNDA:1,MoveSpeed(System.Single)
FNDA:3,JumpHeight()
FNDA:3,JumpHeight(System.Single)
FNDA:8,JumpDuration()
FNDA:8,JumpDuration(System.Single)
FNDA:0,StartJumpPublic()
FNDA:6,StartJumpWithPoints(UnityEngine.Vector3[], System.Single)
FNDA:12,Start()
FNDA:1332,Update()
FNDA:789,UpdateNormal()
FNDA:0,UpdateAiming()
FNDA:542,UpdateJump()
FNDA:1,UpdatePossessing()
FNDA:0,EnterAiming()
FNDA:0,ExitAiming()
FNDA:0,StartJump()
FNDA:10,EndJump()
FNDA:408,CheckPossessionCollision()
FNDA:5,PossessEnemy(EnemyController)
FNDA:1,ReleaseEnemy()
FNDA:790,HandleMovement()
FNDA:790,RotateTowardsMouse()
FNDA:408,CalculateTotalTrajectoryDistance()
FNDA:408,GetPositionAlongTrajectory(System.Single)
FNDA:2,StartDismount()
FNDA:2,EndDismount()
FNDA:18,PlayerController()
FNF:30
FNH:25
BRF:0
BRH:0
DA:14,18
DA:22,18
DA:23,18
DA:25,1474
DA:32,1
DA:33,3
DA:34,8
DA:41,0
DA:42,0
DA:43,0
DA:49,6
DA:50,6
DA:52,6
DA:53,6
DA:55,6
DA:56,0
DA:58,6
DA:59,6
DA:61,6
DA:62,6
DA:63,6
DA:69,18
DA:72,18
DA:73,18
DA:77,12
DA:78,12
DA:79,12
DA:81,12
DA:82,12
DA:84,12
DA:85,12
DA:86,12
DA:89,1332
DA:90,1332
DA:93,789
DA:94,789
DA:97,0
DA:98,0
DA:101,542
DA:102,542
DA:105,1
DA:106,1
DA:108,1332
DA:113,789
DA:114,789
DA:115,789
DA:117,789
DA:118,0
DA:121,789
DA:124,0
DA:125,0
DA:126,0
DA:128,0
DA:129,0
DA:131,0
DA:132,0
DA:133,0
DA:136,542
DA:137,542
DA:138,134
DA:139,134
DA:140,134
DA:143,134
DA:144,134
DA:145,134
DA:147,134
DA:149,134
DA:150,1
DA:151,134
DA:153,408
DA:155,408
DA:156,408
DA:158,408
DA:159,408
DA:161,408
DA:162,408
DA:163,408
DA:165,408
DA:167,408
DA:169,408
DA:170,5
DA:171,408
DA:172,542
DA:176,1
DA:177,1
DA:178,0
DA:179,0
DA:180,0
DA:184,1
DA:185,0
DA:186,0
DA:187,0
DA:189,1
DA:190,1
DA:192,1
DA:193,1
DA:195,1
DA:196,1
DA:197,1
DA:198,1
DA:203,0
DA:204,0
DA:207,0
DA:208,0
DA:209,0
DA:210,0
DA:212,0
DA:213,0
DA:215,0
DA:216,0
DA:217,0
DA:220,10
DA:221,10
DA:222,10
DA:223,10
DA:226,10
DA:227,5
DA:229,10
DA:230,0
DA:232,10
DA:233,2
DA:234,10
DA:235,10
DA:240,408
DA:241,408
DA:242,1224
DA:243,0
DA:244,0
DA:245,0
DA:246,0
DA:247,0
DA:248,0
DA:250,0
DA:251,408
DA:254,5
DA:256,5
DA:259,5
DA:262,5
DA:263,5
DA:266,5
DA:269,5
DA:270,2
DA:271,2
DA:272,2
DA:273,2
DA:274,5
DA:277,1
DA:278,1
DA:279,1
DA:280,1
DA:281,1
DA:282,1
DA:283,1
DA:284,1
DA:289,790
DA:290,790
DA:291,790
DA:293,790
DA:294,790
DA:295,790
DA:298,790
DA:299,790
DA:300,790
DA:302,790
DA:303,166
DA:304,166
DA:305,166
DA:306,166
DA:308,166
DA:309,166
DA:310,166
DA:311,790
DA:314,408
DA:315,408
DA:316,0
DA:318,408
DA:319,1778
DA:320,481
DA:321,408
DA:322,408
DA:325,408
DA:326,408
DA:327,0
DA:329,408
DA:331,898
DA:332,449
DA:333,449
DA:334,449
DA:335,408
DA:337,41
DA:338,41
DA:340,0
DA:341,408
DA:344,2
DA:345,2
DA:348,2
DA:349,2
DA:352,2
DA:353,2
DA:354,0
DA:356,2
DA:359,2
DA:360,2
DA:363,2
DA:366,2
DA:368,2
DA:371,2
DA:372,1
DA:373,1
DA:374,1
DA:375,1
DA:376,2
DA:380,2
DA:381,2
DA:382,2
DA:385,2
DA:387,2
DA:388,0
DA:390,2
DA:391,1
DA:392,2
LH:176
LF:221
end_of_record
SF:C:/dev/unity/Headcrab Miami/Assets/Scripts/TrajectoryPreview.cs
FN:21,Update()
FN:60,CalculateBouncePoints(UnityEngine.Vector3, UnityEngine.Vector3, System.Single)
FN:106,GetTrajectoryEndPoint()
FN:117,GetTrajectoryPoints()
FN:128,SetActive(System.Boolean)
FN:11,TrajectoryPreview()
FNDA:0,Update()
FNDA:0,CalculateBouncePoints(UnityEngine.Vector3, UnityEngine.Vector3, System.Single)
FNDA:0,GetTrajectoryEndPoint()
FNDA:0,GetTrajectoryPoints()
FNDA:0,SetActive(System.Boolean)
FNDA:1,TrajectoryPreview()
FNF:6
FNH:1
BRF:0
BRH:0
DA:11,1
DA:14,1
DA:21,0
DA:23,0
DA:24,0
DA:25,0
DA:26,0
DA:27,0
DA:30,0
DA:31,0
DA:32,0
DA:34,0
DA:35,0
DA:36,0
DA:37,0
DA:38,0
DA:40,0
DA:41,0
DA:43,0
DA:44,0
DA:46,0
DA:47,0
DA:49,0
DA:50,0
DA:51,0
DA:53,0
DA:54,0
DA:55,0
DA:56,0
DA:60,0
DA:61,0
DA:62,0
DA:64,0
DA:65,0
DA:66,0
DA:68,0
DA:70,0
DA:71,0
DA:72,0
DA:73,0
DA:74,0
DA:75,0
DA:78,0
DA:80,0
DA:82,0
DA:83,0
DA:84,0
DA:86,0
DA:88,0
DA:89,0
DA:91,0
DA:94,0
DA:95,0
DA:96,0
DA:97,0
DA:99,0
DA:100,0
DA:106,0
DA:107,0
DA:108,0
DA:110,0
DA:111,0
DA:117,0
DA:118,0
DA:119,0
DA:121,0
DA:122,0
DA:128,0
DA:129,0
DA:130,0
LH:2
LF:70
end_of_record
SF:C:/dev/unity/Headcrab Miami/Assets/TutorialInfo/Scripts/Editor/ReadmeEditor.cs
FN:25,RemoveTutorial()
FN:55,SelectReadmeAutomatically()
FN:70,LoadLayout()
FN:78,SelectReadme()
FN:96,OnHeaderGUI()
FN:124,OnInspectorGUI()
FN:161,LinkStyle()
FN:169,TitleStyle()
FN:177,HeadingStyle()
FN:185,BodyStyle()
FN:193,ButtonStyle()
FN:200,Init()
FN:229,LinkLabel(UnityEngine.GUIContent, UnityEngine.GUILayoutOption[])
FN:13,ReadmeEditor()
FNDA:0,RemoveTutorial()
FNDA:1,SelectReadmeAutomatically()
FNDA:0,LoadLayout()
FNDA:0,SelectReadme()
FNDA:0,OnHeaderGUI()
FNDA:0,OnInspectorGUI()
FNDA:0,LinkStyle()
FNDA:0,TitleStyle()
FNDA:0,HeadingStyle()
FNDA:0,BodyStyle()
FNDA:0,ButtonStyle()
FNDA:0,Init()
FNDA:0,LinkLabel(UnityEngine.GUIContent, UnityEngine.GUILayoutOption[])
FNDA:0,ReadmeEditor()
FNF:14
FNH:1
BRF:0
BRH:0
DA:13,0
DA:15,0
DA:20,0
DA:21,0
DA:22,0
DA:25,0
DA:26,0
DA:31,0
DA:32,0
DA:33,0
DA:34,0
DA:35,0
DA:36,0
DA:38,0
DA:39,0
DA:40,0
DA:42,0
DA:43,0
DA:44,0
DA:45,0
DA:46,0
DA:47,0
DA:48,0
DA:50,0
DA:51,0
DA:52,0
DA:55,1
DA:56,1
DA:57,0
DA:58,0
DA:59,0
DA:61,0
DA:62,0
DA:63,0
DA:64,0
DA:65,0
DA:66,0
DA:67,1
DA:70,0
DA:71,0
DA:72,0
DA:73,0
DA:74,0
DA:75,0
DA:78,0
DA:79,0
DA:80,0
DA:81,0
DA:82,0
DA:84,0
DA:86,0
DA:89,0
DA:90,0
DA:91,0
DA:93,0
DA:96,0
DA:97,0
DA:98,0
DA:100,0
DA:102,0
DA:103,0
DA:104,0
DA:105,0
DA:106,0
DA:107,0
DA:108,0
DA:109,0
DA:110,0
DA:111,0
DA:113,0
DA:114,0
DA:115,0
DA:116,0
DA:117,0
DA:118,0
DA:119,0
DA:120,0
DA:121,0
DA:124,0
DA:125,0
DA:126,0
DA:128,0
DA:129,0
DA:130,0
DA:131,0
DA:132,0
DA:133,0
DA:135,0
DA:136,0
DA:137,0
DA:138,0
DA:140,0
DA:141,0
DA:142,0
DA:143,0
DA:144,0
DA:145,0
DA:146,0
DA:148,0
DA:149,0
DA:151,0
DA:152,0
DA:153,0
DA:154,0
DA:155,0
DA:161,0
DA:169,0
DA:177,0
DA:185,0
DA:193,0
DA:200,0
DA:201,0
DA:202,0
DA:203,0
DA:204,0
DA:205,0
DA:206,0
DA:208,0
DA:209,0
DA:211,0
DA:212,0
DA:213,0
DA:215,0
DA:216,0
DA:219,0
DA:220,0
DA:222,0
DA:223,0
DA:225,0
DA:226,0
DA:229,0
DA:230,0
DA:232,0
DA:233,0
DA:234,0
DA:235,0
DA:236,0
DA:238,0
DA:240,0
DA:241,0
LH:3
LF:140
end_of_record
SF:C:/dev/unity/Headcrab Miami/Assets/Tests/PlayModeTests/CameraFollowPlayTests.cs
FN:21,Setup()
FN:56,Teardown()
FN:109,SetJumping_ActivatesJumpMode()
FN:199,SetJumping_DeactivatesJumpMode()
FN:235,CameraBaseHeight_IsCorrect()
FN:257,AimMode_TogglesCorrectly()
FN:69,CameraFollows_TargetInNormalMode()
FN:143,JumpingCamera_DescendsWhileFollowing()
FNDA:6,Setup()
FNDA:6,Teardown()
FNDA:1,SetJumping_ActivatesJumpMode()
FNDA:1,SetJumping_DeactivatesJumpMode()
FNDA:1,CameraBaseHeight_IsCorrect()
FNDA:1,AimMode_TogglesCorrectly()
FNDA:1,CameraFollows_TargetInNormalMode()
FNDA:1,JumpingCamera_DescendsWhileFollowing()
FNF:8
FNH:8
BRF:0
BRH:0
DA:21,6
DA:23,6
DA:24,6
DA:25,6
DA:27,6
DA:28,6
DA:29,0
DA:31,6
DA:34,6
DA:35,6
DA:38,6
DA:41,6
DA:44,6
DA:45,6
DA:46,6
DA:47,6
DA:48,0
DA:49,0
DA:50,0
DA:51,0
DA:52,6
DA:56,6
DA:57,6
DA:58,6
DA:59,6
DA:60,0
DA:61,6
DA:69,1
DA:70,1
DA:71,1
DA:74,1
DA:77,1
DA:80,1
DA:81,0
DA:82,0
DA:83,0
DA:86,22
DA:87,10
DA:88,10
DA:89,10
DA:90,10
DA:92,1
DA:96,1
DA:97,1
DA:99,1
DA:101,1
DA:109,1
DA:110,1
DA:113,1
DA:114,0
DA:115,0
DA:116,0
DA:120,1
DA:123,1
DA:126,1
DA:127,1
DA:128,1
DA:129,1
DA:130,1
DA:132,0
DA:133,0
DA:134,0
DA:135,1
DA:143,1
DA:144,1
DA:147,1
DA:150,1
DA:153,1
DA:154,0
DA:155,0
DA:156,0
DA:159,1
DA:161,1
DA:162,1
DA:165,1
DA:168,1
DA:169,0
DA:170,0
DA:171,0
DA:174,1
DA:175,88
DA:176,87
DA:177,87
DA:178,87
DA:179,87
DA:180,87
DA:182,1
DA:185,1
DA:188,1
DA:189,1
DA:190,1
DA:191,1
DA:199,1
DA:200,1
DA:203,1
DA:204,0
DA:205,0
DA:206,0
DA:210,1
DA:213,1
DA:215,1
DA:218,1
DA:219,1
DA:220,1
DA:221,1
DA:222,1
DA:224,0
DA:225,0
DA:226,0
DA:227,1
DA:235,1
DA:236,1
DA:239,1
DA:240,0
DA:241,0
DA:242,0
DA:245,1
DA:246,1
DA:248,1
DA:249,1
DA:257,1
DA:258,1
DA:261,1
DA:262,0
DA:263,0
DA:264,0
DA:267,1
DA:269,1
DA:272,1
DA:273,0
DA:274,0
DA:275,0
DA:279,1
DA:280,1
DA:282,1
DA:283,1
DA:286,1
DA:287,1
DA:289,1
DA:290,1
DA:291,1
LH:105
LF:141
end_of_record
SF:C:/dev/unity/Headcrab Miami/Assets/Tests/PlayModeTests/EnemyControllerPlayTests.cs
FN:18,Setup()
FN:32,Teardown()
FN:42,OnPossessed_SetsPossessedTrue()
FN:77,OnReleased_SetsPossessedFalse()
FN:116,IsPossessed_TogglesCorrectly()
FN:157,CanBePossessed_ReturnsTrueForNewEnemy()
FN:176,PossessionCycle_WorksCorrectly()
FNDA:5,Setup()
FNDA:5,Teardown()
FNDA:1,OnPossessed_SetsPossessedTrue()
FNDA:1,OnReleased_SetsPossessedFalse()
FNDA:1,IsPossessed_TogglesCorrectly()
FNDA:1,CanBePossessed_ReturnsTrueForNewEnemy()
FNDA:1,PossessionCycle_WorksCorrectly()
FNF:7
FNH:7
BRF:0
BRH:0
DA:18,5
DA:20,5
DA:23,5
DA:24,5
DA:25,0
DA:27,5
DA:28,5
DA:32,5
DA:33,5
DA:34,5
DA:42,1
DA:44,1
DA:45,1
DA:46,0
DA:47,0
DA:48,0
DA:51,1
DA:52,1
DA:55,1
DA:58,1
DA:59,1
DA:60,1
DA:62,1
DA:63,1
DA:64,1
DA:66,0
DA:67,0
DA:68,0
DA:69,1
DA:77,1
DA:78,1
DA:79,1
DA:80,0
DA:81,0
DA:82,0
DA:86,1
DA:88,1
DA:89,1
DA:90,1
DA:91,1
DA:94,1
DA:97,1
DA:98,1
DA:99,1
DA:101,1
DA:102,1
DA:103,1
DA:105,0
DA:106,0
DA:107,0
DA:108,1
DA:116,1
DA:117,1
DA:118,1
DA:119,0
DA:120,0
DA:121,0
DA:124,1
DA:126,1
DA:129,1
DA:130,0
DA:131,0
DA:132,0
DA:136,1
DA:137,1
DA:138,1
DA:141,1
DA:142,1
DA:143,1
DA:146,1
DA:147,1
DA:148,1
DA:149,1
DA:157,1
DA:158,1
DA:159,1
DA:160,0
DA:161,0
DA:162,0
DA:165,1
DA:166,1
DA:167,1
DA:168,1
DA:176,1
DA:177,1
DA:178,1
DA:179,0
DA:180,0
DA:181,0
DA:184,1
DA:186,1
DA:189,1
DA:190,0
DA:191,0
DA:192,0
DA:196,1
DA:197,1
DA:199,1
DA:200,1
DA:203,1
DA:206,1
DA:207,1
DA:209,1
DA:210,1
DA:211,1
LH:77
LF:105
end_of_record
SF:C:/dev/unity/Headcrab Miami/Assets/Tests/PlayModeTests/PlayerControllerJumpPlayTests.cs
FN:19,Setup()
FN:37,Teardown()
FN:146,JumpState_ChangesToJumping()
FN:215,JumpDuration_ControlsTiming()
FN:173,JumpHeight_AffectsArcHeight()
FN:48,Jump_ExecutesParabolicArc()
FN:106,Jump_FollowsMultiPointTrajectory()
FNDA:5,Setup()
FNDA:5,Teardown()
FNDA:1,JumpState_ChangesToJumping()
FNDA:1,JumpDuration_ControlsTiming()
FNDA:1,JumpHeight_AffectsArcHeight()
FNDA:1,Jump_ExecutesParabolicArc()
FNDA:1,Jump_FollowsMultiPointTrajectory()
FNF:7
FNH:7
BRF:0
BRH:0
DA:19,5
DA:21,5
DA:24,5
DA:25,5
DA:26,0
DA:27,5
DA:30,5
DA:31,5
DA:32,5
DA:33,5
DA:37,5
DA:38,5
DA:39,5
DA:40,5
DA:48,1
DA:49,1
DA:50,1
DA:53,1
DA:54,1
DA:55,1
DA:57,2
DA:58,2
DA:61,1
DA:62,1
DA:63,1
DA:66,1
DA:67,1
DA:68,1
DA:70,1
DA:73,80
DA:74,79
DA:75,79
DA:76,79
DA:78,79
DA:81,97
DA:84,79
DA:85,1
DA:87,79
DA:88,79
DA:90,1
DA:93,1
DA:94,1
DA:95,1
DA:96,1
DA:97,1
DA:98,1
DA:106,1
DA:107,1
DA:108,1
DA:109,1
DA:112,1
DA:115,1
DA:116,1
DA:117,2
DA:119,1
DA:120,1
DA:122,1
DA:123,1
DA:126,85
DA:127,84
DA:128,84
DA:129,84
DA:130,84
DA:131,84
DA:133,1
DA:136,1
DA:137,1
DA:138,1
DA:146,1
DA:147,1
DA:148,1
DA:151,1
DA:152,1
DA:153,1
DA:156,1
DA:157,1
DA:159,1
DA:160,1
DA:161,0
DA:162,1
DA:164,1
DA:165,1
DA:173,1
DA:174,1
DA:175,1
DA:178,1
DA:179,1
DA:180,2
DA:182,1
DA:183,2
DA:186,1
DA:187,1
DA:189,1
DA:190,1
DA:191,1
DA:194,111
DA:195,110
DA:196,110
DA:197,110
DA:199,110
DA:200,132
DA:202,110
DA:203,110
DA:205,1
DA:206,1
DA:207,1
DA:215,1
DA:216,1
DA:217,1
DA:218,1
DA:221,1
DA:222,1
DA:223,2
DA:225,1
DA:226,1
DA:229,1
DA:230,1
DA:231,1
DA:233,1
DA:234,1
DA:235,1
DA:236,0
DA:237,1
DA:238,1
DA:240,79
DA:241,78
DA:242,78
DA:243,78
DA:245,78
DA:246,1
DA:248,78
DA:249,78
DA:250,78
DA:254,1
DA:255,1
DA:256,1
LH:133
LF:136
end_of_record
SF:C:/dev/unity/Headcrab Miami/Assets/Tests/PlayModeTests/PlayerControllerMovementPlayTests.cs
FN:19,Setup()
FN:37,Teardown()
FN:109,PlayerState_StartsAsNormal()
FN:68,PlayerMovesForward_WhenPressingW()
FN:88,PlayerMovesOnly_OnXZPlane()
FN:48,PlayerMovesRight_WhenMovingHorizontally()
FN:128,PlayerRotates_TowardsMousePosition()
FNDA:5,Setup()
FNDA:5,Teardown()
FNDA:1,PlayerState_StartsAsNormal()
FNDA:1,PlayerMovesForward_WhenPressingW()
FNDA:1,PlayerMovesOnly_OnXZPlane()
FNDA:1,PlayerMovesRight_WhenMovingHorizontally()
FNDA:1,PlayerRotates_TowardsMousePosition()
FNF:7
FNH:7
BRF:0
BRH:0
DA:19,5
DA:21,5
DA:24,5
DA:25,5
DA:26,0
DA:27,5
DA:30,5
DA:31,5
DA:32,5
DA:33,5
DA:37,5
DA:38,5
DA:39,5
DA:40,5
DA:48,1
DA:49,1
DA:52,1
DA:53,1
DA:54,1
DA:56,1
DA:58,1
DA:59,1
DA:60,1
DA:68,1
DA:69,1
DA:72,1
DA:73,1
DA:74,1
DA:76,1
DA:78,1
DA:79,1
DA:80,1
DA:88,1
DA:89,1
DA:90,1
DA:93,1
DA:94,1
DA:95,1
DA:97,1
DA:99,1
DA:100,1
DA:101,1
DA:109,1
DA:110,1
DA:111,1
DA:113,1
DA:114,1
DA:115,0
DA:117,1
DA:119,1
DA:120,1
DA:128,1
DA:130,1
DA:131,1
DA:133,1
DA:136,1
DA:138,1
DA:140,1
DA:141,1
LH:57
LF:59
end_of_record
SF:C:/dev/unity/Headcrab Miami/Assets/Tests/PlayModeTests/PlayerControllerPossessionPlayTests.cs
FN:24,Setup()
FN:56,Teardown()
FN:68,PlayerState_ChangesToPossessing_OnEnemyCollision()
FN:134,ReleaseEnemy_ReturnsStateToNormal()
FN:228,EndDismount_ReturnsStateToNormal()
FN:169,Dismount_ExecutesParabolicJump()
FN:101,PlayerPosition_AdjustedOnPossession()
FNDA:5,Setup()
FNDA:5,Teardown()
FNDA:1,PlayerState_ChangesToPossessing_OnEnemyCollision()
FNDA:1,ReleaseEnemy_ReturnsStateToNormal()
FNDA:1,EndDismount_ReturnsStateToNormal()
FNDA:1,Dismount_ExecutesParabolicJump()
FNDA:1,PlayerPosition_AdjustedOnPossession()
FNF:7
FNH:7
BRF:0
BRH:0
DA:24,5
DA:26,5
DA:27,5
DA:28,5
DA:29,0
DA:30,5
DA:33,5
DA:34,5
DA:36,5
DA:37,5
DA:38,0
DA:39,5
DA:42,5
DA:43,5
DA:44,5
DA:47,5
DA:48,5
DA:49,0
DA:50,5
DA:51,5
DA:52,5
DA:56,5
DA:57,5
DA:58,5
DA:59,5
DA:60,5
DA:68,1
DA:69,1
DA:70,1
DA:71,0
DA:72,1
DA:75,1
DA:78,1
DA:79,1
DA:81,1
DA:84,1
DA:85,1
DA:87,1
DA:88,1
DA:90,0
DA:91,0
DA:92,0
DA:93,1
DA:101,1
DA:102,1
DA:103,1
DA:106,1
DA:109,1
DA:110,1
DA:111,1
DA:113,1
DA:115,1
DA:118,1
DA:119,1
DA:120,1
DA:121,1
DA:123,0
DA:124,0
DA:125,0
DA:126,1
DA:134,1
DA:135,1
DA:136,1
DA:137,0
DA:138,1
DA:141,1
DA:143,1
DA:144,1
DA:145,1
DA:148,1
DA:149,1
DA:152,1
DA:153,1
DA:155,1
DA:156,1
DA:158,0
DA:159,0
DA:160,0
DA:161,1
DA:169,1
DA:171,1
DA:174,1
DA:175,0
DA:176,0
DA:177,0
DA:180,1
DA:182,1
DA:185,1
DA:188,1
DA:189,0
DA:190,0
DA:191,0
DA:194,1
DA:197,1
DA:198,1
DA:199,1
DA:202,1
DA:203,1
DA:205,150
DA:206,149
DA:207,149
DA:208,149
DA:210,149
DA:211,177
DA:213,149
DA:214,149
DA:217,1
DA:218,1
DA:220,1
DA:228,1
DA:229,1
DA:230,1
DA:231,0
DA:232,1
DA:235,1
DA:238,1
DA:239,0
DA:240,0
DA:241,0
DA:244,1
DA:246,1
DA:249,1
DA:250,0
DA:251,0
DA:252,0
DA:255,1
DA:258,1
DA:261,1
DA:262,1
DA:263,1
DA:266,1
DA:267,1
DA:269,1
DA:270,1
DA:272,0
DA:273,0
DA:274,0
DA:275,1
LH:108
LF:138
end_of_record
SF:C:/dev/unity/Headcrab Miami/Assets/Tests/PlayModeTests/PlayerMovementTests.cs
FN:13,Setup()
FN:92,Teardown()
FN:48,PlayerJumpFollowsTrajectory()
FN:30,PlayerMovesForward_WhenPressingW()
FNDA:2,Setup()
FNDA:2,Teardown()
FNDA:1,PlayerJumpFollowsTrajectory()
FNDA:1,PlayerMovesForward_WhenPressingW()
FNF:4
FNH:4
BRF:0
BRH:0
DA:13,2
DA:15,2
DA:17,2
DA:18,2
DA:19,0
DA:20,2
DA:23,2
DA:24,2
DA:25,2
DA:26,2
DA:30,1
DA:31,1
DA:35,1
DA:37,1
DA:38,1
DA:39,1
DA:41,1
DA:43,1
DA:44,1
DA:48,1
DA:51,1
DA:52,1
DA:53,1
DA:54,2
DA:55,2
DA:58,1
DA:59,1
DA:62,1
DA:63,1
DA:64,1
DA:66,1
DA:67,1
DA:68,1
DA:69,152
DA:70,151
DA:72,151
DA:73,151
DA:75,151
DA:76,185
DA:77,151
DA:78,151
DA:80,1
DA:83,1
DA:84,1
DA:85,1
DA:87,1
DA:88,1
DA:92,2
DA:93,2
DA:94,2
LH:49
LF:50
end_of_record
